# JRE version: OpenJDK Runtime Environment Temurin-17.0.12+7 (17.0.12+7) (build 17.0.12+7)
# Java VM: OpenJDK 64-Bit Server VM Temurin-17.0.12+7 (17.0.12+7, mixed mode, tiered, compressed oops, compressed class ptrs, parallel gc, windows-amd64)
GC Precious Log:
 CPUs: 8 total, 8 available
 Memory: 3317M
 Large Page Support: Disabled
 NUMA Support: Disabled
 Compressed Oops: Enabled (32-bit)
 Alignments: Space 512K, Generation 512K, Heap 2M
 Heap Min Capacity: 100M
 Heap Initial Capacity: 100M
 Heap Max Capacity: 1G
 Pre-touch: Disabled
 Parallel Workers: 8
Heap:
 PSYoungGen      total 20480K, used 18918K [0x00000000eab00000, 0x00000000ec600000, 0x0000000100000000)
  eden space 14336K, 92% used [0x00000000eab00000,0x00000000eb7f1a38,0x00000000eb900000)
  from space 6144K, 92% used [0x00000000ec000000,0x00000000ec588140,0x00000000ec600000)
  to   space 6144K, 0% used [0x00000000eba00000,0x00000000eba00000,0x00000000ec000000)
 ParOldGen       total 332288K, used 268625K [0x00000000c0000000, 0x00000000d4480000, 0x00000000eab00000)
  object space 332288K, 80% used [0x00000000c0000000,0x00000000d0654530,0x00000000d4480000)
 Metaspace       used 88072K, committed 89472K, reserved 1179648K
  class space    used 9131K, committed 9792K, reserved 1048576K
GC Heap History (20 events):
Event: 460.616 GC heap before
{Heap before GC invocations=258 (full 9):
 PSYoungGen      total 23040K, used 22761K [0x00000000eab00000, 0x00000000ec980000, 0x0000000100000000)
  eden space 15872K, 100% used [0x00000000eab00000,0x00000000eba80000,0x00000000eba80000)
  from space 7168K, 96% used [0x00000000ec280000,0x00000000ec93a618,0x00000000ec980000)
  to   space 7680K, 0% used [0x00000000eba80000,0x00000000eba80000,0x00000000ec200000)
 ParOldGen       total 332288K, used 262994K [0x00000000c0000000, 0x00000000d4480000, 0x00000000eab00000)
  object space 332288K, 79% used [0x00000000c0000000,0x00000000d00d4ba0,0x00000000d4480000)
 Metaspace       used 87740K, committed 89088K, reserved 1179648K
  class space    used 9107K, committed 9728K, reserved 1048576K
}
Event: 460.630 GC heap after
{Heap after GC invocations=258 (full 9):
 PSYoungGen      total 23552K, used 7321K [0x00000000eab00000, 0x00000000ec980000, 0x0000000100000000)
  eden space 15872K, 0% used [0x00000000eab00000,0x00000000eab00000,0x00000000eba80000)
  from space 7680K, 95% used [0x00000000eba80000,0x00000000ec1a6648,0x00000000ec200000)
  to   space 7680K, 0% used [0x00000000ec200000,0x00000000ec200000,0x00000000ec980000)
 ParOldGen       total 332288K, used 263578K [0x00000000c0000000, 0x00000000d4480000, 0x00000000eab00000)
  object space 332288K, 79% used [0x00000000c0000000,0x00000000d0166ba0,0x00000000d4480000)
 Metaspace       used 87740K, committed 89088K, reserved 1179648K
  class space    used 9107K, committed 9728K, reserved 1048576K
}
Event: 464.602 GC heap before
{Heap before GC invocations=259 (full 9):
 PSYoungGen      total 23552K, used 23193K [0x00000000eab00000, 0x00000000ec980000, 0x0000000100000000)
  eden space 15872K, 99% used [0x00000000eab00000,0x00000000eba7ffe8,0x00000000eba80000)
  from space 7680K, 95% used [0x00000000eba80000,0x00000000ec1a6648,0x00000000ec200000)
  to   space 7680K, 0% used [0x00000000ec200000,0x00000000ec200000,0x00000000ec980000)
 ParOldGen       total 332288K, used 263578K [0x00000000c0000000, 0x00000000d4480000, 0x00000000eab00000)
  object space 332288K, 79% used [0x00000000c0000000,0x00000000d0166ba0,0x00000000d4480000)
 Metaspace       used 87750K, committed 89088K, reserved 1179648K
  class space    used 9107K, committed 9728K, reserved 1048576K
}
Event: 464.633 GC heap after
{Heap after GC invocations=259 (full 9):
 PSYoungGen      total 22016K, used 5993K [0x00000000eab00000, 0x00000000ec800000, 0x0000000100000000)
  eden space 15872K, 0% used [0x00000000eab00000,0x00000000eab00000,0x00000000eba80000)
  from space 6144K, 97% used [0x00000000ec200000,0x00000000ec7da5f8,0x00000000ec800000)
  to   space 6656K, 0% used [0x00000000ebb00000,0x00000000ebb00000,0x00000000ec180000)
 ParOldGen       total 332288K, used 264018K [0x00000000c0000000, 0x00000000d4480000, 0x00000000eab00000)
  object space 332288K, 79% used [0x00000000c0000000,0x00000000d01d4bc0,0x00000000d4480000)
 Metaspace       used 87750K, committed 89088K, reserved 1179648K
  class space    used 9107K, committed 9728K, reserved 1048576K
}
Event: 465.191 GC heap before
{Heap before GC invocations=260 (full 9):
 PSYoungGen      total 22016K, used 21865K [0x00000000eab00000, 0x00000000ec800000, 0x0000000100000000)
  eden space 15872K, 100% used [0x00000000eab00000,0x00000000eba80000,0x00000000eba80000)
  from space 6144K, 97% used [0x00000000ec200000,0x00000000ec7da5f8,0x00000000ec800000)
  to   space 6656K, 0% used [0x00000000ebb00000,0x00000000ebb00000,0x00000000ec180000)
 ParOldGen       total 332288K, used 264018K [0x00000000c0000000, 0x00000000d4480000, 0x00000000eab00000)
  object space 332288K, 79% used [0x00000000c0000000,0x00000000d01d4bc0,0x00000000d4480000)
 Metaspace       used 87751K, committed 89088K, reserved 1179648K
  class space    used 9107K, committed 9728K, reserved 1048576K
}
Event: 465.200 GC heap after
{Heap after GC invocations=260 (full 9):
 PSYoungGen      total 22016K, used 5993K [0x00000000eab00000, 0x00000000ec680000, 0x0000000100000000)
  eden space 15872K, 0% used [0x00000000eab00000,0x00000000eab00000,0x00000000eba80000)
  from space 6144K, 97% used [0x00000000ebb00000,0x00000000ec0da5d8,0x00000000ec100000)
  to   space 5632K, 0% used [0x00000000ec100000,0x00000000ec100000,0x00000000ec680000)
 ParOldGen       total 332288K, used 264162K [0x00000000c0000000, 0x00000000d4480000, 0x00000000eab00000)
  object space 332288K, 79% used [0x00000000c0000000,0x00000000d01f8bc0,0x00000000d4480000)
 Metaspace       used 87751K, committed 89088K, reserved 1179648K
  class space    used 9107K, committed 9728K, reserved 1048576K
}
Event: 465.769 GC heap before
{Heap before GC invocations=261 (full 9):
 PSYoungGen      total 22016K, used 21865K [0x00000000eab00000, 0x00000000ec680000, 0x0000000100000000)
  eden space 15872K, 100% used [0x00000000eab00000,0x00000000eba80000,0x00000000eba80000)
  from space 6144K, 97% used [0x00000000ebb00000,0x00000000ec0da5d8,0x00000000ec100000)
  to   space 5632K, 0% used [0x00000000ec100000,0x00000000ec100000,0x00000000ec680000)
 ParOldGen       total 332288K, used 264162K [0x00000000c0000000, 0x00000000d4480000, 0x00000000eab00000)
  object space 332288K, 79% used [0x00000000c0000000,0x00000000d01f8bc0,0x00000000d4480000)
 Metaspace       used 87762K, committed 89088K, reserved 1179648K
  class space    used 9107K, committed 9728K, reserved 1048576K
}
Event: 465.784 GC heap after
{Heap after GC invocations=261 (full 9):
 PSYoungGen      total 21504K, used 5609K [0x00000000eab00000, 0x00000000ec780000, 0x0000000100000000)
  eden space 15872K, 0% used [0x00000000eab00000,0x00000000eab00000,0x00000000eba80000)
  from space 5632K, 99% used [0x00000000ec100000,0x00000000ec67a5d8,0x00000000ec680000)
  to   space 6656K, 0% used [0x00000000eba80000,0x00000000eba80000,0x00000000ec100000)
 ParOldGen       total 332288K, used 264853K [0x00000000c0000000, 0x00000000d4480000, 0x00000000eab00000)
  object space 332288K, 79% used [0x00000000c0000000,0x00000000d02a5520,0x00000000d4480000)
 Metaspace       used 87762K, committed 89088K, reserved 1179648K
  class space    used 9107K, committed 9728K, reserved 1048576K
}
Event: 466.522 GC heap before
{Heap before GC invocations=262 (full 9):
 PSYoungGen      total 21504K, used 21481K [0x00000000eab00000, 0x00000000ec780000, 0x0000000100000000)
  eden space 15872K, 100% used [0x00000000eab00000,0x00000000eba80000,0x00000000eba80000)
  from space 5632K, 99% used [0x00000000ec100000,0x00000000ec67a5d8,0x00000000ec680000)
  to   space 6656K, 0% used [0x00000000eba80000,0x00000000eba80000,0x00000000ec100000)
 ParOldGen       total 332288K, used 264853K [0x00000000c0000000, 0x00000000d4480000, 0x00000000eab00000)
  object space 332288K, 79% used [0x00000000c0000000,0x00000000d02a5520,0x00000000d4480000)
 Metaspace       used 87765K, committed 89088K, reserved 1179648K
  class space    used 9107K, committed 9728K, reserved 1048576K
}
Event: 466.538 GC heap after
{Heap after GC invocations=262 (full 9):
 PSYoungGen      total 20480K, used 4528K [0x00000000eab00000, 0x00000000ec580000, 0x0000000100000000)
  eden space 15872K, 0% used [0x00000000eab00000,0x00000000eab00000,0x00000000eba80000)
  from space 4608K, 98% used [0x00000000eba80000,0x00000000ebeec0d0,0x00000000ebf00000)
  to   space 5632K, 0% used [0x00000000ec000000,0x00000000ec000000,0x00000000ec580000)
 ParOldGen       total 332288K, used 266405K [0x00000000c0000000, 0x00000000d4480000, 0x00000000eab00000)
  object space 332288K, 80% used [0x00000000c0000000,0x00000000d04295d0,0x00000000d4480000)
 Metaspace       used 87765K, committed 89088K, reserved 1179648K
  class space    used 9107K, committed 9728K, reserved 1048576K
}
Event: 470.870 GC heap before
{Heap before GC invocations=263 (full 9):
 PSYoungGen      total 20480K, used 20400K [0x00000000eab00000, 0x00000000ec580000, 0x0000000100000000)
  eden space 15872K, 100% used [0x00000000eab00000,0x00000000eba80000,0x00000000eba80000)
  from space 4608K, 98% used [0x00000000eba80000,0x00000000ebeec0d0,0x00000000ebf00000)
  to   space 5632K, 0% used [0x00000000ec000000,0x00000000ec000000,0x00000000ec580000)
 ParOldGen       total 332288K, used 266405K [0x00000000c0000000, 0x00000000d4480000, 0x00000000eab00000)
  object space 332288K, 80% used [0x00000000c0000000,0x00000000d04295d0,0x00000000d4480000)
 Metaspace       used 87767K, committed 89088K, reserved 1179648K
  class space    used 9107K, committed 9728K, reserved 1048576K
}
Event: 470.883 GC heap after
{Heap after GC invocations=263 (full 9):
 PSYoungGen      total 20480K, used 4496K [0x00000000eab00000, 0x00000000ec480000, 0x0000000100000000)
  eden space 15872K, 0% used [0x00000000eab00000,0x00000000eab00000,0x00000000eba80000)
  from space 4608K, 97% used [0x00000000ec000000,0x00000000ec4640d0,0x00000000ec480000)
  to   space 5120K, 0% used [0x00000000eba80000,0x00000000eba80000,0x00000000ebf80000)
 ParOldGen       total 332288K, used 266405K [0x00000000c0000000, 0x00000000d4480000, 0x00000000eab00000)
  object space 332288K, 80% used [0x00000000c0000000,0x00000000d04295d0,0x00000000d4480000)
 Metaspace       used 87767K, committed 89088K, reserved 1179648K
  class space    used 9107K, committed 9728K, reserved 1048576K
}
Event: 471.685 GC heap before
{Heap before GC invocations=264 (full 9):
 PSYoungGen      total 20480K, used 20368K [0x00000000eab00000, 0x00000000ec480000, 0x0000000100000000)
  eden space 15872K, 100% used [0x00000000eab00000,0x00000000eba80000,0x00000000eba80000)
  from space 4608K, 97% used [0x00000000ec000000,0x00000000ec4640d0,0x00000000ec480000)
  to   space 5120K, 0% used [0x00000000eba80000,0x00000000eba80000,0x00000000ebf80000)
 ParOldGen       total 332288K, used 266405K [0x00000000c0000000, 0x00000000d4480000, 0x00000000eab00000)
  object space 332288K, 80% used [0x00000000c0000000,0x00000000d04295d0,0x00000000d4480000)
 Metaspace       used 87768K, committed 89088K, reserved 1179648K
  class space    used 9107K, committed 9728K, reserved 1048576K
}
Event: 471.694 GC heap after
{Heap after GC invocations=264 (full 9):
 PSYoungGen      total 20992K, used 5104K [0x00000000eab00000, 0x00000000ec580000, 0x0000000100000000)
  eden space 15872K, 0% used [0x00000000eab00000,0x00000000eab00000,0x00000000eba80000)
  from space 5120K, 99% used [0x00000000eba80000,0x00000000ebf7c130,0x00000000ebf80000)
  to   space 5632K, 0% used [0x00000000ec000000,0x00000000ec000000,0x00000000ec580000)
 ParOldGen       total 332288K, used 266661K [0x00000000c0000000, 0x00000000d4480000, 0x00000000eab00000)
  object space 332288K, 80% used [0x00000000c0000000,0x00000000d04695d0,0x00000000d4480000)
 Metaspace       used 87768K, committed 89088K, reserved 1179648K
  class space    used 9107K, committed 9728K, reserved 1048576K
}
Event: 472.259 GC heap before
{Heap before GC invocations=265 (full 9):
 PSYoungGen      total 20992K, used 20976K [0x00000000eab00000, 0x00000000ec580000, 0x0000000100000000)
  eden space 15872K, 100% used [0x00000000eab00000,0x00000000eba80000,0x00000000eba80000)
  from space 5120K, 99% used [0x00000000eba80000,0x00000000ebf7c130,0x00000000ebf80000)
  to   space 5632K, 0% used [0x00000000ec000000,0x00000000ec000000,0x00000000ec580000)
 ParOldGen       total 332288K, used 266661K [0x00000000c0000000, 0x00000000d4480000, 0x00000000eab00000)
  object space 332288K, 80% used [0x00000000c0000000,0x00000000d04695d0,0x00000000d4480000)
 Metaspace       used 87780K, committed 89088K, reserved 1179648K
  class space    used 9107K, committed 9728K, reserved 1048576K
}
Event: 472.293 GC heap after
{Heap after GC invocations=265 (full 9):
 PSYoungGen      total 19968K, used 5616K [0x00000000eab00000, 0x00000000ec880000, 0x0000000100000000)
  eden space 14336K, 0% used [0x00000000eab00000,0x00000000eab00000,0x00000000eb900000)
  from space 5632K, 99% used [0x00000000ec000000,0x00000000ec57c130,0x00000000ec580000)
  to   space 7168K, 0% used [0x00000000eb900000,0x00000000eb900000,0x00000000ec000000)
 ParOldGen       total 332288K, used 267700K [0x00000000c0000000, 0x00000000d4480000, 0x00000000eab00000)
  object space 332288K, 80% used [0x00000000c0000000,0x00000000d056d070,0x00000000d4480000)
 Metaspace       used 87780K, committed 89088K, reserved 1179648K
  class space    used 9107K, committed 9728K, reserved 1048576K
}
Event: 519.424 GC heap before
{Heap before GC invocations=266 (full 9):
 PSYoungGen      total 19968K, used 19952K [0x00000000eab00000, 0x00000000ec880000, 0x0000000100000000)
  eden space 14336K, 100% used [0x00000000eab00000,0x00000000eb900000,0x00000000eb900000)
  from space 5632K, 99% used [0x00000000ec000000,0x00000000ec57c130,0x00000000ec580000)
  to   space 7168K, 0% used [0x00000000eb900000,0x00000000eb900000,0x00000000ec000000)
 ParOldGen       total 332288K, used 267700K [0x00000000c0000000, 0x00000000d4480000, 0x00000000eab00000)
  object space 332288K, 80% used [0x00000000c0000000,0x00000000d056d070,0x00000000d4480000)
 Metaspace       used 87829K, committed 89152K, reserved 1179648K
  class space    used 9107K, committed 9728K, reserved 1048576K
}
Event: 519.555 GC heap after
{Heap after GC invocations=266 (full 9):
 PSYoungGen      total 21504K, used 6800K [0x00000000eab00000, 0x00000000ec700000, 0x0000000100000000)
  eden space 14336K, 0% used [0x00000000eab00000,0x00000000eab00000,0x00000000eb900000)
  from space 7168K, 94% used [0x00000000eb900000,0x00000000ebfa4190,0x00000000ec000000)
  to   space 7168K, 0% used [0x00000000ec000000,0x00000000ec000000,0x00000000ec700000)
 ParOldGen       total 332288K, used 268625K [0x00000000c0000000, 0x00000000d4480000, 0x00000000eab00000)
  object space 332288K, 80% used [0x00000000c0000000,0x00000000d0654530,0x00000000d4480000)
 Metaspace       used 87829K, committed 89152K, reserved 1179648K
  class space    used 9107K, committed 9728K, reserved 1048576K
}
Event: 519.746 GC heap before
{Heap before GC invocations=267 (full 9):
 PSYoungGen      total 21504K, used 21136K [0x00000000eab00000, 0x00000000ec700000, 0x0000000100000000)
  eden space 14336K, 100% used [0x00000000eab00000,0x00000000eb900000,0x00000000eb900000)
  from space 7168K, 94% used [0x00000000eb900000,0x00000000ebfa4190,0x00000000ec000000)
  to   space 7168K, 0% used [0x00000000ec000000,0x00000000ec000000,0x00000000ec700000)
 ParOldGen       total 332288K, used 268625K [0x00000000c0000000, 0x00000000d4480000, 0x00000000eab00000)
  object space 332288K, 80% used [0x00000000c0000000,0x00000000d0654530,0x00000000d4480000)
 Metaspace       used 87830K, committed 89152K, reserved 1179648K
  class space    used 9107K, committed 9728K, reserved 1048576K
}
Event: 519.760 GC heap after
{Heap after GC invocations=267 (full 9):
 PSYoungGen      total 20480K, used 5664K [0x00000000eab00000, 0x00000000ec600000, 0x0000000100000000)
  eden space 14336K, 0% used [0x00000000eab00000,0x00000000eab00000,0x00000000eb900000)
  from space 6144K, 92% used [0x00000000ec000000,0x00000000ec588140,0x00000000ec600000)
  to   space 6144K, 0% used [0x00000000eba00000,0x00000000eba00000,0x00000000ec000000)
 ParOldGen       total 332288K, used 268625K [0x00000000c0000000, 0x00000000d4480000, 0x00000000eab00000)
  object space 332288K, 80% used [0x00000000c0000000,0x00000000d0654530,0x00000000d4480000)
 Metaspace       used 87830K, committed 89152K, reserved 1179648K
  class space    used 9107K, committed 9728K, reserved 1048576K
}

