# JRE version: OpenJDK Runtime Environment Temurin-17.0.12+7 (17.0.12+7) (build 17.0.12+7)
# Java VM: OpenJDK 64-Bit Server VM Temurin-17.0.12+7 (17.0.12+7, mixed mode, tiered, compressed oops, compressed class ptrs, parallel gc, windows-amd64)
GC Precious Log:
 CPUs: 8 total, 8 available
 Memory: 3317M
 Large Page Support: Disabled
 NUMA Support: Disabled
 Compressed Oops: Enabled (32-bit)
 Alignments: Space 512K, Generation 512K, Heap 2M
 Heap Min Capacity: 100M
 Heap Initial Capacity: 100M
 Heap Max Capacity: 1G
 Pre-touch: Disabled
 Parallel Workers: 8
Heap:
 PSYoungGen      total 19968K, used 19668K [0x00000000eab00000, 0x00000000ec580000, 0x0000000100000000)
  eden space 14848K, 98% used [0x00000000eab00000,0x00000000eb939750,0x00000000eb980000)
  from space 5120K, 99% used [0x00000000ec080000,0x00000000ec57bc98,0x00000000ec580000)
  to   space 6144K, 0% used [0x00000000eb980000,0x00000000eb980000,0x00000000ebf80000)
 ParOldGen       total 419328K, used 410309K [0x00000000c0000000, 0x00000000d9980000, 0x00000000eab00000)
  object space 419328K, 97% used [0x00000000c0000000,0x00000000d90b1680,0x00000000d9980000)
 Metaspace       used 85840K, committed 87232K, reserved 1179648K
  class space    used 9253K, committed 9856K, reserved 1048576K
GC Heap History (20 events):
Event: 895.193 GC heap before
{Heap before GC invocations=275 (full 12):
 PSYoungGen      total 18432K, used 18236K [0x00000000eab00000, 0x00000000ec080000, 0x0000000100000000)
  eden space 14848K, 99% used [0x00000000eab00000,0x00000000eb97ffe8,0x00000000eb980000)
  from space 3584K, 94% used [0x00000000ebd00000,0x00000000ec04f1d0,0x00000000ec080000)
  to   space 3584K, 0% used [0x00000000eb980000,0x00000000eb980000,0x00000000ebd00000)
 ParOldGen       total 419328K, used 399412K [0x00000000c0000000, 0x00000000d9980000, 0x00000000eab00000)
  object space 419328K, 95% used [0x00000000c0000000,0x00000000d860d038,0x00000000d9980000)
 Metaspace       used 82793K, committed 84096K, reserved 1179648K
  class space    used 8847K, committed 9408K, reserved 1048576K
}
Event: 895.196 GC heap after
{Heap after GC invocations=275 (full 12):
 PSYoungGen      total 16896K, used 2016K [0x00000000eab00000, 0x00000000ebe80000, 0x0000000100000000)
  eden space 14848K, 0% used [0x00000000eab00000,0x00000000eab00000,0x00000000eb980000)
  from space 2048K, 98% used [0x00000000eb980000,0x00000000ebb78080,0x00000000ebb80000)
  to   space 2560K, 0% used [0x00000000ebc00000,0x00000000ebc00000,0x00000000ebe80000)
 ParOldGen       total 419328K, used 399420K [0x00000000c0000000, 0x00000000d9980000, 0x00000000eab00000)
  object space 419328K, 95% used [0x00000000c0000000,0x00000000d860f038,0x00000000d9980000)
 Metaspace       used 82793K, committed 84096K, reserved 1179648K
  class space    used 8847K, committed 9408K, reserved 1048576K
}
Event: 895.676 GC heap before
{Heap before GC invocations=276 (full 12):
 PSYoungGen      total 16896K, used 16864K [0x00000000eab00000, 0x00000000ebe80000, 0x0000000100000000)
  eden space 14848K, 100% used [0x00000000eab00000,0x00000000eb980000,0x00000000eb980000)
  from space 2048K, 98% used [0x00000000eb980000,0x00000000ebb78080,0x00000000ebb80000)
  to   space 2560K, 0% used [0x00000000ebc00000,0x00000000ebc00000,0x00000000ebe80000)
 ParOldGen       total 419328K, used 399420K [0x00000000c0000000, 0x00000000d9980000, 0x00000000eab00000)
  object space 419328K, 95% used [0x00000000c0000000,0x00000000d860f038,0x00000000d9980000)
 Metaspace       used 82821K, committed 84096K, reserved 1179648K
  class space    used 8847K, committed 9408K, reserved 1048576K
}
Event: 895.679 GC heap after
{Heap after GC invocations=276 (full 12):
 PSYoungGen      total 17408K, used 2368K [0x00000000eab00000, 0x00000000ebe80000, 0x0000000100000000)
  eden space 14848K, 0% used [0x00000000eab00000,0x00000000eab00000,0x00000000eb980000)
  from space 2560K, 92% used [0x00000000ebc00000,0x00000000ebe50060,0x00000000ebe80000)
  to   space 2560K, 0% used [0x00000000eb980000,0x00000000eb980000,0x00000000ebc00000)
 ParOldGen       total 419328K, used 399468K [0x00000000c0000000, 0x00000000d9980000, 0x00000000eab00000)
  object space 419328K, 95% used [0x00000000c0000000,0x00000000d861b038,0x00000000d9980000)
 Metaspace       used 82821K, committed 84096K, reserved 1179648K
  class space    used 8847K, committed 9408K, reserved 1048576K
}
Event: 906.045 GC heap before
{Heap before GC invocations=277 (full 12):
 PSYoungGen      total 17408K, used 17216K [0x00000000eab00000, 0x00000000ebe80000, 0x0000000100000000)
  eden space 14848K, 100% used [0x00000000eab00000,0x00000000eb980000,0x00000000eb980000)
  from space 2560K, 92% used [0x00000000ebc00000,0x00000000ebe50060,0x00000000ebe80000)
  to   space 2560K, 0% used [0x00000000eb980000,0x00000000eb980000,0x00000000ebc00000)
 ParOldGen       total 419328K, used 399468K [0x00000000c0000000, 0x00000000d9980000, 0x00000000eab00000)
  object space 419328K, 95% used [0x00000000c0000000,0x00000000d861b038,0x00000000d9980000)
 Metaspace       used 83150K, committed 84480K, reserved 1179648K
  class space    used 8884K, committed 9472K, reserved 1048576K
}
Event: 906.051 GC heap after
{Heap after GC invocations=277 (full 12):
 PSYoungGen      total 17408K, used 2534K [0x00000000eab00000, 0x00000000ec880000, 0x0000000100000000)
  eden space 14848K, 0% used [0x00000000eab00000,0x00000000eab00000,0x00000000eb980000)
  from space 2560K, 98% used [0x00000000eb980000,0x00000000ebbf98f0,0x00000000ebc00000)
  to   space 7680K, 0% used [0x00000000ec100000,0x00000000ec100000,0x00000000ec880000)
 ParOldGen       total 419328K, used 403717K [0x00000000c0000000, 0x00000000d9980000, 0x00000000eab00000)
  object space 419328K, 96% used [0x00000000c0000000,0x00000000d8a41720,0x00000000d9980000)
 Metaspace       used 83150K, committed 84480K, reserved 1179648K
  class space    used 8884K, committed 9472K, reserved 1048576K
}
Event: 907.473 GC heap before
{Heap before GC invocations=278 (full 12):
 PSYoungGen      total 17408K, used 17382K [0x00000000eab00000, 0x00000000ec880000, 0x0000000100000000)
  eden space 14848K, 100% used [0x00000000eab00000,0x00000000eb980000,0x00000000eb980000)
  from space 2560K, 98% used [0x00000000eb980000,0x00000000ebbf98f0,0x00000000ebc00000)
  to   space 7680K, 0% used [0x00000000ec100000,0x00000000ec100000,0x00000000ec880000)
 ParOldGen       total 419328K, used 403717K [0x00000000c0000000, 0x00000000d9980000, 0x00000000eab00000)
  object space 419328K, 96% used [0x00000000c0000000,0x00000000d8a41720,0x00000000d9980000)
 Metaspace       used 84108K, committed 85440K, reserved 1179648K
  class space    used 9066K, committed 9664K, reserved 1048576K
}
Event: 907.477 GC heap after
{Heap after GC invocations=278 (full 12):
 PSYoungGen      total 17920K, used 2976K [0x00000000eab00000, 0x00000000ec400000, 0x0000000100000000)
  eden space 14848K, 0% used [0x00000000eab00000,0x00000000eab00000,0x00000000eb980000)
  from space 3072K, 96% used [0x00000000ec100000,0x00000000ec3e8060,0x00000000ec400000)
  to   space 4608K, 0% used [0x00000000ebb00000,0x00000000ebb00000,0x00000000ebf80000)
 ParOldGen       total 419328K, used 403841K [0x00000000c0000000, 0x00000000d9980000, 0x00000000eab00000)
  object space 419328K, 96% used [0x00000000c0000000,0x00000000d8a60628,0x00000000d9980000)
 Metaspace       used 84108K, committed 85440K, reserved 1179648K
  class space    used 9066K, committed 9664K, reserved 1048576K
}
Event: 910.829 GC heap before
{Heap before GC invocations=279 (full 12):
 PSYoungGen      total 17920K, used 17824K [0x00000000eab00000, 0x00000000ec400000, 0x0000000100000000)
  eden space 14848K, 100% used [0x00000000eab00000,0x00000000eb980000,0x00000000eb980000)
  from space 3072K, 96% used [0x00000000ec100000,0x00000000ec3e8060,0x00000000ec400000)
  to   space 4608K, 0% used [0x00000000ebb00000,0x00000000ebb00000,0x00000000ebf80000)
 ParOldGen       total 419328K, used 403841K [0x00000000c0000000, 0x00000000d9980000, 0x00000000eab00000)
  object space 419328K, 96% used [0x00000000c0000000,0x00000000d8a60628,0x00000000d9980000)
 Metaspace       used 84197K, committed 85504K, reserved 1179648K
  class space    used 9070K, committed 9664K, reserved 1048576K
}
Event: 910.834 GC heap after
{Heap after GC invocations=279 (full 12):
 PSYoungGen      total 19456K, used 4588K [0x00000000eab00000, 0x00000000ec780000, 0x0000000100000000)
  eden space 14848K, 0% used [0x00000000eab00000,0x00000000eab00000,0x00000000eb980000)
  from space 4608K, 99% used [0x00000000ebb00000,0x00000000ebf7b180,0x00000000ebf80000)
  to   space 7168K, 0% used [0x00000000ec080000,0x00000000ec080000,0x00000000ec780000)
 ParOldGen       total 419328K, used 405465K [0x00000000c0000000, 0x00000000d9980000, 0x00000000eab00000)
  object space 419328K, 96% used [0x00000000c0000000,0x00000000d8bf6628,0x00000000d9980000)
 Metaspace       used 84197K, committed 85504K, reserved 1179648K
  class space    used 9070K, committed 9664K, reserved 1048576K
}
Event: 911.732 GC heap before
{Heap before GC invocations=280 (full 12):
 PSYoungGen      total 19456K, used 19436K [0x00000000eab00000, 0x00000000ec780000, 0x0000000100000000)
  eden space 14848K, 100% used [0x00000000eab00000,0x00000000eb980000,0x00000000eb980000)
  from space 4608K, 99% used [0x00000000ebb00000,0x00000000ebf7b180,0x00000000ebf80000)
  to   space 7168K, 0% used [0x00000000ec080000,0x00000000ec080000,0x00000000ec780000)
 ParOldGen       total 419328K, used 405465K [0x00000000c0000000, 0x00000000d9980000, 0x00000000eab00000)
  object space 419328K, 96% used [0x00000000c0000000,0x00000000d8bf6628,0x00000000d9980000)
 Metaspace       used 84577K, committed 85888K, reserved 1179648K
  class space    used 9117K, committed 9728K, reserved 1048576K
}
Event: 911.736 GC heap after
{Heap after GC invocations=280 (full 12):
 PSYoungGen      total 17920K, used 2592K [0x00000000eab00000, 0x00000000ec380000, 0x0000000100000000)
  eden space 14848K, 0% used [0x00000000eab00000,0x00000000eab00000,0x00000000eb980000)
  from space 3072K, 84% used [0x00000000ec080000,0x00000000ec308040,0x00000000ec380000)
  to   space 4096K, 0% used [0x00000000ebb80000,0x00000000ebb80000,0x00000000ebf80000)
 ParOldGen       total 419328K, used 405513K [0x00000000c0000000, 0x00000000d9980000, 0x00000000eab00000)
  object space 419328K, 96% used [0x00000000c0000000,0x00000000d8c02628,0x00000000d9980000)
 Metaspace       used 84577K, committed 85888K, reserved 1179648K
  class space    used 9117K, committed 9728K, reserved 1048576K
}
Event: 918.877 GC heap before
{Heap before GC invocations=281 (full 12):
 PSYoungGen      total 17920K, used 17440K [0x00000000eab00000, 0x00000000ec380000, 0x0000000100000000)
  eden space 14848K, 100% used [0x00000000eab00000,0x00000000eb980000,0x00000000eb980000)
  from space 3072K, 84% used [0x00000000ec080000,0x00000000ec308040,0x00000000ec380000)
  to   space 4096K, 0% used [0x00000000ebb80000,0x00000000ebb80000,0x00000000ebf80000)
 ParOldGen       total 419328K, used 405513K [0x00000000c0000000, 0x00000000d9980000, 0x00000000eab00000)
  object space 419328K, 96% used [0x00000000c0000000,0x00000000d8c02628,0x00000000d9980000)
 Metaspace       used 84704K, committed 86080K, reserved 1179648K
  class space    used 9120K, committed 9792K, reserved 1048576K
}
Event: 918.882 GC heap after
{Heap after GC invocations=281 (full 12):
 PSYoungGen      total 18944K, used 4086K [0x00000000eab00000, 0x00000000ecb80000, 0x0000000100000000)
  eden space 14848K, 0% used [0x00000000eab00000,0x00000000eab00000,0x00000000eb980000)
  from space 4096K, 99% used [0x00000000ebb80000,0x00000000ebf7d800,0x00000000ebf80000)
  to   space 9216K, 0% used [0x00000000ec280000,0x00000000ec280000,0x00000000ecb80000)
 ParOldGen       total 419328K, used 409545K [0x00000000c0000000, 0x00000000d9980000, 0x00000000eab00000)
  object space 419328K, 97% used [0x00000000c0000000,0x00000000d8ff2628,0x00000000d9980000)
 Metaspace       used 84704K, committed 86080K, reserved 1179648K
  class space    used 9120K, committed 9792K, reserved 1048576K
}
Event: 919.134 GC heap before
{Heap before GC invocations=282 (full 12):
 PSYoungGen      total 18944K, used 17177K [0x00000000eab00000, 0x00000000ecb80000, 0x0000000100000000)
  eden space 14848K, 88% used [0x00000000eab00000,0x00000000eb7c8e18,0x00000000eb980000)
  from space 4096K, 99% used [0x00000000ebb80000,0x00000000ebf7d800,0x00000000ebf80000)
  to   space 9216K, 0% used [0x00000000ec280000,0x00000000ec280000,0x00000000ecb80000)
 ParOldGen       total 419328K, used 409545K [0x00000000c0000000, 0x00000000d9980000, 0x00000000eab00000)
  object space 419328K, 97% used [0x00000000c0000000,0x00000000d8ff2628,0x00000000d9980000)
 Metaspace       used 84770K, committed 86144K, reserved 1179648K
  class space    used 9121K, committed 9792K, reserved 1048576K
}
Event: 919.148 GC heap after
{Heap after GC invocations=282 (full 12):
 PSYoungGen      total 19968K, used 5056K [0x00000000eab00000, 0x00000000ec780000, 0x0000000100000000)
  eden space 14848K, 0% used [0x00000000eab00000,0x00000000eab00000,0x00000000eb980000)
  from space 5120K, 98% used [0x00000000ec280000,0x00000000ec770040,0x00000000ec780000)
  to   space 6656K, 0% used [0x00000000eba80000,0x00000000eba80000,0x00000000ec100000)
 ParOldGen       total 419328K, used 409585K [0x00000000c0000000, 0x00000000d9980000, 0x00000000eab00000)
  object space 419328K, 97% used [0x00000000c0000000,0x00000000d8ffc628,0x00000000d9980000)
 Metaspace       used 84770K, committed 86144K, reserved 1179648K
  class space    used 9121K, committed 9792K, reserved 1048576K
}
Event: 919.245 GC heap before
{Heap before GC invocations=283 (full 12):
 PSYoungGen      total 19968K, used 19897K [0x00000000eab00000, 0x00000000ec780000, 0x0000000100000000)
  eden space 14848K, 99% used [0x00000000eab00000,0x00000000eb97e558,0x00000000eb980000)
  from space 5120K, 98% used [0x00000000ec280000,0x00000000ec770040,0x00000000ec780000)
  to   space 6656K, 0% used [0x00000000eba80000,0x00000000eba80000,0x00000000ec100000)
 ParOldGen       total 419328K, used 409585K [0x00000000c0000000, 0x00000000d9980000, 0x00000000eab00000)
  object space 419328K, 97% used [0x00000000c0000000,0x00000000d8ffc628,0x00000000d9980000)
 Metaspace       used 84810K, committed 86144K, reserved 1179648K
  class space    used 9124K, committed 9792K, reserved 1048576K
}
Event: 919.252 GC heap after
{Heap after GC invocations=283 (full 12):
 PSYoungGen      total 20992K, used 5896K [0x00000000eab00000, 0x00000000ec580000, 0x0000000100000000)
  eden space 14848K, 0% used [0x00000000eab00000,0x00000000eab00000,0x00000000eb980000)
  from space 6144K, 95% used [0x00000000eba80000,0x00000000ec042050,0x00000000ec080000)
  to   space 5120K, 0% used [0x00000000ec080000,0x00000000ec080000,0x00000000ec580000)
 ParOldGen       total 419328K, used 409585K [0x00000000c0000000, 0x00000000d9980000, 0x00000000eab00000)
  object space 419328K, 97% used [0x00000000c0000000,0x00000000d8ffc628,0x00000000d9980000)
 Metaspace       used 84810K, committed 86144K, reserved 1179648K
  class space    used 9124K, committed 9792K, reserved 1048576K
}
Event: 919.574 GC heap before
{Heap before GC invocations=284 (full 12):
 PSYoungGen      total 20992K, used 20744K [0x00000000eab00000, 0x00000000ec580000, 0x0000000100000000)
  eden space 14848K, 100% used [0x00000000eab00000,0x00000000eb980000,0x00000000eb980000)
  from space 6144K, 95% used [0x00000000eba80000,0x00000000ec042050,0x00000000ec080000)
  to   space 5120K, 0% used [0x00000000ec080000,0x00000000ec080000,0x00000000ec580000)
 ParOldGen       total 419328K, used 409585K [0x00000000c0000000, 0x00000000d9980000, 0x00000000eab00000)
  object space 419328K, 97% used [0x00000000c0000000,0x00000000d8ffc628,0x00000000d9980000)
 Metaspace       used 85687K, committed 87104K, reserved 1179648K
  class space    used 9239K, committed 9856K, reserved 1048576K
}
Event: 919.578 GC heap after
{Heap after GC invocations=284 (full 12):
 PSYoungGen      total 19968K, used 5103K [0x00000000eab00000, 0x00000000ec580000, 0x0000000100000000)
  eden space 14848K, 0% used [0x00000000eab00000,0x00000000eab00000,0x00000000eb980000)
  from space 5120K, 99% used [0x00000000ec080000,0x00000000ec57bc98,0x00000000ec580000)
  to   space 6144K, 0% used [0x00000000eb980000,0x00000000eb980000,0x00000000ebf80000)
 ParOldGen       total 419328K, used 410309K [0x00000000c0000000, 0x00000000d9980000, 0x00000000eab00000)
  object space 419328K, 97% used [0x00000000c0000000,0x00000000d90b1680,0x00000000d9980000)
 Metaspace       used 85687K, committed 87104K, reserved 1179648K
  class space    used 9239K, committed 9856K, reserved 1048576K
}

