# JRE version: OpenJDK Runtime Environment Temurin-17.0.12+7 (17.0.12+7) (build 17.0.12+7)
# Java VM: OpenJDK 64-Bit Server VM Temurin-17.0.12+7 (17.0.12+7, mixed mode, tiered, compressed oops, compressed class ptrs, parallel gc, windows-amd64)
GC Precious Log:
 CPUs: 8 total, 8 available
 Memory: 3317M
 Large Page Support: Disabled
 NUMA Support: Disabled
 Compressed Oops: Enabled (32-bit)
 Alignments: Space 512K, Generation 512K, Heap 2M
 Heap Min Capacity: 100M
 Heap Initial Capacity: 100M
 Heap Max Capacity: 1G
 Pre-touch: Disabled
 Parallel Workers: 8
Heap:
 PSYoungGen      total 10240K, used 3804K [0x00000000eab00000, 0x00000000eb900000, 0x0000000100000000)
  eden space 7168K, 12% used [0x00000000eab00000,0x00000000eabdde88,0x00000000eb200000)
  from space 3072K, 94% used [0x00000000eb580000,0x00000000eb859510,0x00000000eb880000)
  to   space 3584K, 0% used [0x00000000eb200000,0x00000000eb200000,0x00000000eb580000)
 ParOldGen       total 254464K, used 207654K [0x00000000c0000000, 0x00000000cf880000, 0x00000000eab00000)
  object space 254464K, 81% used [0x00000000c0000000,0x00000000ccac9a38,0x00000000cf880000)
 Metaspace       used 78416K, committed 79680K, reserved 1179648K
  class space    used 8373K, committed 8896K, reserved 1048576K
GC Heap History (20 events):
Event: 46.602 GC heap before
{Heap before GC invocations=173 (full 8):
 PSYoungGen      total 9728K, used 9282K [0x00000000eab00000, 0x00000000eb980000, 0x0000000100000000)
  eden space 6144K, 100% used [0x00000000eab00000,0x00000000eb100000,0x00000000eb100000)
  from space 3584K, 87% used [0x00000000eb100000,0x00000000eb410810,0x00000000eb480000)
  to   space 4096K, 0% used [0x00000000eb580000,0x00000000eb580000,0x00000000eb980000)
 ParOldGen       total 202240K, used 196890K [0x00000000c0000000, 0x00000000cc580000, 0x00000000eab00000)
  object space 202240K, 97% used [0x00000000c0000000,0x00000000cc0468d8,0x00000000cc580000)
 Metaspace       used 78416K, committed 79680K, reserved 1179648K
  class space    used 8373K, committed 8896K, reserved 1048576K
}
Event: 46.605 GC heap after
{Heap after GC invocations=173 (full 8):
 PSYoungGen      total 9728K, used 4073K [0x00000000eab00000, 0x00000000ebb80000, 0x0000000100000000)
  eden space 5632K, 0% used [0x00000000eab00000,0x00000000eab00000,0x00000000eb080000)
  from space 4096K, 99% used [0x00000000eb580000,0x00000000eb97a470,0x00000000eb980000)
  to   space 5120K, 0% used [0x00000000eb080000,0x00000000eb080000,0x00000000eb580000)
 ParOldGen       total 202240K, used 197393K [0x00000000c0000000, 0x00000000cc580000, 0x00000000eab00000)
  object space 202240K, 97% used [0x00000000c0000000,0x00000000cc0c4600,0x00000000cc580000)
 Metaspace       used 78416K, committed 79680K, reserved 1179648K
  class space    used 8373K, committed 8896K, reserved 1048576K
}
Event: 46.636 GC heap before
{Heap before GC invocations=174 (full 8):
 PSYoungGen      total 9728K, used 9705K [0x00000000eab00000, 0x00000000ebb80000, 0x0000000100000000)
  eden space 5632K, 100% used [0x00000000eab00000,0x00000000eb080000,0x00000000eb080000)
  from space 4096K, 99% used [0x00000000eb580000,0x00000000eb97a470,0x00000000eb980000)
  to   space 5120K, 0% used [0x00000000eb080000,0x00000000eb080000,0x00000000eb580000)
 ParOldGen       total 202240K, used 197393K [0x00000000c0000000, 0x00000000cc580000, 0x00000000eab00000)
  object space 202240K, 97% used [0x00000000c0000000,0x00000000cc0c4600,0x00000000cc580000)
 Metaspace       used 78416K, committed 79680K, reserved 1179648K
  class space    used 8373K, committed 8896K, reserved 1048576K
}
Event: 46.639 GC heap after
{Heap after GC invocations=174 (full 8):
 PSYoungGen      total 8704K, used 2874K [0x00000000eab00000, 0x00000000eb800000, 0x0000000100000000)
  eden space 5632K, 0% used [0x00000000eab00000,0x00000000eab00000,0x00000000eb080000)
  from space 3072K, 93% used [0x00000000eb080000,0x00000000eb34e850,0x00000000eb380000)
  to   space 3584K, 0% used [0x00000000eb480000,0x00000000eb480000,0x00000000eb800000)
 ParOldGen       total 202240K, used 200097K [0x00000000c0000000, 0x00000000cc580000, 0x00000000eab00000)
  object space 202240K, 98% used [0x00000000c0000000,0x00000000cc3685e8,0x00000000cc580000)
 Metaspace       used 78416K, committed 79680K, reserved 1179648K
  class space    used 8373K, committed 8896K, reserved 1048576K
}
Event: 46.640 GC heap before
{Heap before GC invocations=175 (full 9):
 PSYoungGen      total 8704K, used 2874K [0x00000000eab00000, 0x00000000eb800000, 0x0000000100000000)
  eden space 5632K, 0% used [0x00000000eab00000,0x00000000eab00000,0x00000000eb080000)
  from space 3072K, 93% used [0x00000000eb080000,0x00000000eb34e850,0x00000000eb380000)
  to   space 3584K, 0% used [0x00000000eb480000,0x00000000eb480000,0x00000000eb800000)
 ParOldGen       total 202240K, used 200097K [0x00000000c0000000, 0x00000000cc580000, 0x00000000eab00000)
  object space 202240K, 98% used [0x00000000c0000000,0x00000000cc3685e8,0x00000000cc580000)
 Metaspace       used 78416K, committed 79680K, reserved 1179648K
  class space    used 8373K, committed 8896K, reserved 1048576K
}
Event: 47.342 GC heap after
{Heap after GC invocations=175 (full 9):
 PSYoungGen      total 9728K, used 0K [0x00000000eab00000, 0x00000000eb800000, 0x0000000100000000)
  eden space 6144K, 0% used [0x00000000eab00000,0x00000000eab00000,0x00000000eb100000)
  from space 3584K, 0% used [0x00000000eb480000,0x00000000eb480000,0x00000000eb800000)
  to   space 3584K, 0% used [0x00000000eb100000,0x00000000eb100000,0x00000000eb480000)
 ParOldGen       total 254464K, used 198707K [0x00000000c0000000, 0x00000000cf880000, 0x00000000eab00000)
  object space 254464K, 78% used [0x00000000c0000000,0x00000000cc20cfa8,0x00000000cf880000)
 Metaspace       used 78416K, committed 79680K, reserved 1179648K
  class space    used 8373K, committed 8896K, reserved 1048576K
}
Event: 47.400 GC heap before
{Heap before GC invocations=176 (full 9):
 PSYoungGen      total 9728K, used 6144K [0x00000000eab00000, 0x00000000eb800000, 0x0000000100000000)
  eden space 6144K, 100% used [0x00000000eab00000,0x00000000eb100000,0x00000000eb100000)
  from space 3584K, 0% used [0x00000000eb480000,0x00000000eb480000,0x00000000eb800000)
  to   space 3584K, 0% used [0x00000000eb100000,0x00000000eb100000,0x00000000eb480000)
 ParOldGen       total 254464K, used 198707K [0x00000000c0000000, 0x00000000cf880000, 0x00000000eab00000)
  object space 254464K, 78% used [0x00000000c0000000,0x00000000cc20cfa8,0x00000000cf880000)
 Metaspace       used 78416K, committed 79680K, reserved 1179648K
  class space    used 8373K, committed 8896K, reserved 1048576K
}
Event: 47.404 GC heap after
{Heap after GC invocations=176 (full 9):
 PSYoungGen      total 8192K, used 1787K [0x00000000eab00000, 0x00000000eb680000, 0x0000000100000000)
  eden space 6144K, 0% used [0x00000000eab00000,0x00000000eab00000,0x00000000eb100000)
  from space 2048K, 87% used [0x00000000eb100000,0x00000000eb2bed30,0x00000000eb300000)
  to   space 2560K, 0% used [0x00000000eb400000,0x00000000eb400000,0x00000000eb680000)
 ParOldGen       total 254464K, used 198707K [0x00000000c0000000, 0x00000000cf880000, 0x00000000eab00000)
  object space 254464K, 78% used [0x00000000c0000000,0x00000000cc20cfa8,0x00000000cf880000)
 Metaspace       used 78416K, committed 79680K, reserved 1179648K
  class space    used 8373K, committed 8896K, reserved 1048576K
}
Event: 47.460 GC heap before
{Heap before GC invocations=177 (full 9):
 PSYoungGen      total 8192K, used 7931K [0x00000000eab00000, 0x00000000eb680000, 0x0000000100000000)
  eden space 6144K, 100% used [0x00000000eab00000,0x00000000eb100000,0x00000000eb100000)
  from space 2048K, 87% used [0x00000000eb100000,0x00000000eb2bed30,0x00000000eb300000)
  to   space 2560K, 0% used [0x00000000eb400000,0x00000000eb400000,0x00000000eb680000)
 ParOldGen       total 254464K, used 198707K [0x00000000c0000000, 0x00000000cf880000, 0x00000000eab00000)
  object space 254464K, 78% used [0x00000000c0000000,0x00000000cc20cfa8,0x00000000cf880000)
 Metaspace       used 78416K, committed 79680K, reserved 1179648K
  class space    used 8373K, committed 8896K, reserved 1048576K
}
Event: 47.463 GC heap after
{Heap after GC invocations=177 (full 9):
 PSYoungGen      total 8192K, used 2559K [0x00000000eab00000, 0x00000000eb880000, 0x0000000100000000)
  eden space 5632K, 0% used [0x00000000eab00000,0x00000000eab00000,0x00000000eb080000)
  from space 2560K, 99% used [0x00000000eb400000,0x00000000eb67fcb8,0x00000000eb680000)
  to   space 3584K, 0% used [0x00000000eb080000,0x00000000eb080000,0x00000000eb400000)
 ParOldGen       total 254464K, used 199234K [0x00000000c0000000, 0x00000000cf880000, 0x00000000eab00000)
  object space 254464K, 78% used [0x00000000c0000000,0x00000000cc290af0,0x00000000cf880000)
 Metaspace       used 78416K, committed 79680K, reserved 1179648K
  class space    used 8373K, committed 8896K, reserved 1048576K
}
Event: 47.525 GC heap before
{Heap before GC invocations=178 (full 9):
 PSYoungGen      total 8192K, used 8191K [0x00000000eab00000, 0x00000000eb880000, 0x0000000100000000)
  eden space 5632K, 100% used [0x00000000eab00000,0x00000000eb080000,0x00000000eb080000)
  from space 2560K, 99% used [0x00000000eb400000,0x00000000eb67fcb8,0x00000000eb680000)
  to   space 3584K, 0% used [0x00000000eb080000,0x00000000eb080000,0x00000000eb400000)
 ParOldGen       total 254464K, used 199234K [0x00000000c0000000, 0x00000000cf880000, 0x00000000eab00000)
  object space 254464K, 78% used [0x00000000c0000000,0x00000000cc290af0,0x00000000cf880000)
 Metaspace       used 78416K, committed 79680K, reserved 1179648K
  class space    used 8373K, committed 8896K, reserved 1048576K
}
Event: 47.528 GC heap after
{Heap after GC invocations=178 (full 9):
 PSYoungGen      total 9216K, used 3573K [0x00000000eab00000, 0x00000000eba00000, 0x0000000100000000)
  eden space 5632K, 0% used [0x00000000eab00000,0x00000000eab00000,0x00000000eb080000)
  from space 3584K, 99% used [0x00000000eb080000,0x00000000eb3fd4a0,0x00000000eb400000)
  to   space 4608K, 0% used [0x00000000eb580000,0x00000000eb580000,0x00000000eba00000)
 ParOldGen       total 254464K, used 199585K [0x00000000c0000000, 0x00000000cf880000, 0x00000000eab00000)
  object space 254464K, 78% used [0x00000000c0000000,0x00000000cc2e84d8,0x00000000cf880000)
 Metaspace       used 78416K, committed 79680K, reserved 1179648K
  class space    used 8373K, committed 8896K, reserved 1048576K
}
Event: 47.560 GC heap before
{Heap before GC invocations=179 (full 9):
 PSYoungGen      total 9216K, used 9205K [0x00000000eab00000, 0x00000000eba00000, 0x0000000100000000)
  eden space 5632K, 100% used [0x00000000eab00000,0x00000000eb080000,0x00000000eb080000)
  from space 3584K, 99% used [0x00000000eb080000,0x00000000eb3fd4a0,0x00000000eb400000)
  to   space 4608K, 0% used [0x00000000eb580000,0x00000000eb580000,0x00000000eba00000)
 ParOldGen       total 254464K, used 199585K [0x00000000c0000000, 0x00000000cf880000, 0x00000000eab00000)
  object space 254464K, 78% used [0x00000000c0000000,0x00000000cc2e84d8,0x00000000cf880000)
 Metaspace       used 78416K, committed 79680K, reserved 1179648K
  class space    used 8373K, committed 8896K, reserved 1048576K
}
Event: 47.564 GC heap after
{Heap after GC invocations=179 (full 9):
 PSYoungGen      total 9216K, used 2743K [0x00000000eab00000, 0x00000000eb880000, 0x0000000100000000)
  eden space 6144K, 0% used [0x00000000eab00000,0x00000000eab00000,0x00000000eb100000)
  from space 3072K, 89% used [0x00000000eb580000,0x00000000eb82dce8,0x00000000eb880000)
  to   space 3584K, 0% used [0x00000000eb180000,0x00000000eb180000,0x00000000eb500000)
 ParOldGen       total 254464K, used 201846K [0x00000000c0000000, 0x00000000cf880000, 0x00000000eab00000)
  object space 254464K, 79% used [0x00000000c0000000,0x00000000cc51db20,0x00000000cf880000)
 Metaspace       used 78416K, committed 79680K, reserved 1179648K
  class space    used 8373K, committed 8896K, reserved 1048576K
}
Event: 47.638 GC heap before
{Heap before GC invocations=180 (full 9):
 PSYoungGen      total 9216K, used 8887K [0x00000000eab00000, 0x00000000eb880000, 0x0000000100000000)
  eden space 6144K, 100% used [0x00000000eab00000,0x00000000eb100000,0x00000000eb100000)
  from space 3072K, 89% used [0x00000000eb580000,0x00000000eb82dce8,0x00000000eb880000)
  to   space 3584K, 0% used [0x00000000eb180000,0x00000000eb180000,0x00000000eb500000)
 ParOldGen       total 254464K, used 201846K [0x00000000c0000000, 0x00000000cf880000, 0x00000000eab00000)
  object space 254464K, 79% used [0x00000000c0000000,0x00000000cc51db20,0x00000000cf880000)
 Metaspace       used 78416K, committed 79680K, reserved 1179648K
  class space    used 8373K, committed 8896K, reserved 1048576K
}
Event: 47.643 GC heap after
{Heap after GC invocations=180 (full 9):
 PSYoungGen      total 9728K, used 3570K [0x00000000eab00000, 0x00000000eb880000, 0x0000000100000000)
  eden space 6144K, 0% used [0x00000000eab00000,0x00000000eab00000,0x00000000eb100000)
  from space 3584K, 99% used [0x00000000eb180000,0x00000000eb4fcbb8,0x00000000eb500000)
  to   space 3072K, 0% used [0x00000000eb580000,0x00000000eb580000,0x00000000eb880000)
 ParOldGen       total 254464K, used 202364K [0x00000000c0000000, 0x00000000cf880000, 0x00000000eab00000)
  object space 254464K, 79% used [0x00000000c0000000,0x00000000cc59f000,0x00000000cf880000)
 Metaspace       used 78416K, committed 79680K, reserved 1179648K
  class space    used 8373K, committed 8896K, reserved 1048576K
}
Event: 47.694 GC heap before
{Heap before GC invocations=181 (full 9):
 PSYoungGen      total 9728K, used 9714K [0x00000000eab00000, 0x00000000eb880000, 0x0000000100000000)
  eden space 6144K, 100% used [0x00000000eab00000,0x00000000eb100000,0x00000000eb100000)
  from space 3584K, 99% used [0x00000000eb180000,0x00000000eb4fcbb8,0x00000000eb500000)
  to   space 3072K, 0% used [0x00000000eb580000,0x00000000eb580000,0x00000000eb880000)
 ParOldGen       total 254464K, used 202364K [0x00000000c0000000, 0x00000000cf880000, 0x00000000eab00000)
  object space 254464K, 79% used [0x00000000c0000000,0x00000000cc59f000,0x00000000cf880000)
 Metaspace       used 78416K, committed 79680K, reserved 1179648K
  class space    used 8373K, committed 8896K, reserved 1048576K
}
Event: 47.700 GC heap after
{Heap after GC invocations=181 (full 9):
 PSYoungGen      total 9728K, used 2951K [0x00000000eab00000, 0x00000000eb880000, 0x0000000100000000)
  eden space 6656K, 0% used [0x00000000eab00000,0x00000000eab00000,0x00000000eb180000)
  from space 3072K, 96% used [0x00000000eb580000,0x00000000eb861d58,0x00000000eb880000)
  to   space 3584K, 0% used [0x00000000eb180000,0x00000000eb180000,0x00000000eb500000)
 ParOldGen       total 254464K, used 204596K [0x00000000c0000000, 0x00000000cf880000, 0x00000000eab00000)
  object space 254464K, 80% used [0x00000000c0000000,0x00000000cc7cd0c0,0x00000000cf880000)
 Metaspace       used 78416K, committed 79680K, reserved 1179648K
  class space    used 8373K, committed 8896K, reserved 1048576K
}
Event: 47.778 GC heap before
{Heap before GC invocations=182 (full 9):
 PSYoungGen      total 9728K, used 9607K [0x00000000eab00000, 0x00000000eb880000, 0x0000000100000000)
  eden space 6656K, 100% used [0x00000000eab00000,0x00000000eb180000,0x00000000eb180000)
  from space 3072K, 96% used [0x00000000eb580000,0x00000000eb861d58,0x00000000eb880000)
  to   space 3584K, 0% used [0x00000000eb180000,0x00000000eb180000,0x00000000eb500000)
 ParOldGen       total 254464K, used 204596K [0x00000000c0000000, 0x00000000cf880000, 0x00000000eab00000)
  object space 254464K, 80% used [0x00000000c0000000,0x00000000cc7cd0c0,0x00000000cf880000)
 Metaspace       used 78416K, committed 79680K, reserved 1179648K
  class space    used 8373K, committed 8896K, reserved 1048576K
}
Event: 47.782 GC heap after
{Heap after GC invocations=182 (full 9):
 PSYoungGen      total 10240K, used 3573K [0x00000000eab00000, 0x00000000eb880000, 0x0000000100000000)
  eden space 6656K, 0% used [0x00000000eab00000,0x00000000eab00000,0x00000000eb180000)
  from space 3584K, 99% used [0x00000000eb180000,0x00000000eb4fd658,0x00000000eb500000)
  to   space 3072K, 0% used [0x00000000eb580000,0x00000000eb580000,0x00000000eb880000)
 ParOldGen       total 254464K, used 205333K [0x00000000c0000000, 0x00000000cf880000, 0x00000000eab00000)
  object space 254464K, 80% used [0x00000000c0000000,0x00000000cc885598,0x00000000cf880000)
 Metaspace       used 78416K, committed 79680K, reserved 1179648K
  class space    used 8373K, committed 8896K, reserved 1048576K
}

