# JRE version: OpenJDK Runtime Environment Temurin-17.0.12+7 (17.0.12+7) (build 17.0.12+7)
# Java VM: OpenJDK 64-Bit Server VM Temurin-17.0.12+7 (17.0.12+7, mixed mode, tiered, compressed oops, compressed class ptrs, parallel gc, windows-amd64)
GC Precious Log:
 CPUs: 8 total, 8 available
 Memory: 3317M
 Large Page Support: Disabled
 NUMA Support: Disabled
 Compressed Oops: Enabled (32-bit)
 Alignments: Space 512K, Generation 512K, Heap 2M
 Heap Min Capacity: 100M
 Heap Initial Capacity: 100M
 Heap Max Capacity: 1G
 Pre-touch: Disabled
 Parallel Workers: 8
Heap:
 PSYoungGen      total 47616K, used 35801K [0x00000000eab00000, 0x00000000eee00000, 0x0000000100000000)
  eden space 31232K, 62% used [0x00000000eab00000,0x00000000ebe1bc90,0x00000000ec980000)
  from space 16384K, 99% used [0x00000000edb00000,0x00000000eeada870,0x00000000eeb00000)
  to   space 17920K, 0% used [0x00000000ec980000,0x00000000ec980000,0x00000000edb00000)
 ParOldGen       total 263680K, used 246324K [0x00000000c0000000, 0x00000000d0180000, 0x00000000eab00000)
  object space 263680K, 93% used [0x00000000c0000000,0x00000000cf08d320,0x00000000d0180000)
 Metaspace       used 74862K, committed 76096K, reserved 1179648K
  class space    used 7844K, committed 8384K, reserved 1048576K
GC Heap History (20 events):
Event: 19.885 GC heap before
{Heap before GC invocations=264 (full 12):
 PSYoungGen      total 28160K, used 6692K [0x00000000eab00000, 0x00000000ed280000, 0x0000000100000000)
  eden space 20992K, 0% used [0x00000000eab00000,0x00000000eab00000,0x00000000ebf80000)
  from space 7168K, 93% used [0x00000000ecb80000,0x00000000ed209030,0x00000000ed280000)
  to   space 8704K, 0% used [0x00000000ec180000,0x00000000ec180000,0x00000000eca00000)
 ParOldGen       total 217088K, used 211023K [0x00000000c0000000, 0x00000000cd400000, 0x00000000eab00000)
  object space 217088K, 97% used [0x00000000c0000000,0x00000000cce13c78,0x00000000cd400000)
 Metaspace       used 74779K, committed 76032K, reserved 1179648K
  class space    used 7844K, committed 8384K, reserved 1048576K
}
Event: 20.435 GC heap after
{Heap after GC invocations=264 (full 12):
 PSYoungGen      total 23040K, used 0K [0x00000000eab00000, 0x00000000ed200000, 0x0000000100000000)
  eden space 22528K, 0% used [0x00000000eab00000,0x00000000eab00000,0x00000000ec100000)
  from space 512K, 0% used [0x00000000ec180000,0x00000000ec180000,0x00000000ec200000)
  to   space 8704K, 0% used [0x00000000ec980000,0x00000000ec980000,0x00000000ed200000)
 ParOldGen       total 263680K, used 212176K [0x00000000c0000000, 0x00000000d0180000, 0x00000000eab00000)
  object space 263680K, 80% used [0x00000000c0000000,0x00000000ccf340f8,0x00000000d0180000)
 Metaspace       used 74779K, committed 76032K, reserved 1179648K
  class space    used 7844K, committed 8384K, reserved 1048576K
}
Event: 20.607 GC heap before
{Heap before GC invocations=265 (full 12):
 PSYoungGen      total 23040K, used 22528K [0x00000000eab00000, 0x00000000ed200000, 0x0000000100000000)
  eden space 22528K, 100% used [0x00000000eab00000,0x00000000ec100000,0x00000000ec100000)
  from space 512K, 0% used [0x00000000ec180000,0x00000000ec180000,0x00000000ec200000)
  to   space 8704K, 0% used [0x00000000ec980000,0x00000000ec980000,0x00000000ed200000)
 ParOldGen       total 263680K, used 212176K [0x00000000c0000000, 0x00000000d0180000, 0x00000000eab00000)
  object space 263680K, 80% used [0x00000000c0000000,0x00000000ccf340f8,0x00000000d0180000)
 Metaspace       used 74807K, committed 76032K, reserved 1179648K
  class space    used 7844K, committed 8384K, reserved 1048576K
}
Event: 20.613 GC heap after
{Heap after GC invocations=265 (full 12):
 PSYoungGen      total 29696K, used 5355K [0x00000000eab00000, 0x00000000ecf00000, 0x0000000100000000)
  eden space 24064K, 0% used [0x00000000eab00000,0x00000000eab00000,0x00000000ec280000)
  from space 5632K, 95% used [0x00000000ec980000,0x00000000ecebaf40,0x00000000ecf00000)
  to   space 6144K, 0% used [0x00000000ec300000,0x00000000ec300000,0x00000000ec900000)
 ParOldGen       total 263680K, used 212176K [0x00000000c0000000, 0x00000000d0180000, 0x00000000eab00000)
  object space 263680K, 80% used [0x00000000c0000000,0x00000000ccf340f8,0x00000000d0180000)
 Metaspace       used 74807K, committed 76032K, reserved 1179648K
  class space    used 7844K, committed 8384K, reserved 1048576K
}
Event: 20.895 GC heap before
{Heap before GC invocations=266 (full 12):
 PSYoungGen      total 29696K, used 29419K [0x00000000eab00000, 0x00000000ecf00000, 0x0000000100000000)
  eden space 24064K, 100% used [0x00000000eab00000,0x00000000ec280000,0x00000000ec280000)
  from space 5632K, 95% used [0x00000000ec980000,0x00000000ecebaf40,0x00000000ecf00000)
  to   space 6144K, 0% used [0x00000000ec300000,0x00000000ec300000,0x00000000ec900000)
 ParOldGen       total 263680K, used 212176K [0x00000000c0000000, 0x00000000d0180000, 0x00000000eab00000)
  object space 263680K, 80% used [0x00000000c0000000,0x00000000ccf340f8,0x00000000d0180000)
 Metaspace       used 74808K, committed 76032K, reserved 1179648K
  class space    used 7844K, committed 8384K, reserved 1048576K
}
Event: 20.904 GC heap after
{Heap after GC invocations=266 (full 12):
 PSYoungGen      total 30720K, used 6125K [0x00000000eab00000, 0x00000000edb00000, 0x0000000100000000)
  eden space 24576K, 0% used [0x00000000eab00000,0x00000000eab00000,0x00000000ec300000)
  from space 6144K, 99% used [0x00000000ec300000,0x00000000ec8fb4d8,0x00000000ec900000)
  to   space 11776K, 0% used [0x00000000ecf80000,0x00000000ecf80000,0x00000000edb00000)
 ParOldGen       total 263680K, used 216613K [0x00000000c0000000, 0x00000000d0180000, 0x00000000eab00000)
  object space 263680K, 82% used [0x00000000c0000000,0x00000000cd389678,0x00000000d0180000)
 Metaspace       used 74808K, committed 76032K, reserved 1179648K
  class space    used 7844K, committed 8384K, reserved 1048576K
}
Event: 21.111 GC heap before
{Heap before GC invocations=267 (full 12):
 PSYoungGen      total 30720K, used 30701K [0x00000000eab00000, 0x00000000edb00000, 0x0000000100000000)
  eden space 24576K, 100% used [0x00000000eab00000,0x00000000ec300000,0x00000000ec300000)
  from space 6144K, 99% used [0x00000000ec300000,0x00000000ec8fb4d8,0x00000000ec900000)
  to   space 11776K, 0% used [0x00000000ecf80000,0x00000000ecf80000,0x00000000edb00000)
 ParOldGen       total 263680K, used 216613K [0x00000000c0000000, 0x00000000d0180000, 0x00000000eab00000)
  object space 263680K, 82% used [0x00000000c0000000,0x00000000cd389678,0x00000000d0180000)
 Metaspace       used 74820K, committed 76032K, reserved 1179648K
  class space    used 7844K, committed 8384K, reserved 1048576K
}
Event: 21.124 GC heap after
{Heap after GC invocations=267 (full 12):
 PSYoungGen      total 37376K, used 11370K [0x00000000eab00000, 0x00000000edb80000, 0x0000000100000000)
  eden space 25600K, 0% used [0x00000000eab00000,0x00000000eab00000,0x00000000ec400000)
  from space 11776K, 96% used [0x00000000ecf80000,0x00000000eda9aad0,0x00000000edb00000)
  to   space 11776K, 0% used [0x00000000ec400000,0x00000000ec400000,0x00000000ecf80000)
 ParOldGen       total 263680K, used 216621K [0x00000000c0000000, 0x00000000d0180000, 0x00000000eab00000)
  object space 263680K, 82% used [0x00000000c0000000,0x00000000cd38b678,0x00000000d0180000)
 Metaspace       used 74820K, committed 76032K, reserved 1179648K
  class space    used 7844K, committed 8384K, reserved 1048576K
}
Event: 21.377 GC heap before
{Heap before GC invocations=268 (full 12):
 PSYoungGen      total 37376K, used 36970K [0x00000000eab00000, 0x00000000edb80000, 0x0000000100000000)
  eden space 25600K, 100% used [0x00000000eab00000,0x00000000ec400000,0x00000000ec400000)
  from space 11776K, 96% used [0x00000000ecf80000,0x00000000eda9aad0,0x00000000edb00000)
  to   space 11776K, 0% used [0x00000000ec400000,0x00000000ec400000,0x00000000ecf80000)
 ParOldGen       total 263680K, used 216621K [0x00000000c0000000, 0x00000000d0180000, 0x00000000eab00000)
  object space 263680K, 82% used [0x00000000c0000000,0x00000000cd38b678,0x00000000d0180000)
 Metaspace       used 74820K, committed 76032K, reserved 1179648K
  class space    used 7844K, committed 8384K, reserved 1048576K
}
Event: 21.387 GC heap after
{Heap after GC invocations=268 (full 12):
 PSYoungGen      total 37376K, used 11749K [0x00000000eab00000, 0x00000000ee880000, 0x0000000100000000)
  eden space 25600K, 0% used [0x00000000eab00000,0x00000000eab00000,0x00000000ec400000)
  from space 11776K, 99% used [0x00000000ec400000,0x00000000ecf79798,0x00000000ecf80000)
  to   space 17920K, 0% used [0x00000000ed700000,0x00000000ed700000,0x00000000ee880000)
 ParOldGen       total 263680K, used 221741K [0x00000000c0000000, 0x00000000d0180000, 0x00000000eab00000)
  object space 263680K, 84% used [0x00000000c0000000,0x00000000cd88b598,0x00000000d0180000)
 Metaspace       used 74820K, committed 76032K, reserved 1179648K
  class space    used 7844K, committed 8384K, reserved 1048576K
}
Event: 21.521 GC heap before
{Heap before GC invocations=269 (full 12):
 PSYoungGen      total 37376K, used 37349K [0x00000000eab00000, 0x00000000ee880000, 0x0000000100000000)
  eden space 25600K, 100% used [0x00000000eab00000,0x00000000ec400000,0x00000000ec400000)
  from space 11776K, 99% used [0x00000000ec400000,0x00000000ecf79798,0x00000000ecf80000)
  to   space 17920K, 0% used [0x00000000ed700000,0x00000000ed700000,0x00000000ee880000)
 ParOldGen       total 263680K, used 221741K [0x00000000c0000000, 0x00000000d0180000, 0x00000000eab00000)
  object space 263680K, 84% used [0x00000000c0000000,0x00000000cd88b598,0x00000000d0180000)
 Metaspace       used 74820K, committed 76032K, reserved 1179648K
  class space    used 7844K, committed 8384K, reserved 1048576K
}
Event: 21.531 GC heap after
{Heap after GC invocations=269 (full 12):
 PSYoungGen      total 40960K, used 13547K [0x00000000eab00000, 0x00000000ee480000, 0x0000000100000000)
  eden space 27136K, 0% used [0x00000000eab00000,0x00000000eab00000,0x00000000ec580000)
  from space 13824K, 98% used [0x00000000ed700000,0x00000000ee43aef0,0x00000000ee480000)
  to   space 14848K, 0% used [0x00000000ec780000,0x00000000ec780000,0x00000000ed600000)
 ParOldGen       total 263680K, used 225694K [0x00000000c0000000, 0x00000000d0180000, 0x00000000eab00000)
  object space 263680K, 85% used [0x00000000c0000000,0x00000000cdc67868,0x00000000d0180000)
 Metaspace       used 74820K, committed 76032K, reserved 1179648K
  class space    used 7844K, committed 8384K, reserved 1048576K
}
Event: 21.657 GC heap before
{Heap before GC invocations=270 (full 12):
 PSYoungGen      total 40960K, used 40683K [0x00000000eab00000, 0x00000000ee480000, 0x0000000100000000)
  eden space 27136K, 100% used [0x00000000eab00000,0x00000000ec580000,0x00000000ec580000)
  from space 13824K, 98% used [0x00000000ed700000,0x00000000ee43aef0,0x00000000ee480000)
  to   space 14848K, 0% used [0x00000000ec780000,0x00000000ec780000,0x00000000ed600000)
 ParOldGen       total 263680K, used 225694K [0x00000000c0000000, 0x00000000d0180000, 0x00000000eab00000)
  object space 263680K, 85% used [0x00000000c0000000,0x00000000cdc67868,0x00000000d0180000)
 Metaspace       used 74821K, committed 76032K, reserved 1179648K
  class space    used 7844K, committed 8384K, reserved 1048576K
}
Event: 21.669 GC heap after
{Heap after GC invocations=270 (full 12):
 PSYoungGen      total 43520K, used 14822K [0x00000000eab00000, 0x00000000eef00000, 0x0000000100000000)
  eden space 28672K, 0% used [0x00000000eab00000,0x00000000eab00000,0x00000000ec700000)
  from space 14848K, 99% used [0x00000000ec780000,0x00000000ed5f9b40,0x00000000ed600000)
  to   space 20480K, 0% used [0x00000000edb00000,0x00000000edb00000,0x00000000eef00000)
 ParOldGen       total 263680K, used 230128K [0x00000000c0000000, 0x00000000d0180000, 0x00000000eab00000)
  object space 263680K, 87% used [0x00000000c0000000,0x00000000ce0bc360,0x00000000d0180000)
 Metaspace       used 74821K, committed 76032K, reserved 1179648K
  class space    used 7844K, committed 8384K, reserved 1048576K
}
Event: 21.911 GC heap before
{Heap before GC invocations=271 (full 12):
 PSYoungGen      total 43520K, used 43494K [0x00000000eab00000, 0x00000000eef00000, 0x0000000100000000)
  eden space 28672K, 100% used [0x00000000eab00000,0x00000000ec700000,0x00000000ec700000)
  from space 14848K, 99% used [0x00000000ec780000,0x00000000ed5f9b40,0x00000000ed600000)
  to   space 20480K, 0% used [0x00000000edb00000,0x00000000edb00000,0x00000000eef00000)
 ParOldGen       total 263680K, used 230128K [0x00000000c0000000, 0x00000000d0180000, 0x00000000eab00000)
  object space 263680K, 87% used [0x00000000c0000000,0x00000000ce0bc360,0x00000000d0180000)
 Metaspace       used 74825K, committed 76032K, reserved 1179648K
  class space    used 7844K, committed 8384K, reserved 1048576K
}
Event: 21.934 GC heap after
{Heap after GC invocations=271 (full 12):
 PSYoungGen      total 47104K, used 15942K [0x00000000eab00000, 0x00000000eeb00000, 0x0000000100000000)
  eden space 30720K, 0% used [0x00000000eab00000,0x00000000eab00000,0x00000000ec900000)
  from space 16384K, 97% used [0x00000000edb00000,0x00000000eea91a30,0x00000000eeb00000)
  to   space 17408K, 0% used [0x00000000ec900000,0x00000000ec900000,0x00000000eda00000)
 ParOldGen       total 263680K, used 235605K [0x00000000c0000000, 0x00000000d0180000, 0x00000000eab00000)
  object space 263680K, 89% used [0x00000000c0000000,0x00000000ce615718,0x00000000d0180000)
 Metaspace       used 74825K, committed 76032K, reserved 1179648K
  class space    used 7844K, committed 8384K, reserved 1048576K
}
Event: 22.206 GC heap before
{Heap before GC invocations=272 (full 12):
 PSYoungGen      total 47104K, used 46662K [0x00000000eab00000, 0x00000000eeb00000, 0x0000000100000000)
  eden space 30720K, 100% used [0x00000000eab00000,0x00000000ec900000,0x00000000ec900000)
  from space 16384K, 97% used [0x00000000edb00000,0x00000000eea91a30,0x00000000eeb00000)
  to   space 17408K, 0% used [0x00000000ec900000,0x00000000ec900000,0x00000000eda00000)
 ParOldGen       total 263680K, used 235605K [0x00000000c0000000, 0x00000000d0180000, 0x00000000eab00000)
  object space 263680K, 89% used [0x00000000c0000000,0x00000000ce615718,0x00000000d0180000)
 Metaspace       used 74862K, committed 76096K, reserved 1179648K
  class space    used 7844K, committed 8384K, reserved 1048576K
}
Event: 22.222 GC heap after
{Heap after GC invocations=272 (full 12):
 PSYoungGen      total 48128K, used 17403K [0x00000000eab00000, 0x00000000eeb00000, 0x0000000100000000)
  eden space 30720K, 0% used [0x00000000eab00000,0x00000000eab00000,0x00000000ec900000)
  from space 17408K, 99% used [0x00000000ec900000,0x00000000ed9fec10,0x00000000eda00000)
  to   space 16384K, 0% used [0x00000000edb00000,0x00000000edb00000,0x00000000eeb00000)
 ParOldGen       total 263680K, used 238393K [0x00000000c0000000, 0x00000000d0180000, 0x00000000eab00000)
  object space 263680K, 90% used [0x00000000c0000000,0x00000000ce8ce688,0x00000000d0180000)
 Metaspace       used 74862K, committed 76096K, reserved 1179648K
  class space    used 7844K, committed 8384K, reserved 1048576K
}
Event: 22.422 GC heap before
{Heap before GC invocations=273 (full 12):
 PSYoungGen      total 48128K, used 48123K [0x00000000eab00000, 0x00000000eeb00000, 0x0000000100000000)
  eden space 30720K, 100% used [0x00000000eab00000,0x00000000ec900000,0x00000000ec900000)
  from space 17408K, 99% used [0x00000000ec900000,0x00000000ed9fec10,0x00000000eda00000)
  to   space 16384K, 0% used [0x00000000edb00000,0x00000000edb00000,0x00000000eeb00000)
 ParOldGen       total 263680K, used 238393K [0x00000000c0000000, 0x00000000d0180000, 0x00000000eab00000)
  object space 263680K, 90% used [0x00000000c0000000,0x00000000ce8ce688,0x00000000d0180000)
 Metaspace       used 74862K, committed 76096K, reserved 1179648K
  class space    used 7844K, committed 8384K, reserved 1048576K
}
Event: 22.438 GC heap after
{Heap after GC invocations=273 (full 12):
 PSYoungGen      total 47616K, used 16234K [0x00000000eab00000, 0x00000000eee00000, 0x0000000100000000)
  eden space 31232K, 0% used [0x00000000eab00000,0x00000000eab00000,0x00000000ec980000)
  from space 16384K, 99% used [0x00000000edb00000,0x00000000eeada870,0x00000000eeb00000)
  to   space 17920K, 0% used [0x00000000ec980000,0x00000000ec980000,0x00000000edb00000)
 ParOldGen       total 263680K, used 246324K [0x00000000c0000000, 0x00000000d0180000, 0x00000000eab00000)
  object space 263680K, 93% used [0x00000000c0000000,0x00000000cf08d320,0x00000000d0180000)
 Metaspace       used 74862K, committed 76096K, reserved 1179648K
  class space    used 7844K, committed 8384K, reserved 1048576K
}

