# JRE version: OpenJDK Runtime Environment Temurin-17.0.12+7 (17.0.12+7) (build 17.0.12+7)
# Java VM: OpenJDK 64-Bit Server VM Temurin-17.0.12+7 (17.0.12+7, mixed mode, tiered, compressed oops, compressed class ptrs, parallel gc, windows-amd64)
GC Precious Log:
 CPUs: 8 total, 8 available
 Memory: 3317M
 Large Page Support: Disabled
 NUMA Support: Disabled
 Compressed Oops: Enabled (32-bit)
 Alignments: Space 512K, Generation 512K, Heap 2M
 Heap Min Capacity: 100M
 Heap Initial Capacity: 100M
 Heap Max Capacity: 1G
 Pre-touch: Disabled
 Parallel Workers: 8
Heap:
 PSYoungGen      total 12800K, used 9049K [0x00000000eab00000, 0x00000000ebf00000, 0x0000000100000000)
  eden space 6144K, 46% used [0x00000000eab00000,0x00000000eadc63d0,0x00000000eb100000)
  from space 6656K, 93% used [0x00000000eb880000,0x00000000ebe90080,0x00000000ebf00000)
  to   space 6656K, 0% used [0x00000000eb100000,0x00000000eb100000,0x00000000eb780000)
 ParOldGen       total 273920K, used 211376K [0x00000000c0000000, 0x00000000d0b80000, 0x00000000eab00000)
  object space 273920K, 77% used [0x00000000c0000000,0x00000000cce6c340,0x00000000d0b80000)
 Metaspace       used 81205K, committed 82496K, reserved 1179648K
  class space    used 8420K, committed 8960K, reserved 1048576K
GC Heap History (20 events):
Event: 192.495 GC heap before
{Heap before GC invocations=240 (full 11):
 PSYoungGen      total 13824K, used 13809K [0x00000000eab00000, 0x00000000ec480000, 0x0000000100000000)
  eden space 7680K, 100% used [0x00000000eab00000,0x00000000eb280000,0x00000000eb280000)
  from space 6144K, 99% used [0x00000000eba80000,0x00000000ec07c560,0x00000000ec080000)
  to   space 8192K, 0% used [0x00000000eb280000,0x00000000eb280000,0x00000000eba80000)
 ParOldGen       total 273920K, used 203885K [0x00000000c0000000, 0x00000000d0b80000, 0x00000000eab00000)
  object space 273920K, 74% used [0x00000000c0000000,0x00000000cc71b6f8,0x00000000d0b80000)
 Metaspace       used 80992K, committed 82240K, reserved 1179648K
  class space    used 8416K, committed 8960K, reserved 1048576K
}
Event: 192.506 GC heap after
{Heap after GC invocations=240 (full 11):
 PSYoungGen      total 15872K, used 8176K [0x00000000eab00000, 0x00000000ec480000, 0x0000000100000000)
  eden space 7680K, 0% used [0x00000000eab00000,0x00000000eab00000,0x00000000eb280000)
  from space 8192K, 99% used [0x00000000eb280000,0x00000000eba7c110,0x00000000eba80000)
  to   space 9216K, 0% used [0x00000000ebb80000,0x00000000ebb80000,0x00000000ec480000)
 ParOldGen       total 273920K, used 204356K [0x00000000c0000000, 0x00000000d0b80000, 0x00000000eab00000)
  object space 273920K, 74% used [0x00000000c0000000,0x00000000cc791160,0x00000000d0b80000)
 Metaspace       used 80992K, committed 82240K, reserved 1179648K
  class space    used 8416K, committed 8960K, reserved 1048576K
}
Event: 192.586 GC heap before
{Heap before GC invocations=241 (full 11):
 PSYoungGen      total 15872K, used 15856K [0x00000000eab00000, 0x00000000ec480000, 0x0000000100000000)
  eden space 7680K, 100% used [0x00000000eab00000,0x00000000eb280000,0x00000000eb280000)
  from space 8192K, 99% used [0x00000000eb280000,0x00000000eba7c110,0x00000000eba80000)
  to   space 9216K, 0% used [0x00000000ebb80000,0x00000000ebb80000,0x00000000ec480000)
 ParOldGen       total 273920K, used 204356K [0x00000000c0000000, 0x00000000d0b80000, 0x00000000eab00000)
  object space 273920K, 74% used [0x00000000c0000000,0x00000000cc791160,0x00000000d0b80000)
 Metaspace       used 81008K, committed 82304K, reserved 1179648K
  class space    used 8416K, committed 8960K, reserved 1048576K
}
Event: 192.603 GC heap after
{Heap after GC invocations=241 (full 11):
 PSYoungGen      total 15360K, used 7632K [0x00000000eab00000, 0x00000000ec300000, 0x0000000100000000)
  eden space 7680K, 0% used [0x00000000eab00000,0x00000000eab00000,0x00000000eb280000)
  from space 7680K, 99% used [0x00000000ebb80000,0x00000000ec2f4070,0x00000000ec300000)
  to   space 8192K, 0% used [0x00000000eb300000,0x00000000eb300000,0x00000000ebb00000)
 ParOldGen       total 273920K, used 205694K [0x00000000c0000000, 0x00000000d0b80000, 0x00000000eab00000)
  object space 273920K, 75% used [0x00000000c0000000,0x00000000cc8df8e0,0x00000000d0b80000)
 Metaspace       used 81008K, committed 82304K, reserved 1179648K
  class space    used 8416K, committed 8960K, reserved 1048576K
}
Event: 192.661 GC heap before
{Heap before GC invocations=242 (full 11):
 PSYoungGen      total 15360K, used 15312K [0x00000000eab00000, 0x00000000ec300000, 0x0000000100000000)
  eden space 7680K, 100% used [0x00000000eab00000,0x00000000eb280000,0x00000000eb280000)
  from space 7680K, 99% used [0x00000000ebb80000,0x00000000ec2f4070,0x00000000ec300000)
  to   space 8192K, 0% used [0x00000000eb300000,0x00000000eb300000,0x00000000ebb00000)
 ParOldGen       total 273920K, used 205694K [0x00000000c0000000, 0x00000000d0b80000, 0x00000000eab00000)
  object space 273920K, 75% used [0x00000000c0000000,0x00000000cc8df8e0,0x00000000d0b80000)
 Metaspace       used 81036K, committed 82304K, reserved 1179648K
  class space    used 8416K, committed 8960K, reserved 1048576K
}
Event: 192.670 GC heap after
{Heap after GC invocations=242 (full 11):
 PSYoungGen      total 15872K, used 8160K [0x00000000eab00000, 0x00000000ec380000, 0x0000000100000000)
  eden space 7680K, 0% used [0x00000000eab00000,0x00000000eab00000,0x00000000eb280000)
  from space 8192K, 99% used [0x00000000eb300000,0x00000000ebaf80a0,0x00000000ebb00000)
  to   space 8704K, 0% used [0x00000000ebb00000,0x00000000ebb00000,0x00000000ec380000)
 ParOldGen       total 273920K, used 205758K [0x00000000c0000000, 0x00000000d0b80000, 0x00000000eab00000)
  object space 273920K, 75% used [0x00000000c0000000,0x00000000cc8ef8e0,0x00000000d0b80000)
 Metaspace       used 81036K, committed 82304K, reserved 1179648K
  class space    used 8416K, committed 8960K, reserved 1048576K
}
Event: 192.728 GC heap before
{Heap before GC invocations=243 (full 11):
 PSYoungGen      total 15872K, used 15840K [0x00000000eab00000, 0x00000000ec380000, 0x0000000100000000)
  eden space 7680K, 100% used [0x00000000eab00000,0x00000000eb280000,0x00000000eb280000)
  from space 8192K, 99% used [0x00000000eb300000,0x00000000ebaf80a0,0x00000000ebb00000)
  to   space 8704K, 0% used [0x00000000ebb00000,0x00000000ebb00000,0x00000000ec380000)
 ParOldGen       total 273920K, used 205758K [0x00000000c0000000, 0x00000000d0b80000, 0x00000000eab00000)
  object space 273920K, 75% used [0x00000000c0000000,0x00000000cc8ef8e0,0x00000000d0b80000)
 Metaspace       used 81046K, committed 82304K, reserved 1179648K
  class space    used 8416K, committed 8960K, reserved 1048576K
}
Event: 192.745 GC heap after
{Heap after GC invocations=243 (full 11):
 PSYoungGen      total 15360K, used 7584K [0x00000000eab00000, 0x00000000ec280000, 0x0000000100000000)
  eden space 7680K, 0% used [0x00000000eab00000,0x00000000eab00000,0x00000000eb280000)
  from space 7680K, 98% used [0x00000000ebb00000,0x00000000ec268040,0x00000000ec280000)
  to   space 8192K, 0% used [0x00000000eb280000,0x00000000eb280000,0x00000000eba80000)
 ParOldGen       total 273920K, used 207716K [0x00000000c0000000, 0x00000000d0b80000, 0x00000000eab00000)
  object space 273920K, 75% used [0x00000000c0000000,0x00000000ccad9240,0x00000000d0b80000)
 Metaspace       used 81046K, committed 82304K, reserved 1179648K
  class space    used 8416K, committed 8960K, reserved 1048576K
}
Event: 192.773 GC heap before
{Heap before GC invocations=244 (full 11):
 PSYoungGen      total 15360K, used 15264K [0x00000000eab00000, 0x00000000ec280000, 0x0000000100000000)
  eden space 7680K, 100% used [0x00000000eab00000,0x00000000eb280000,0x00000000eb280000)
  from space 7680K, 98% used [0x00000000ebb00000,0x00000000ec268040,0x00000000ec280000)
  to   space 8192K, 0% used [0x00000000eb280000,0x00000000eb280000,0x00000000eba80000)
 ParOldGen       total 273920K, used 207716K [0x00000000c0000000, 0x00000000d0b80000, 0x00000000eab00000)
  object space 273920K, 75% used [0x00000000c0000000,0x00000000ccad9240,0x00000000d0b80000)
 Metaspace       used 81046K, committed 82304K, reserved 1179648K
  class space    used 8416K, committed 8960K, reserved 1048576K
}
Event: 192.778 GC heap after
{Heap after GC invocations=244 (full 11):
 PSYoungGen      total 15872K, used 7744K [0x00000000eab00000, 0x00000000ec280000, 0x0000000100000000)
  eden space 7680K, 0% used [0x00000000eab00000,0x00000000eab00000,0x00000000eb280000)
  from space 8192K, 94% used [0x00000000eb280000,0x00000000eba10060,0x00000000eba80000)
  to   space 8192K, 0% used [0x00000000eba80000,0x00000000eba80000,0x00000000ec280000)
 ParOldGen       total 273920K, used 207716K [0x00000000c0000000, 0x00000000d0b80000, 0x00000000eab00000)
  object space 273920K, 75% used [0x00000000c0000000,0x00000000ccad9240,0x00000000d0b80000)
 Metaspace       used 81046K, committed 82304K, reserved 1179648K
  class space    used 8416K, committed 8960K, reserved 1048576K
}
Event: 192.810 GC heap before
{Heap before GC invocations=245 (full 11):
 PSYoungGen      total 15872K, used 15424K [0x00000000eab00000, 0x00000000ec280000, 0x0000000100000000)
  eden space 7680K, 100% used [0x00000000eab00000,0x00000000eb280000,0x00000000eb280000)
  from space 8192K, 94% used [0x00000000eb280000,0x00000000eba10060,0x00000000eba80000)
  to   space 8192K, 0% used [0x00000000eba80000,0x00000000eba80000,0x00000000ec280000)
 ParOldGen       total 273920K, used 207716K [0x00000000c0000000, 0x00000000d0b80000, 0x00000000eab00000)
  object space 273920K, 75% used [0x00000000c0000000,0x00000000ccad9240,0x00000000d0b80000)
 Metaspace       used 81061K, committed 82368K, reserved 1179648K
  class space    used 8416K, committed 8960K, reserved 1048576K
}
Event: 192.815 GC heap after
{Heap after GC invocations=245 (full 11):
 PSYoungGen      total 15360K, used 8160K [0x00000000eab00000, 0x00000000ec380000, 0x0000000100000000)
  eden space 7168K, 0% used [0x00000000eab00000,0x00000000eab00000,0x00000000eb200000)
  from space 8192K, 99% used [0x00000000eba80000,0x00000000ec278040,0x00000000ec280000)
  to   space 8704K, 0% used [0x00000000eb200000,0x00000000eb200000,0x00000000eba80000)
 ParOldGen       total 273920K, used 207948K [0x00000000c0000000, 0x00000000d0b80000, 0x00000000eab00000)
  object space 273920K, 75% used [0x00000000c0000000,0x00000000ccb13240,0x00000000d0b80000)
 Metaspace       used 81061K, committed 82368K, reserved 1179648K
  class space    used 8416K, committed 8960K, reserved 1048576K
}
Event: 192.896 GC heap before
{Heap before GC invocations=246 (full 11):
 PSYoungGen      total 15360K, used 15328K [0x00000000eab00000, 0x00000000ec380000, 0x0000000100000000)
  eden space 7168K, 100% used [0x00000000eab00000,0x00000000eb200000,0x00000000eb200000)
  from space 8192K, 99% used [0x00000000eba80000,0x00000000ec278040,0x00000000ec280000)
  to   space 8704K, 0% used [0x00000000eb200000,0x00000000eb200000,0x00000000eba80000)
 ParOldGen       total 273920K, used 207948K [0x00000000c0000000, 0x00000000d0b80000, 0x00000000eab00000)
  object space 273920K, 75% used [0x00000000c0000000,0x00000000ccb13240,0x00000000d0b80000)
 Metaspace       used 81093K, committed 82368K, reserved 1179648K
  class space    used 8416K, committed 8960K, reserved 1048576K
}
Event: 192.905 GC heap after
{Heap after GC invocations=246 (full 11):
 PSYoungGen      total 15360K, used 7824K [0x00000000eab00000, 0x00000000ec200000, 0x0000000100000000)
  eden space 7168K, 0% used [0x00000000eab00000,0x00000000eab00000,0x00000000eb200000)
  from space 8192K, 95% used [0x00000000eb200000,0x00000000eb9a4030,0x00000000eba00000)
  to   space 8192K, 0% used [0x00000000eba00000,0x00000000eba00000,0x00000000ec200000)
 ParOldGen       total 273920K, used 208100K [0x00000000c0000000, 0x00000000d0b80000, 0x00000000eab00000)
  object space 273920K, 75% used [0x00000000c0000000,0x00000000ccb39280,0x00000000d0b80000)
 Metaspace       used 81093K, committed 82368K, reserved 1179648K
  class space    used 8416K, committed 8960K, reserved 1048576K
}
Event: 193.494 GC heap before
{Heap before GC invocations=247 (full 11):
 PSYoungGen      total 15360K, used 14992K [0x00000000eab00000, 0x00000000ec200000, 0x0000000100000000)
  eden space 7168K, 100% used [0x00000000eab00000,0x00000000eb200000,0x00000000eb200000)
  from space 8192K, 95% used [0x00000000eb200000,0x00000000eb9a4030,0x00000000eba00000)
  to   space 8192K, 0% used [0x00000000eba00000,0x00000000eba00000,0x00000000ec200000)
 ParOldGen       total 273920K, used 208100K [0x00000000c0000000, 0x00000000d0b80000, 0x00000000eab00000)
  object space 273920K, 75% used [0x00000000c0000000,0x00000000ccb39280,0x00000000d0b80000)
 Metaspace       used 81139K, committed 82432K, reserved 1179648K
  class space    used 8416K, committed 8960K, reserved 1048576K
}
Event: 193.505 GC heap after
{Heap after GC invocations=247 (full 11):
 PSYoungGen      total 14336K, used 8160K [0x00000000eab00000, 0x00000000ec400000, 0x0000000100000000)
  eden space 6144K, 0% used [0x00000000eab00000,0x00000000eab00000,0x00000000eb100000)
  from space 8192K, 99% used [0x00000000eba00000,0x00000000ec1f8060,0x00000000ec200000)
  to   space 9216K, 0% used [0x00000000eb100000,0x00000000eb100000,0x00000000eba00000)
 ParOldGen       total 273920K, used 208868K [0x00000000c0000000, 0x00000000d0b80000, 0x00000000eab00000)
  object space 273920K, 76% used [0x00000000c0000000,0x00000000ccbf92d0,0x00000000d0b80000)
 Metaspace       used 81139K, committed 82432K, reserved 1179648K
  class space    used 8416K, committed 8960K, reserved 1048576K
}
Event: 201.109 GC heap before
{Heap before GC invocations=248 (full 11):
 PSYoungGen      total 14336K, used 14304K [0x00000000eab00000, 0x00000000ec400000, 0x0000000100000000)
  eden space 6144K, 100% used [0x00000000eab00000,0x00000000eb100000,0x00000000eb100000)
  from space 8192K, 99% used [0x00000000eba00000,0x00000000ec1f8060,0x00000000ec200000)
  to   space 9216K, 0% used [0x00000000eb100000,0x00000000eb100000,0x00000000eba00000)
 ParOldGen       total 273920K, used 208868K [0x00000000c0000000, 0x00000000d0b80000, 0x00000000eab00000)
  object space 273920K, 76% used [0x00000000c0000000,0x00000000ccbf92d0,0x00000000d0b80000)
 Metaspace       used 81189K, committed 82496K, reserved 1179648K
  class space    used 8419K, committed 8960K, reserved 1048576K
}
Event: 201.140 GC heap after
{Heap after GC invocations=248 (full 11):
 PSYoungGen      total 12800K, used 6464K [0x00000000eab00000, 0x00000000ec000000, 0x0000000100000000)
  eden space 6144K, 0% used [0x00000000eab00000,0x00000000eab00000,0x00000000eb100000)
  from space 6656K, 97% used [0x00000000eb100000,0x00000000eb750080,0x00000000eb780000)
  to   space 7680K, 0% used [0x00000000eb880000,0x00000000eb880000,0x00000000ec000000)
 ParOldGen       total 273920K, used 211376K [0x00000000c0000000, 0x00000000d0b80000, 0x00000000eab00000)
  object space 273920K, 77% used [0x00000000c0000000,0x00000000cce6c340,0x00000000d0b80000)
 Metaspace       used 81189K, committed 82496K, reserved 1179648K
  class space    used 8419K, committed 8960K, reserved 1048576K
}
Event: 201.240 GC heap before
{Heap before GC invocations=249 (full 11):
 PSYoungGen      total 12800K, used 12608K [0x00000000eab00000, 0x00000000ec000000, 0x0000000100000000)
  eden space 6144K, 100% used [0x00000000eab00000,0x00000000eb100000,0x00000000eb100000)
  from space 6656K, 97% used [0x00000000eb100000,0x00000000eb750080,0x00000000eb780000)
  to   space 7680K, 0% used [0x00000000eb880000,0x00000000eb880000,0x00000000ec000000)
 ParOldGen       total 273920K, used 211376K [0x00000000c0000000, 0x00000000d0b80000, 0x00000000eab00000)
  object space 273920K, 77% used [0x00000000c0000000,0x00000000cce6c340,0x00000000d0b80000)
 Metaspace       used 81203K, committed 82496K, reserved 1179648K
  class space    used 8420K, committed 8960K, reserved 1048576K
}
Event: 201.247 GC heap after
{Heap after GC invocations=249 (full 11):
 PSYoungGen      total 12800K, used 6208K [0x00000000eab00000, 0x00000000ebf00000, 0x0000000100000000)
  eden space 6144K, 0% used [0x00000000eab00000,0x00000000eab00000,0x00000000eb100000)
  from space 6656K, 93% used [0x00000000eb880000,0x00000000ebe90080,0x00000000ebf00000)
  to   space 6656K, 0% used [0x00000000eb100000,0x00000000eb100000,0x00000000eb780000)
 ParOldGen       total 273920K, used 211376K [0x00000000c0000000, 0x00000000d0b80000, 0x00000000eab00000)
  object space 273920K, 77% used [0x00000000c0000000,0x00000000cce6c340,0x00000000d0b80000)
 Metaspace       used 81203K, committed 82496K, reserved 1179648K
  class space    used 8420K, committed 8960K, reserved 1048576K
}

