# JRE version: OpenJDK Runtime Environment Temurin-17.0.12+7 (17.0.12+7) (build 17.0.12+7)
# Java VM: OpenJDK 64-Bit Server VM Temurin-17.0.12+7 (17.0.12+7, mixed mode, tiered, compressed oops, compressed class ptrs, parallel gc, windows-amd64)
GC Precious Log:
 CPUs: 8 total, 8 available
 Memory: 3317M
 Large Page Support: Disabled
 NUMA Support: Disabled
 Compressed Oops: Enabled (32-bit)
 Alignments: Space 512K, Generation 512K, Heap 2M
 Heap Min Capacity: 100M
 Heap Initial Capacity: 100M
 Heap Max Capacity: 1G
 Pre-touch: Disabled
 Parallel Workers: 8
Heap:
 PSYoungGen      total 10752K, used 7996K [0x00000000eab00000, 0x00000000ebc80000, 0x0000000100000000)
  eden space 10240K, 75% used [0x00000000eab00000,0x00000000eb28f260,0x00000000eb500000)
  from space 512K, 50% used [0x00000000ebc00000,0x00000000ebc40000,0x00000000ebc80000)
  to   space 2048K, 0% used [0x00000000eb880000,0x00000000eb880000,0x00000000eba80000)
 ParOldGen       total 197632K, used 123353K [0x00000000c0000000, 0x00000000cc100000, 0x00000000eab00000)
  object space 197632K, 62% used [0x00000000c0000000,0x00000000c78764c0,0x00000000cc100000)
 Metaspace       used 94624K, committed 96000K, reserved 1179648K
  class space    used 9544K, committed 10176K, reserved 1048576K
GC Heap History (20 events):
Event: 12458.251 GC heap before
{Heap before GC invocations=1514 (full 25):
 PSYoungGen      total 7168K, used 6874K [0x00000000eab00000, 0x00000000eb380000, 0x0000000100000000)
  eden space 6656K, 99% used [0x00000000eab00000,0x00000000eb176938,0x00000000eb180000)
  from space 512K, 50% used [0x00000000eb300000,0x00000000eb340000,0x00000000eb380000)
  to   space 512K, 0% used [0x00000000eb180000,0x00000000eb180000,0x00000000eb200000)
 ParOldGen       total 185344K, used 171741K [0x00000000c0000000, 0x00000000cb500000, 0x00000000eab00000)
  object space 185344K, 92% used [0x00000000c0000000,0x00000000ca7b7438,0x00000000cb500000)
 Metaspace       used 94618K, committed 96000K, reserved 1179648K
  class space    used 9544K, committed 10176K, reserved 1048576K
}
Event: 12458.290 GC heap after
{Heap after GC invocations=1514 (full 25):
 PSYoungGen      total 7168K, used 496K [0x00000000eab00000, 0x00000000ec300000, 0x0000000100000000)
  eden space 6656K, 0% used [0x00000000eab00000,0x00000000eab00000,0x00000000eb180000)
  from space 512K, 96% used [0x00000000eb180000,0x00000000eb1fc000,0x00000000eb200000)
  to   space 8192K, 0% used [0x00000000ebb00000,0x00000000ebb00000,0x00000000ec300000)
 ParOldGen       total 185344K, used 178114K [0x00000000c0000000, 0x00000000cb500000, 0x00000000eab00000)
  object space 185344K, 96% used [0x00000000c0000000,0x00000000cadf0968,0x00000000cb500000)
 Metaspace       used 94618K, committed 96000K, reserved 1179648K
  class space    used 9544K, committed 10176K, reserved 1048576K
}
Event: 12458.290 GC heap before
{Heap before GC invocations=1515 (full 26):
 PSYoungGen      total 7168K, used 496K [0x00000000eab00000, 0x00000000ec300000, 0x0000000100000000)
  eden space 6656K, 0% used [0x00000000eab00000,0x00000000eab00000,0x00000000eb180000)
  from space 512K, 96% used [0x00000000eb180000,0x00000000eb1fc000,0x00000000eb200000)
  to   space 8192K, 0% used [0x00000000ebb00000,0x00000000ebb00000,0x00000000ec300000)
 ParOldGen       total 185344K, used 178114K [0x00000000c0000000, 0x00000000cb500000, 0x00000000eab00000)
  object space 185344K, 96% used [0x00000000c0000000,0x00000000cadf0968,0x00000000cb500000)
 Metaspace       used 94618K, committed 96000K, reserved 1179648K
  class space    used 9544K, committed 10176K, reserved 1048576K
}
Event: 12459.377 GC heap after
{Heap after GC invocations=1515 (full 26):
 PSYoungGen      total 16384K, used 0K [0x00000000eab00000, 0x00000000ec300000, 0x0000000100000000)
  eden space 8192K, 0% used [0x00000000eab00000,0x00000000eab00000,0x00000000eb300000)
  from space 8192K, 0% used [0x00000000ebb00000,0x00000000ebb00000,0x00000000ec300000)
  to   space 8192K, 0% used [0x00000000eb300000,0x00000000eb300000,0x00000000ebb00000)
 ParOldGen       total 197632K, used 110712K [0x00000000c0000000, 0x00000000cc100000, 0x00000000eab00000)
  object space 197632K, 56% used [0x00000000c0000000,0x00000000c6c1e190,0x00000000cc100000)
 Metaspace       used 94618K, committed 96000K, reserved 1179648K
  class space    used 9544K, committed 10176K, reserved 1048576K
}
Event: 12459.455 GC heap before
{Heap before GC invocations=1516 (full 26):
 PSYoungGen      total 16384K, used 8192K [0x00000000eab00000, 0x00000000ec300000, 0x0000000100000000)
  eden space 8192K, 100% used [0x00000000eab00000,0x00000000eb300000,0x00000000eb300000)
  from space 8192K, 0% used [0x00000000ebb00000,0x00000000ebb00000,0x00000000ec300000)
  to   space 8192K, 0% used [0x00000000eb300000,0x00000000eb300000,0x00000000ebb00000)
 ParOldGen       total 197632K, used 110712K [0x00000000c0000000, 0x00000000cc100000, 0x00000000eab00000)
  object space 197632K, 56% used [0x00000000c0000000,0x00000000c6c1e190,0x00000000cc100000)
 Metaspace       used 94621K, committed 96000K, reserved 1179648K
  class space    used 9544K, committed 10176K, reserved 1048576K
}
Event: 12459.461 GC heap after
{Heap after GC invocations=1516 (full 26):
 PSYoungGen      total 11264K, used 2880K [0x00000000eab00000, 0x00000000ebc00000, 0x0000000100000000)
  eden space 8192K, 0% used [0x00000000eab00000,0x00000000eab00000,0x00000000eb300000)
  from space 3072K, 93% used [0x00000000eb300000,0x00000000eb5d0020,0x00000000eb600000)
  to   space 4608K, 0% used [0x00000000eb780000,0x00000000eb780000,0x00000000ebc00000)
 ParOldGen       total 197632K, used 110712K [0x00000000c0000000, 0x00000000cc100000, 0x00000000eab00000)
  object space 197632K, 56% used [0x00000000c0000000,0x00000000c6c1e190,0x00000000cc100000)
 Metaspace       used 94621K, committed 96000K, reserved 1179648K
  class space    used 9544K, committed 10176K, reserved 1048576K
}
Event: 12459.506 GC heap before
{Heap before GC invocations=1517 (full 26):
 PSYoungGen      total 11264K, used 11072K [0x00000000eab00000, 0x00000000ebc00000, 0x0000000100000000)
  eden space 8192K, 100% used [0x00000000eab00000,0x00000000eb300000,0x00000000eb300000)
  from space 3072K, 93% used [0x00000000eb300000,0x00000000eb5d0020,0x00000000eb600000)
  to   space 4608K, 0% used [0x00000000eb780000,0x00000000eb780000,0x00000000ebc00000)
 ParOldGen       total 197632K, used 110712K [0x00000000c0000000, 0x00000000cc100000, 0x00000000eab00000)
  object space 197632K, 56% used [0x00000000c0000000,0x00000000c6c1e190,0x00000000cc100000)
 Metaspace       used 94621K, committed 96000K, reserved 1179648K
  class space    used 9544K, committed 10176K, reserved 1048576K
}
Event: 12459.535 GC heap after
{Heap after GC invocations=1517 (full 26):
 PSYoungGen      total 11776K, used 512K [0x00000000eab00000, 0x00000000eb900000, 0x0000000100000000)
  eden space 10240K, 0% used [0x00000000eab00000,0x00000000eab00000,0x00000000eb500000)
  from space 1536K, 33% used [0x00000000eb780000,0x00000000eb800000,0x00000000eb900000)
  to   space 2048K, 0% used [0x00000000eb500000,0x00000000eb500000,0x00000000eb700000)
 ParOldGen       total 197632K, used 112841K [0x00000000c0000000, 0x00000000cc100000, 0x00000000eab00000)
  object space 197632K, 57% used [0x00000000c0000000,0x00000000c6e32790,0x00000000cc100000)
 Metaspace       used 94621K, committed 96000K, reserved 1179648K
  class space    used 9544K, committed 10176K, reserved 1048576K
}
Event: 12460.005 GC heap before
{Heap before GC invocations=1518 (full 26):
 PSYoungGen      total 11776K, used 10752K [0x00000000eab00000, 0x00000000eb900000, 0x0000000100000000)
  eden space 10240K, 100% used [0x00000000eab00000,0x00000000eb500000,0x00000000eb500000)
  from space 1536K, 33% used [0x00000000eb780000,0x00000000eb800000,0x00000000eb900000)
  to   space 2048K, 0% used [0x00000000eb500000,0x00000000eb500000,0x00000000eb700000)
 ParOldGen       total 197632K, used 112841K [0x00000000c0000000, 0x00000000cc100000, 0x00000000eab00000)
  object space 197632K, 57% used [0x00000000c0000000,0x00000000c6e32790,0x00000000cc100000)
 Metaspace       used 94622K, committed 96000K, reserved 1179648K
  class space    used 9544K, committed 10176K, reserved 1048576K
}
Event: 12460.041 GC heap after
{Heap after GC invocations=1518 (full 26):
 PSYoungGen      total 12288K, used 2029K [0x00000000eab00000, 0x00000000ec400000, 0x0000000100000000)
  eden space 10240K, 0% used [0x00000000eab00000,0x00000000eab00000,0x00000000eb500000)
  from space 2048K, 99% used [0x00000000eb500000,0x00000000eb6fb508,0x00000000eb700000)
  to   space 7680K, 0% used [0x00000000ebc80000,0x00000000ebc80000,0x00000000ec400000)
 ParOldGen       total 197632K, used 117095K [0x00000000c0000000, 0x00000000cc100000, 0x00000000eab00000)
  object space 197632K, 59% used [0x00000000c0000000,0x00000000c7259c98,0x00000000cc100000)
 Metaspace       used 94622K, committed 96000K, reserved 1179648K
  class space    used 9544K, committed 10176K, reserved 1048576K
}
Event: 12463.993 GC heap before
{Heap before GC invocations=1519 (full 26):
 PSYoungGen      total 12288K, used 12269K [0x00000000eab00000, 0x00000000ec400000, 0x0000000100000000)
  eden space 10240K, 99% used [0x00000000eab00000,0x00000000eb4fffe0,0x00000000eb500000)
  from space 2048K, 99% used [0x00000000eb500000,0x00000000eb6fb508,0x00000000eb700000)
  to   space 7680K, 0% used [0x00000000ebc80000,0x00000000ebc80000,0x00000000ec400000)
 ParOldGen       total 197632K, used 117095K [0x00000000c0000000, 0x00000000cc100000, 0x00000000eab00000)
  object space 197632K, 59% used [0x00000000c0000000,0x00000000c7259c98,0x00000000cc100000)
 Metaspace       used 94624K, committed 96000K, reserved 1179648K
  class space    used 9544K, committed 10176K, reserved 1048576K
}
Event: 12464.024 GC heap after
{Heap after GC invocations=1519 (full 26):
 PSYoungGen      total 11264K, used 720K [0x00000000eab00000, 0x00000000ebd80000, 0x0000000100000000)
  eden space 10240K, 0% used [0x00000000eab00000,0x00000000eab00000,0x00000000eb500000)
  from space 1024K, 70% used [0x00000000ebc80000,0x00000000ebd34050,0x00000000ebd80000)
  to   space 3072K, 0% used [0x00000000eb780000,0x00000000eb780000,0x00000000eba80000)
 ParOldGen       total 197632K, used 119214K [0x00000000c0000000, 0x00000000cc100000, 0x00000000eab00000)
  object space 197632K, 60% used [0x00000000c0000000,0x00000000c746ba20,0x00000000cc100000)
 Metaspace       used 94624K, committed 96000K, reserved 1179648K
  class space    used 9544K, committed 10176K, reserved 1048576K
}
Event: 12464.116 GC heap before
{Heap before GC invocations=1520 (full 26):
 PSYoungGen      total 11264K, used 10960K [0x00000000eab00000, 0x00000000ebd80000, 0x0000000100000000)
  eden space 10240K, 100% used [0x00000000eab00000,0x00000000eb500000,0x00000000eb500000)
  from space 1024K, 70% used [0x00000000ebc80000,0x00000000ebd34050,0x00000000ebd80000)
  to   space 3072K, 0% used [0x00000000eb780000,0x00000000eb780000,0x00000000eba80000)
 ParOldGen       total 197632K, used 119214K [0x00000000c0000000, 0x00000000cc100000, 0x00000000eab00000)
  object space 197632K, 60% used [0x00000000c0000000,0x00000000c746ba20,0x00000000cc100000)
 Metaspace       used 94624K, committed 96000K, reserved 1179648K
  class space    used 9544K, committed 10176K, reserved 1048576K
}
Event: 12464.120 GC heap after
{Heap after GC invocations=1520 (full 26):
 PSYoungGen      total 13312K, used 160K [0x00000000eab00000, 0x00000000ebd00000, 0x0000000100000000)
  eden space 10240K, 0% used [0x00000000eab00000,0x00000000eab00000,0x00000000eb500000)
  from space 3072K, 5% used [0x00000000eb780000,0x00000000eb7a8000,0x00000000eba80000)
  to   space 1024K, 0% used [0x00000000ebc00000,0x00000000ebc00000,0x00000000ebd00000)
 ParOldGen       total 197632K, used 119590K [0x00000000c0000000, 0x00000000cc100000, 0x00000000eab00000)
  object space 197632K, 60% used [0x00000000c0000000,0x00000000c74c9ad0,0x00000000cc100000)
 Metaspace       used 94624K, committed 96000K, reserved 1179648K
  class space    used 9544K, committed 10176K, reserved 1048576K
}
Event: 12464.217 GC heap before
{Heap before GC invocations=1521 (full 26):
 PSYoungGen      total 13312K, used 10400K [0x00000000eab00000, 0x00000000ebd00000, 0x0000000100000000)
  eden space 10240K, 100% used [0x00000000eab00000,0x00000000eb500000,0x00000000eb500000)
  from space 3072K, 5% used [0x00000000eb780000,0x00000000eb7a8000,0x00000000eba80000)
  to   space 1024K, 0% used [0x00000000ebc00000,0x00000000ebc00000,0x00000000ebd00000)
 ParOldGen       total 197632K, used 119590K [0x00000000c0000000, 0x00000000cc100000, 0x00000000eab00000)
  object space 197632K, 60% used [0x00000000c0000000,0x00000000c74c9ad0,0x00000000cc100000)
 Metaspace       used 94624K, committed 96000K, reserved 1179648K
  class space    used 9544K, committed 10176K, reserved 1048576K
}
Event: 12464.222 GC heap after
{Heap after GC invocations=1521 (full 26):
 PSYoungGen      total 10752K, used 256K [0x00000000eab00000, 0x00000000ebc80000, 0x0000000100000000)
  eden space 10240K, 0% used [0x00000000eab00000,0x00000000eab00000,0x00000000eb500000)
  from space 512K, 50% used [0x00000000ebc00000,0x00000000ebc40000,0x00000000ebc80000)
  to   space 512K, 0% used [0x00000000ebb80000,0x00000000ebb80000,0x00000000ebc00000)
 ParOldGen       total 197632K, used 119654K [0x00000000c0000000, 0x00000000cc100000, 0x00000000eab00000)
  object space 197632K, 60% used [0x00000000c0000000,0x00000000c74d9ad0,0x00000000cc100000)
 Metaspace       used 94624K, committed 96000K, reserved 1179648K
  class space    used 9544K, committed 10176K, reserved 1048576K
}
Event: 12465.301 GC heap before
{Heap before GC invocations=1522 (full 26):
 PSYoungGen      total 10752K, used 10496K [0x00000000eab00000, 0x00000000ebc80000, 0x0000000100000000)
  eden space 10240K, 100% used [0x00000000eab00000,0x00000000eb500000,0x00000000eb500000)
  from space 512K, 50% used [0x00000000ebc00000,0x00000000ebc40000,0x00000000ebc80000)
  to   space 512K, 0% used [0x00000000ebb80000,0x00000000ebb80000,0x00000000ebc00000)
 ParOldGen       total 197632K, used 119654K [0x00000000c0000000, 0x00000000cc100000, 0x00000000eab00000)
  object space 197632K, 60% used [0x00000000c0000000,0x00000000c74d9ad0,0x00000000cc100000)
 Metaspace       used 94624K, committed 96000K, reserved 1179648K
  class space    used 9544K, committed 10176K, reserved 1048576K
}
Event: 12465.348 GC heap after
{Heap after GC invocations=1522 (full 26):
 PSYoungGen      total 10752K, used 480K [0x00000000eab00000, 0x00000000ebe00000, 0x0000000100000000)
  eden space 10240K, 0% used [0x00000000eab00000,0x00000000eab00000,0x00000000eb500000)
  from space 512K, 93% used [0x00000000ebb80000,0x00000000ebbf8010,0x00000000ebc00000)
  to   space 2048K, 0% used [0x00000000ebc00000,0x00000000ebc00000,0x00000000ebe00000)
 ParOldGen       total 197632K, used 123129K [0x00000000c0000000, 0x00000000cc100000, 0x00000000eab00000)
  object space 197632K, 62% used [0x00000000c0000000,0x00000000c783e4b0,0x00000000cc100000)
 Metaspace       used 94624K, committed 96000K, reserved 1179648K
  class space    used 9544K, committed 10176K, reserved 1048576K
}
Event: 12465.427 GC heap before
{Heap before GC invocations=1523 (full 26):
 PSYoungGen      total 10752K, used 10720K [0x00000000eab00000, 0x00000000ebe00000, 0x0000000100000000)
  eden space 10240K, 100% used [0x00000000eab00000,0x00000000eb500000,0x00000000eb500000)
  from space 512K, 93% used [0x00000000ebb80000,0x00000000ebbf8010,0x00000000ebc00000)
  to   space 2048K, 0% used [0x00000000ebc00000,0x00000000ebc00000,0x00000000ebe00000)
 ParOldGen       total 197632K, used 123129K [0x00000000c0000000, 0x00000000cc100000, 0x00000000eab00000)
  object space 197632K, 62% used [0x00000000c0000000,0x00000000c783e4b0,0x00000000cc100000)
 Metaspace       used 94624K, committed 96000K, reserved 1179648K
  class space    used 9544K, committed 10176K, reserved 1048576K
}
Event: 12465.435 GC heap after
{Heap after GC invocations=1523 (full 26):
 PSYoungGen      total 10752K, used 256K [0x00000000eab00000, 0x00000000ebc80000, 0x0000000100000000)
  eden space 10240K, 0% used [0x00000000eab00000,0x00000000eab00000,0x00000000eb500000)
  from space 512K, 50% used [0x00000000ebc00000,0x00000000ebc40000,0x00000000ebc80000)
  to   space 2048K, 0% used [0x00000000eb880000,0x00000000eb880000,0x00000000eba80000)
 ParOldGen       total 197632K, used 123353K [0x00000000c0000000, 0x00000000cc100000, 0x00000000eab00000)
  object space 197632K, 62% used [0x00000000c0000000,0x00000000c78764c0,0x00000000cc100000)
 Metaspace       used 94624K, committed 96000K, reserved 1179648K
  class space    used 9544K, committed 10176K, reserved 1048576K
}

