# JRE version: OpenJDK Runtime Environment Temurin-17.0.12+7 (17.0.12+7) (build 17.0.12+7)
# Java VM: OpenJDK 64-Bit Server VM Temurin-17.0.12+7 (17.0.12+7, mixed mode, tiered, compressed oops, compressed class ptrs, parallel gc, windows-amd64)
GC Precious Log:
 CPUs: 8 total, 8 available
 Memory: 3317M
 Large Page Support: Disabled
 NUMA Support: Disabled
 Compressed Oops: Enabled (32-bit)
 Alignments: Space 512K, Generation 512K, Heap 2M
 Heap Min Capacity: 100M
 Heap Initial Capacity: 100M
 Heap Max Capacity: 2G
 Pre-touch: Disabled
 Parallel Workers: 8
Heap:
 PSYoungGen      total 52736K, used 33291K [0x00000000d5580000, 0x00000000d9d80000, 0x0000000100000000)
  eden space 36352K, 46% used [0x00000000d5580000,0x00000000d66075b0,0x00000000d7900000)
  from space 16384K, 99% used [0x00000000d7900000,0x00000000d88fb980,0x00000000d8900000)
  to   space 17408K, 0% used [0x00000000d8c80000,0x00000000d8c80000,0x00000000d9d80000)
 ParOldGen       total 438272K, used 332076K [0x0000000080000000, 0x000000009ac00000, 0x00000000d5580000)
  object space 438272K, 75% used [0x0000000080000000,0x000000009444b188,0x000000009ac00000)
 Metaspace       used 78286K, committed 79616K, reserved 1179648K
  class space    used 8442K, committed 9024K, reserved 1048576K
GC Heap History (20 events):
Event: 37.484 GC heap before
{Heap before GC invocations=192 (full 10):
 PSYoungGen      total 29696K, used 29303K [0x00000000d5580000, 0x00000000d7f00000, 0x0000000100000000)
  eden space 21504K, 100% used [0x00000000d5580000,0x00000000d6a80000,0x00000000d6a80000)
  from space 8192K, 95% used [0x00000000d7700000,0x00000000d7e9dc68,0x00000000d7f00000)
  to   space 9216K, 0% used [0x00000000d6d00000,0x00000000d6d00000,0x00000000d7600000)
 ParOldGen       total 331776K, used 283599K [0x0000000080000000, 0x0000000094400000, 0x00000000d5580000)
  object space 331776K, 85% used [0x0000000080000000,0x00000000914f3c50,0x0000000094400000)
 Metaspace       used 78285K, committed 79616K, reserved 1179648K
  class space    used 8442K, committed 9024K, reserved 1048576K
}
Event: 37.496 GC heap after
{Heap after GC invocations=192 (full 10):
 PSYoungGen      total 32256K, used 9185K [0x00000000d5580000, 0x00000000d8700000, 0x0000000100000000)
  eden space 23040K, 0% used [0x00000000d5580000,0x00000000d5580000,0x00000000d6c00000)
  from space 9216K, 99% used [0x00000000d6d00000,0x00000000d75f8610,0x00000000d7600000)
  to   space 13824K, 0% used [0x00000000d7980000,0x00000000d7980000,0x00000000d8700000)
 ParOldGen       total 331776K, used 286990K [0x0000000080000000, 0x0000000094400000, 0x00000000d5580000)
  object space 331776K, 86% used [0x0000000080000000,0x0000000091843830,0x0000000094400000)
 Metaspace       used 78285K, committed 79616K, reserved 1179648K
  class space    used 8442K, committed 9024K, reserved 1048576K
}
Event: 37.680 GC heap before
{Heap before GC invocations=193 (full 10):
 PSYoungGen      total 32256K, used 32225K [0x00000000d5580000, 0x00000000d8700000, 0x0000000100000000)
  eden space 23040K, 100% used [0x00000000d5580000,0x00000000d6c00000,0x00000000d6c00000)
  from space 9216K, 99% used [0x00000000d6d00000,0x00000000d75f8610,0x00000000d7600000)
  to   space 13824K, 0% used [0x00000000d7980000,0x00000000d7980000,0x00000000d8700000)
 ParOldGen       total 331776K, used 286990K [0x0000000080000000, 0x0000000094400000, 0x00000000d5580000)
  object space 331776K, 86% used [0x0000000080000000,0x0000000091843830,0x0000000094400000)
 Metaspace       used 78285K, committed 79616K, reserved 1179648K
  class space    used 8442K, committed 9024K, reserved 1048576K
}
Event: 37.694 GC heap after
{Heap after GC invocations=193 (full 10):
 PSYoungGen      total 33792K, used 8819K [0x00000000d5580000, 0x00000000d8280000, 0x0000000100000000)
  eden space 24576K, 0% used [0x00000000d5580000,0x00000000d5580000,0x00000000d6d80000)
  from space 9216K, 95% used [0x00000000d7980000,0x00000000d821cdf8,0x00000000d8280000)
  to   space 10240K, 0% used [0x00000000d6e80000,0x00000000d6e80000,0x00000000d7880000)
 ParOldGen       total 331776K, used 292491K [0x0000000080000000, 0x0000000094400000, 0x00000000d5580000)
  object space 331776K, 88% used [0x0000000080000000,0x0000000091da2cf0,0x0000000094400000)
 Metaspace       used 78285K, committed 79616K, reserved 1179648K
  class space    used 8442K, committed 9024K, reserved 1048576K
}
Event: 38.049 GC heap before
{Heap before GC invocations=194 (full 10):
 PSYoungGen      total 33792K, used 33395K [0x00000000d5580000, 0x00000000d8280000, 0x0000000100000000)
  eden space 24576K, 100% used [0x00000000d5580000,0x00000000d6d80000,0x00000000d6d80000)
  from space 9216K, 95% used [0x00000000d7980000,0x00000000d821cdf8,0x00000000d8280000)
  to   space 10240K, 0% used [0x00000000d6e80000,0x00000000d6e80000,0x00000000d7880000)
 ParOldGen       total 331776K, used 292491K [0x0000000080000000, 0x0000000094400000, 0x00000000d5580000)
  object space 331776K, 88% used [0x0000000080000000,0x0000000091da2cf0,0x0000000094400000)
 Metaspace       used 78285K, committed 79616K, reserved 1179648K
  class space    used 8442K, committed 9024K, reserved 1048576K
}
Event: 38.058 GC heap after
{Heap after GC invocations=194 (full 10):
 PSYoungGen      total 35840K, used 10236K [0x00000000d5580000, 0x00000000d8d00000, 0x0000000100000000)
  eden space 25600K, 0% used [0x00000000d5580000,0x00000000d5580000,0x00000000d6e80000)
  from space 10240K, 99% used [0x00000000d6e80000,0x00000000d787f0d0,0x00000000d7880000)
  to   space 15360K, 0% used [0x00000000d7e00000,0x00000000d7e00000,0x00000000d8d00000)
 ParOldGen       total 331776K, used 296195K [0x0000000080000000, 0x0000000094400000, 0x00000000d5580000)
  object space 331776K, 89% used [0x0000000080000000,0x0000000092140c28,0x0000000094400000)
 Metaspace       used 78285K, committed 79616K, reserved 1179648K
  class space    used 8442K, committed 9024K, reserved 1048576K
}
Event: 38.527 GC heap before
{Heap before GC invocations=195 (full 10):
 PSYoungGen      total 35840K, used 35836K [0x00000000d5580000, 0x00000000d8d00000, 0x0000000100000000)
  eden space 25600K, 100% used [0x00000000d5580000,0x00000000d6e80000,0x00000000d6e80000)
  from space 10240K, 99% used [0x00000000d6e80000,0x00000000d787f0d0,0x00000000d7880000)
  to   space 15360K, 0% used [0x00000000d7e00000,0x00000000d7e00000,0x00000000d8d00000)
 ParOldGen       total 331776K, used 296195K [0x0000000080000000, 0x0000000094400000, 0x00000000d5580000)
  object space 331776K, 89% used [0x0000000080000000,0x0000000092140c28,0x0000000094400000)
 Metaspace       used 78285K, committed 79616K, reserved 1179648K
  class space    used 8442K, committed 9024K, reserved 1048576K
}
Event: 38.537 GC heap after
{Heap after GC invocations=195 (full 10):
 PSYoungGen      total 36864K, used 9711K [0x00000000d5580000, 0x00000000d8780000, 0x0000000100000000)
  eden space 27136K, 0% used [0x00000000d5580000,0x00000000d5580000,0x00000000d7000000)
  from space 9728K, 99% used [0x00000000d7e00000,0x00000000d877bc20,0x00000000d8780000)
  to   space 11264K, 0% used [0x00000000d7180000,0x00000000d7180000,0x00000000d7c80000)
 ParOldGen       total 331776K, used 302101K [0x0000000080000000, 0x0000000094400000, 0x00000000d5580000)
  object space 331776K, 91% used [0x0000000080000000,0x00000000927054a0,0x0000000094400000)
 Metaspace       used 78285K, committed 79616K, reserved 1179648K
  class space    used 8442K, committed 9024K, reserved 1048576K
}
Event: 38.737 GC heap before
{Heap before GC invocations=196 (full 10):
 PSYoungGen      total 36864K, used 36847K [0x00000000d5580000, 0x00000000d8780000, 0x0000000100000000)
  eden space 27136K, 100% used [0x00000000d5580000,0x00000000d7000000,0x00000000d7000000)
  from space 9728K, 99% used [0x00000000d7e00000,0x00000000d877bc20,0x00000000d8780000)
  to   space 11264K, 0% used [0x00000000d7180000,0x00000000d7180000,0x00000000d7c80000)
 ParOldGen       total 331776K, used 302101K [0x0000000080000000, 0x0000000094400000, 0x00000000d5580000)
  object space 331776K, 91% used [0x0000000080000000,0x00000000927054a0,0x0000000094400000)
 Metaspace       used 78285K, committed 79616K, reserved 1179648K
  class space    used 8442K, committed 9024K, reserved 1048576K
}
Event: 38.745 GC heap after
{Heap after GC invocations=196 (full 10):
 PSYoungGen      total 39936K, used 11236K [0x00000000d5580000, 0x00000000d9280000, 0x0000000100000000)
  eden space 28672K, 0% used [0x00000000d5580000,0x00000000d5580000,0x00000000d7180000)
  from space 11264K, 99% used [0x00000000d7180000,0x00000000d7c79358,0x00000000d7c80000)
  to   space 16896K, 0% used [0x00000000d8200000,0x00000000d8200000,0x00000000d9280000)
 ParOldGen       total 331776K, used 306357K [0x0000000080000000, 0x0000000094400000, 0x00000000d5580000)
  object space 331776K, 92% used [0x0000000080000000,0x0000000092b2d6a8,0x0000000094400000)
 Metaspace       used 78285K, committed 79616K, reserved 1179648K
  class space    used 8442K, committed 9024K, reserved 1048576K
}
Event: 38.907 GC heap before
{Heap before GC invocations=197 (full 10):
 PSYoungGen      total 39936K, used 39908K [0x00000000d5580000, 0x00000000d9280000, 0x0000000100000000)
  eden space 28672K, 100% used [0x00000000d5580000,0x00000000d7180000,0x00000000d7180000)
  from space 11264K, 99% used [0x00000000d7180000,0x00000000d7c79358,0x00000000d7c80000)
  to   space 16896K, 0% used [0x00000000d8200000,0x00000000d8200000,0x00000000d9280000)
 ParOldGen       total 331776K, used 306357K [0x0000000080000000, 0x0000000094400000, 0x00000000d5580000)
  object space 331776K, 92% used [0x0000000080000000,0x0000000092b2d6a8,0x0000000094400000)
 Metaspace       used 78285K, committed 79616K, reserved 1179648K
  class space    used 8442K, committed 9024K, reserved 1048576K
}
Event: 38.938 GC heap after
{Heap after GC invocations=197 (full 10):
 PSYoungGen      total 41984K, used 10965K [0x00000000d5580000, 0x00000000d8d00000, 0x0000000100000000)
  eden space 30720K, 0% used [0x00000000d5580000,0x00000000d5580000,0x00000000d7380000)
  from space 11264K, 97% used [0x00000000d8200000,0x00000000d8cb57b8,0x00000000d8d00000)
  to   space 12800K, 0% used [0x00000000d7400000,0x00000000d7400000,0x00000000d8080000)
 ParOldGen       total 331776K, used 312943K [0x0000000080000000, 0x0000000094400000, 0x00000000d5580000)
  object space 331776K, 94% used [0x0000000080000000,0x000000009319bf98,0x0000000094400000)
 Metaspace       used 78285K, committed 79616K, reserved 1179648K
  class space    used 8442K, committed 9024K, reserved 1048576K
}
Event: 39.141 GC heap before
{Heap before GC invocations=198 (full 10):
 PSYoungGen      total 41984K, used 41685K [0x00000000d5580000, 0x00000000d8d00000, 0x0000000100000000)
  eden space 30720K, 100% used [0x00000000d5580000,0x00000000d7380000,0x00000000d7380000)
  from space 11264K, 97% used [0x00000000d8200000,0x00000000d8cb57b8,0x00000000d8d00000)
  to   space 12800K, 0% used [0x00000000d7400000,0x00000000d7400000,0x00000000d8080000)
 ParOldGen       total 331776K, used 312943K [0x0000000080000000, 0x0000000094400000, 0x00000000d5580000)
  object space 331776K, 94% used [0x0000000080000000,0x000000009319bf98,0x0000000094400000)
 Metaspace       used 78285K, committed 79616K, reserved 1179648K
  class space    used 8442K, committed 9024K, reserved 1048576K
}
Event: 39.152 GC heap after
{Heap after GC invocations=198 (full 10):
 PSYoungGen      total 44032K, used 12772K [0x00000000d5580000, 0x00000000d9c80000, 0x0000000100000000)
  eden space 31232K, 0% used [0x00000000d5580000,0x00000000d5580000,0x00000000d7400000)
  from space 12800K, 99% used [0x00000000d7400000,0x00000000d8079148,0x00000000d8080000)
  to   space 19968K, 0% used [0x00000000d8900000,0x00000000d8900000,0x00000000d9c80000)
 ParOldGen       total 331776K, used 318591K [0x0000000080000000, 0x0000000094400000, 0x00000000d5580000)
  object space 331776K, 96% used [0x0000000080000000,0x000000009371fe50,0x0000000094400000)
 Metaspace       used 78285K, committed 79616K, reserved 1179648K
  class space    used 8442K, committed 9024K, reserved 1048576K
}
Event: 39.285 GC heap before
{Heap before GC invocations=199 (full 10):
 PSYoungGen      total 44032K, used 44004K [0x00000000d5580000, 0x00000000d9c80000, 0x0000000100000000)
  eden space 31232K, 100% used [0x00000000d5580000,0x00000000d7400000,0x00000000d7400000)
  from space 12800K, 99% used [0x00000000d7400000,0x00000000d8079148,0x00000000d8080000)
  to   space 19968K, 0% used [0x00000000d8900000,0x00000000d8900000,0x00000000d9c80000)
 ParOldGen       total 331776K, used 318591K [0x0000000080000000, 0x0000000094400000, 0x00000000d5580000)
  object space 331776K, 96% used [0x0000000080000000,0x000000009371fe50,0x0000000094400000)
 Metaspace       used 78285K, committed 79616K, reserved 1179648K
  class space    used 8442K, committed 9024K, reserved 1048576K
}
Event: 39.300 GC heap after
{Heap after GC invocations=199 (full 10):
 PSYoungGen      total 49152K, used 14855K [0x00000000d5580000, 0x00000000d9800000, 0x0000000100000000)
  eden space 33792K, 0% used [0x00000000d5580000,0x00000000d5580000,0x00000000d7680000)
  from space 15360K, 96% used [0x00000000d8900000,0x00000000d9781ec0,0x00000000d9800000)
  to   space 16384K, 0% used [0x00000000d7800000,0x00000000d7800000,0x00000000d8800000)
 ParOldGen       total 331776K, used 326111K [0x0000000080000000, 0x0000000094400000, 0x00000000d5580000)
  object space 331776K, 98% used [0x0000000080000000,0x0000000093e77dd8,0x0000000094400000)
 Metaspace       used 78285K, committed 79616K, reserved 1179648K
  class space    used 8442K, committed 9024K, reserved 1048576K
}
Event: 39.301 GC heap before
{Heap before GC invocations=200 (full 11):
 PSYoungGen      total 49152K, used 14855K [0x00000000d5580000, 0x00000000d9800000, 0x0000000100000000)
  eden space 33792K, 0% used [0x00000000d5580000,0x00000000d5580000,0x00000000d7680000)
  from space 15360K, 96% used [0x00000000d8900000,0x00000000d9781ec0,0x00000000d9800000)
  to   space 16384K, 0% used [0x00000000d7800000,0x00000000d7800000,0x00000000d8800000)
 ParOldGen       total 331776K, used 326111K [0x0000000080000000, 0x0000000094400000, 0x00000000d5580000)
  object space 331776K, 98% used [0x0000000080000000,0x0000000093e77dd8,0x0000000094400000)
 Metaspace       used 78285K, committed 79616K, reserved 1179648K
  class space    used 8442K, committed 9024K, reserved 1048576K
}
Event: 40.818 GC heap after
{Heap after GC invocations=200 (full 11):
 PSYoungGen      total 51712K, used 2307K [0x00000000d5580000, 0x00000000d9900000, 0x0000000100000000)
  eden space 36352K, 0% used [0x00000000d5580000,0x00000000d5580000,0x00000000d7900000)
  from space 15360K, 15% used [0x00000000d8900000,0x00000000d8b40dc8,0x00000000d9800000)
  to   space 16384K, 0% used [0x00000000d7900000,0x00000000d7900000,0x00000000d8900000)
 ParOldGen       total 438272K, used 331638K [0x0000000080000000, 0x000000009ac00000, 0x00000000d5580000)
  object space 438272K, 75% used [0x0000000080000000,0x00000000943ddbe0,0x000000009ac00000)
 Metaspace       used 78285K, committed 79616K, reserved 1179648K
  class space    used 8442K, committed 9024K, reserved 1048576K
}
Event: 41.777 GC heap before
{Heap before GC invocations=201 (full 11):
 PSYoungGen      total 51712K, used 38659K [0x00000000d5580000, 0x00000000d9900000, 0x0000000100000000)
  eden space 36352K, 100% used [0x00000000d5580000,0x00000000d7900000,0x00000000d7900000)
  from space 15360K, 15% used [0x00000000d8900000,0x00000000d8b40dc8,0x00000000d9800000)
  to   space 16384K, 0% used [0x00000000d7900000,0x00000000d7900000,0x00000000d8900000)
 ParOldGen       total 438272K, used 331638K [0x0000000080000000, 0x000000009ac00000, 0x00000000d5580000)
  object space 438272K, 75% used [0x0000000080000000,0x00000000943ddbe0,0x000000009ac00000)
 Metaspace       used 78286K, committed 79616K, reserved 1179648K
  class space    used 8442K, committed 9024K, reserved 1048576K
}
Event: 41.994 GC heap after
{Heap after GC invocations=201 (full 11):
 PSYoungGen      total 52736K, used 16366K [0x00000000d5580000, 0x00000000d9d80000, 0x0000000100000000)
  eden space 36352K, 0% used [0x00000000d5580000,0x00000000d5580000,0x00000000d7900000)
  from space 16384K, 99% used [0x00000000d7900000,0x00000000d88fb980,0x00000000d8900000)
  to   space 17408K, 0% used [0x00000000d8c80000,0x00000000d8c80000,0x00000000d9d80000)
 ParOldGen       total 438272K, used 332076K [0x0000000080000000, 0x000000009ac00000, 0x00000000d5580000)
  object space 438272K, 75% used [0x0000000080000000,0x000000009444b188,0x000000009ac00000)
 Metaspace       used 78286K, committed 79616K, reserved 1179648K
  class space    used 8442K, committed 9024K, reserved 1048576K
}

