# JRE version: OpenJDK Runtime Environment Temurin-17.0.12+7 (17.0.12+7) (build 17.0.12+7)
# Java VM: OpenJDK 64-Bit Server VM Temurin-17.0.12+7 (17.0.12+7, mixed mode, tiered, compressed oops, compressed class ptrs, parallel gc, windows-amd64)
GC Precious Log:
 CPUs: 8 total, 8 available
 Memory: 3317M
 Large Page Support: Disabled
 NUMA Support: Disabled
 Compressed Oops: Enabled (32-bit)
 Alignments: Space 512K, Generation 512K, Heap 2M
 Heap Min Capacity: 100M
 Heap Initial Capacity: 100M
 Heap Max Capacity: 1G
 Pre-touch: Disabled
 Parallel Workers: 8
Heap:
 PSYoungGen      total 10752K, used 7046K [0x00000000eab00000, 0x00000000eb800000, 0x0000000100000000)
  eden space 8192K, 60% used [0x00000000eab00000,0x00000000eafd6c30,0x00000000eb300000)
  from space 2560K, 81% used [0x00000000eb300000,0x00000000eb50ace0,0x00000000eb580000)
  to   space 2048K, 0% used [0x00000000eb600000,0x00000000eb600000,0x00000000eb800000)
 ParOldGen       total 168448K, used 149181K [0x00000000c0000000, 0x00000000ca480000, 0x00000000eab00000)
  object space 168448K, 88% used [0x00000000c0000000,0x00000000c91af670,0x00000000ca480000)
 Metaspace       used 70981K, committed 72256K, reserved 1114112K
  class space    used 7581K, committed 8192K, reserved 1048576K
GC Heap History (20 events):
Event: 33.620 GC heap before
{Heap before GC invocations=136 (full 7):
 PSYoungGen      total 6144K, used 5844K [0x00000000eab00000, 0x00000000eb380000, 0x0000000100000000)
  eden space 4608K, 100% used [0x00000000eab00000,0x00000000eaf80000,0x00000000eaf80000)
  from space 1536K, 80% used [0x00000000eb200000,0x00000000eb3351e8,0x00000000eb380000)
  to   space 1536K, 0% used [0x00000000eb080000,0x00000000eb080000,0x00000000eb200000)
 ParOldGen       total 168448K, used 133916K [0x00000000c0000000, 0x00000000ca480000, 0x00000000eab00000)
  object space 168448K, 79% used [0x00000000c0000000,0x00000000c82c71a0,0x00000000ca480000)
 Metaspace       used 70978K, committed 72256K, reserved 1114112K
  class space    used 7581K, committed 8192K, reserved 1048576K
}
Event: 33.623 GC heap after
{Heap after GC invocations=136 (full 7):
 PSYoungGen      total 6144K, used 1517K [0x00000000eab00000, 0x00000000eb480000, 0x0000000100000000)
  eden space 4608K, 0% used [0x00000000eab00000,0x00000000eab00000,0x00000000eaf80000)
  from space 1536K, 98% used [0x00000000eb080000,0x00000000eb1fb7b8,0x00000000eb200000)
  to   space 2560K, 0% used [0x00000000eb200000,0x00000000eb200000,0x00000000eb480000)
 ParOldGen       total 168448K, used 134621K [0x00000000c0000000, 0x00000000ca480000, 0x00000000eab00000)
  object space 168448K, 79% used [0x00000000c0000000,0x00000000c8377610,0x00000000ca480000)
 Metaspace       used 70978K, committed 72256K, reserved 1114112K
  class space    used 7581K, committed 8192K, reserved 1048576K
}
Event: 33.657 GC heap before
{Heap before GC invocations=137 (full 7):
 PSYoungGen      total 6144K, used 6125K [0x00000000eab00000, 0x00000000eb480000, 0x0000000100000000)
  eden space 4608K, 100% used [0x00000000eab00000,0x00000000eaf80000,0x00000000eaf80000)
  from space 1536K, 98% used [0x00000000eb080000,0x00000000eb1fb7b8,0x00000000eb200000)
  to   space 2560K, 0% used [0x00000000eb200000,0x00000000eb200000,0x00000000eb480000)
 ParOldGen       total 168448K, used 134621K [0x00000000c0000000, 0x00000000ca480000, 0x00000000eab00000)
  object space 168448K, 79% used [0x00000000c0000000,0x00000000c8377610,0x00000000ca480000)
 Metaspace       used 70978K, committed 72256K, reserved 1114112K
  class space    used 7581K, committed 8192K, reserved 1048576K
}
Event: 33.659 GC heap after
{Heap after GC invocations=137 (full 7):
 PSYoungGen      total 7168K, used 2194K [0x00000000eab00000, 0x00000000eb480000, 0x0000000100000000)
  eden space 4608K, 0% used [0x00000000eab00000,0x00000000eab00000,0x00000000eaf80000)
  from space 2560K, 85% used [0x00000000eb200000,0x00000000eb424ac8,0x00000000eb480000)
  to   space 2560K, 0% used [0x00000000eaf80000,0x00000000eaf80000,0x00000000eb200000)
 ParOldGen       total 168448K, used 135400K [0x00000000c0000000, 0x00000000ca480000, 0x00000000eab00000)
  object space 168448K, 80% used [0x00000000c0000000,0x00000000c843a1c8,0x00000000ca480000)
 Metaspace       used 70978K, committed 72256K, reserved 1114112K
  class space    used 7581K, committed 8192K, reserved 1048576K
}
Event: 33.696 GC heap before
{Heap before GC invocations=138 (full 7):
 PSYoungGen      total 7168K, used 6802K [0x00000000eab00000, 0x00000000eb480000, 0x0000000100000000)
  eden space 4608K, 100% used [0x00000000eab00000,0x00000000eaf80000,0x00000000eaf80000)
  from space 2560K, 85% used [0x00000000eb200000,0x00000000eb424ac8,0x00000000eb480000)
  to   space 2560K, 0% used [0x00000000eaf80000,0x00000000eaf80000,0x00000000eb200000)
 ParOldGen       total 168448K, used 135400K [0x00000000c0000000, 0x00000000ca480000, 0x00000000eab00000)
  object space 168448K, 80% used [0x00000000c0000000,0x00000000c843a1c8,0x00000000ca480000)
 Metaspace       used 70978K, committed 72256K, reserved 1114112K
  class space    used 7581K, committed 8192K, reserved 1048576K
}
Event: 33.698 GC heap after
{Heap after GC invocations=138 (full 7):
 PSYoungGen      total 7168K, used 2557K [0x00000000eab00000, 0x00000000eb680000, 0x0000000100000000)
  eden space 4608K, 0% used [0x00000000eab00000,0x00000000eab00000,0x00000000eaf80000)
  from space 2560K, 99% used [0x00000000eaf80000,0x00000000eb1ff7f8,0x00000000eb200000)
  to   space 3584K, 0% used [0x00000000eb300000,0x00000000eb300000,0x00000000eb680000)
 ParOldGen       total 168448K, used 135891K [0x00000000c0000000, 0x00000000ca480000, 0x00000000eab00000)
  object space 168448K, 80% used [0x00000000c0000000,0x00000000c84b4f10,0x00000000ca480000)
 Metaspace       used 70978K, committed 72256K, reserved 1114112K
  class space    used 7581K, committed 8192K, reserved 1048576K
}
Event: 33.748 GC heap before
{Heap before GC invocations=139 (full 7):
 PSYoungGen      total 7168K, used 7165K [0x00000000eab00000, 0x00000000eb680000, 0x0000000100000000)
  eden space 4608K, 100% used [0x00000000eab00000,0x00000000eaf80000,0x00000000eaf80000)
  from space 2560K, 99% used [0x00000000eaf80000,0x00000000eb1ff7f8,0x00000000eb200000)
  to   space 3584K, 0% used [0x00000000eb300000,0x00000000eb300000,0x00000000eb680000)
 ParOldGen       total 168448K, used 135891K [0x00000000c0000000, 0x00000000ca480000, 0x00000000eab00000)
  object space 168448K, 80% used [0x00000000c0000000,0x00000000c84b4f10,0x00000000ca480000)
 Metaspace       used 70978K, committed 72256K, reserved 1114112K
  class space    used 7581K, committed 8192K, reserved 1048576K
}
Event: 33.791 GC heap after
{Heap after GC invocations=139 (full 7):
 PSYoungGen      total 8192K, used 2153K [0x00000000eab00000, 0x00000000eb580000, 0x0000000100000000)
  eden space 5632K, 0% used [0x00000000eab00000,0x00000000eab00000,0x00000000eb080000)
  from space 2560K, 84% used [0x00000000eb300000,0x00000000eb51a528,0x00000000eb580000)
  to   space 2560K, 0% used [0x00000000eb080000,0x00000000eb080000,0x00000000eb300000)
 ParOldGen       total 168448K, used 137623K [0x00000000c0000000, 0x00000000ca480000, 0x00000000eab00000)
  object space 168448K, 81% used [0x00000000c0000000,0x00000000c8665f10,0x00000000ca480000)
 Metaspace       used 70978K, committed 72256K, reserved 1114112K
  class space    used 7581K, committed 8192K, reserved 1048576K
}
Event: 33.826 GC heap before
{Heap before GC invocations=140 (full 7):
 PSYoungGen      total 8192K, used 7785K [0x00000000eab00000, 0x00000000eb580000, 0x0000000100000000)
  eden space 5632K, 100% used [0x00000000eab00000,0x00000000eb080000,0x00000000eb080000)
  from space 2560K, 84% used [0x00000000eb300000,0x00000000eb51a528,0x00000000eb580000)
  to   space 2560K, 0% used [0x00000000eb080000,0x00000000eb080000,0x00000000eb300000)
 ParOldGen       total 168448K, used 137623K [0x00000000c0000000, 0x00000000ca480000, 0x00000000eab00000)
  object space 168448K, 81% used [0x00000000c0000000,0x00000000c8665f10,0x00000000ca480000)
 Metaspace       used 70978K, committed 72256K, reserved 1114112K
  class space    used 7581K, committed 8192K, reserved 1048576K
}
Event: 33.829 GC heap after
{Heap after GC invocations=140 (full 7):
 PSYoungGen      total 8192K, used 1482K [0x00000000eab00000, 0x00000000eb580000, 0x0000000100000000)
  eden space 5632K, 0% used [0x00000000eab00000,0x00000000eab00000,0x00000000eb080000)
  from space 2560K, 57% used [0x00000000eb080000,0x00000000eb1f2b10,0x00000000eb300000)
  to   space 2048K, 0% used [0x00000000eb380000,0x00000000eb380000,0x00000000eb580000)
 ParOldGen       total 168448K, used 139606K [0x00000000c0000000, 0x00000000ca480000, 0x00000000eab00000)
  object space 168448K, 82% used [0x00000000c0000000,0x00000000c8855810,0x00000000ca480000)
 Metaspace       used 70978K, committed 72256K, reserved 1114112K
  class space    used 7581K, committed 8192K, reserved 1048576K
}
Event: 33.854 GC heap before
{Heap before GC invocations=141 (full 7):
 PSYoungGen      total 8192K, used 7114K [0x00000000eab00000, 0x00000000eb580000, 0x0000000100000000)
  eden space 5632K, 100% used [0x00000000eab00000,0x00000000eb080000,0x00000000eb080000)
  from space 2560K, 57% used [0x00000000eb080000,0x00000000eb1f2b10,0x00000000eb300000)
  to   space 2048K, 0% used [0x00000000eb380000,0x00000000eb380000,0x00000000eb580000)
 ParOldGen       total 168448K, used 139606K [0x00000000c0000000, 0x00000000ca480000, 0x00000000eab00000)
  object space 168448K, 82% used [0x00000000c0000000,0x00000000c8855810,0x00000000ca480000)
 Metaspace       used 70978K, committed 72256K, reserved 1114112K
  class space    used 7581K, committed 8192K, reserved 1048576K
}
Event: 33.856 GC heap after
{Heap after GC invocations=141 (full 7):
 PSYoungGen      total 8192K, used 1468K [0x00000000eab00000, 0x00000000eb500000, 0x0000000100000000)
  eden space 6656K, 0% used [0x00000000eab00000,0x00000000eab00000,0x00000000eb180000)
  from space 1536K, 95% used [0x00000000eb380000,0x00000000eb4ef200,0x00000000eb500000)
  to   space 1536K, 0% used [0x00000000eb200000,0x00000000eb200000,0x00000000eb380000)
 ParOldGen       total 168448K, used 140918K [0x00000000c0000000, 0x00000000ca480000, 0x00000000eab00000)
  object space 168448K, 83% used [0x00000000c0000000,0x00000000c899dbe0,0x00000000ca480000)
 Metaspace       used 70978K, committed 72256K, reserved 1114112K
  class space    used 7581K, committed 8192K, reserved 1048576K
}
Event: 33.951 GC heap before
{Heap before GC invocations=142 (full 7):
 PSYoungGen      total 8192K, used 8103K [0x00000000eab00000, 0x00000000eb500000, 0x0000000100000000)
  eden space 6656K, 99% used [0x00000000eab00000,0x00000000eb17abe0,0x00000000eb180000)
  from space 1536K, 95% used [0x00000000eb380000,0x00000000eb4ef200,0x00000000eb500000)
  to   space 1536K, 0% used [0x00000000eb200000,0x00000000eb200000,0x00000000eb380000)
 ParOldGen       total 168448K, used 140918K [0x00000000c0000000, 0x00000000ca480000, 0x00000000eab00000)
  object space 168448K, 83% used [0x00000000c0000000,0x00000000c899dbe0,0x00000000ca480000)
 Metaspace       used 70979K, committed 72256K, reserved 1114112K
  class space    used 7581K, committed 8192K, reserved 1048576K
}
Event: 33.955 GC heap after
{Heap after GC invocations=142 (full 7):
 PSYoungGen      total 8704K, used 1514K [0x00000000eab00000, 0x00000000eb980000, 0x0000000100000000)
  eden space 7168K, 0% used [0x00000000eab00000,0x00000000eab00000,0x00000000eb200000)
  from space 1536K, 98% used [0x00000000eb200000,0x00000000eb37aa98,0x00000000eb380000)
  to   space 3584K, 0% used [0x00000000eb600000,0x00000000eb600000,0x00000000eb980000)
 ParOldGen       total 168448K, used 142383K [0x00000000c0000000, 0x00000000ca480000, 0x00000000eab00000)
  object space 168448K, 84% used [0x00000000c0000000,0x00000000c8b0bf88,0x00000000ca480000)
 Metaspace       used 70979K, committed 72256K, reserved 1114112K
  class space    used 7581K, committed 8192K, reserved 1048576K
}
Event: 34.096 GC heap before
{Heap before GC invocations=143 (full 7):
 PSYoungGen      total 8704K, used 8682K [0x00000000eab00000, 0x00000000eb980000, 0x0000000100000000)
  eden space 7168K, 100% used [0x00000000eab00000,0x00000000eb200000,0x00000000eb200000)
  from space 1536K, 98% used [0x00000000eb200000,0x00000000eb37aa98,0x00000000eb380000)
  to   space 3584K, 0% used [0x00000000eb600000,0x00000000eb600000,0x00000000eb980000)
 ParOldGen       total 168448K, used 142383K [0x00000000c0000000, 0x00000000ca480000, 0x00000000eab00000)
  object space 168448K, 84% used [0x00000000c0000000,0x00000000c8b0bf88,0x00000000ca480000)
 Metaspace       used 70980K, committed 72256K, reserved 1114112K
  class space    used 7581K, committed 8192K, reserved 1048576K
}
Event: 34.130 GC heap after
{Heap after GC invocations=143 (full 7):
 PSYoungGen      total 10240K, used 1824K [0x00000000eab00000, 0x00000000eb800000, 0x0000000100000000)
  eden space 8192K, 0% used [0x00000000eab00000,0x00000000eab00000,0x00000000eb300000)
  from space 2048K, 89% used [0x00000000eb600000,0x00000000eb7c80a8,0x00000000eb800000)
  to   space 2560K, 0% used [0x00000000eb300000,0x00000000eb300000,0x00000000eb580000)
 ParOldGen       total 168448K, used 143828K [0x00000000c0000000, 0x00000000ca480000, 0x00000000eab00000)
  object space 168448K, 85% used [0x00000000c0000000,0x00000000c8c750f8,0x00000000ca480000)
 Metaspace       used 70980K, committed 72256K, reserved 1114112K
  class space    used 7581K, committed 8192K, reserved 1048576K
}
Event: 34.226 GC heap before
{Heap before GC invocations=144 (full 7):
 PSYoungGen      total 10240K, used 10016K [0x00000000eab00000, 0x00000000eb800000, 0x0000000100000000)
  eden space 8192K, 100% used [0x00000000eab00000,0x00000000eb300000,0x00000000eb300000)
  from space 2048K, 89% used [0x00000000eb600000,0x00000000eb7c80a8,0x00000000eb800000)
  to   space 2560K, 0% used [0x00000000eb300000,0x00000000eb300000,0x00000000eb580000)
 ParOldGen       total 168448K, used 143828K [0x00000000c0000000, 0x00000000ca480000, 0x00000000eab00000)
  object space 168448K, 85% used [0x00000000c0000000,0x00000000c8c750f8,0x00000000ca480000)
 Metaspace       used 70980K, committed 72256K, reserved 1114112K
  class space    used 7581K, committed 8192K, reserved 1048576K
}
Event: 34.231 GC heap after
{Heap after GC invocations=144 (full 7):
 PSYoungGen      total 10752K, used 1974K [0x00000000eab00000, 0x00000000eb800000, 0x0000000100000000)
  eden space 8192K, 0% used [0x00000000eab00000,0x00000000eab00000,0x00000000eb300000)
  from space 2560K, 77% used [0x00000000eb300000,0x00000000eb4eda60,0x00000000eb580000)
  to   space 2048K, 0% used [0x00000000eb600000,0x00000000eb600000,0x00000000eb800000)
 ParOldGen       total 168448K, used 145491K [0x00000000c0000000, 0x00000000ca480000, 0x00000000eab00000)
  object space 168448K, 86% used [0x00000000c0000000,0x00000000c8e14cc0,0x00000000ca480000)
 Metaspace       used 70980K, committed 72256K, reserved 1114112K
  class space    used 7581K, committed 8192K, reserved 1048576K
}
Event: 34.290 GC heap before
{Heap before GC invocations=145 (full 7):
 PSYoungGen      total 10752K, used 10166K [0x00000000eab00000, 0x00000000eb800000, 0x0000000100000000)
  eden space 8192K, 100% used [0x00000000eab00000,0x00000000eb300000,0x00000000eb300000)
  from space 2560K, 77% used [0x00000000eb300000,0x00000000eb4eda60,0x00000000eb580000)
  to   space 2048K, 0% used [0x00000000eb600000,0x00000000eb600000,0x00000000eb800000)
 ParOldGen       total 168448K, used 145491K [0x00000000c0000000, 0x00000000ca480000, 0x00000000eab00000)
  object space 168448K, 86% used [0x00000000c0000000,0x00000000c8e14cc0,0x00000000ca480000)
 Metaspace       used 70980K, committed 72256K, reserved 1114112K
  class space    used 7581K, committed 8192K, reserved 1048576K
}
Event: 34.296 GC heap after
{Heap after GC invocations=145 (full 7):
 PSYoungGen      total 10240K, used 2046K [0x00000000eab00000, 0x00000000eb800000, 0x0000000100000000)
  eden space 8192K, 0% used [0x00000000eab00000,0x00000000eab00000,0x00000000eb300000)
  from space 2048K, 99% used [0x00000000eb600000,0x00000000eb7ffac0,0x00000000eb800000)
  to   space 2560K, 0% used [0x00000000eb300000,0x00000000eb300000,0x00000000eb580000)
 ParOldGen       total 168448K, used 147297K [0x00000000c0000000, 0x00000000ca480000, 0x00000000eab00000)
  object space 168448K, 87% used [0x00000000c0000000,0x00000000c8fd86d0,0x00000000ca480000)
 Metaspace       used 70980K, committed 72256K, reserved 1114112K
  class space    used 7581K, committed 8192K, reserved 1048576K
}

