# JRE version: OpenJDK Runtime Environment Temurin-17.0.12+7 (17.0.12+7) (build 17.0.12+7)
# Java VM: OpenJDK 64-Bit Server VM Temurin-17.0.12+7 (17.0.12+7, mixed mode, tiered, compressed oops, compressed class ptrs, parallel gc, windows-amd64)
GC Precious Log:
 CPUs: 8 total, 8 available
 Memory: 3317M
 Large Page Support: Disabled
 NUMA Support: Disabled
 Compressed Oops: Enabled (32-bit)
 Alignments: Space 512K, Generation 512K, Heap 2M
 Heap Min Capacity: 100M
 Heap Initial Capacity: 100M
 Heap Max Capacity: 1G
 Pre-touch: Disabled
 Parallel Workers: 8
Heap:
 PSYoungGen      total 49664K, used 10174K [0x00000000eab00000, 0x00000000ee200000, 0x0000000100000000)
  eden space 43520K, 12% used [0x00000000eab00000,0x00000000eb0366f8,0x00000000ed580000)
  from space 6144K, 78% used [0x00000000ed580000,0x00000000eda39488,0x00000000edb80000)
  to   space 5120K, 0% used [0x00000000edd00000,0x00000000edd00000,0x00000000ee200000)
 ParOldGen       total 397312K, used 348662K [0x00000000c0000000, 0x00000000d8400000, 0x00000000eab00000)
  object space 397312K, 87% used [0x00000000c0000000,0x00000000d547d828,0x00000000d8400000)
 Metaspace       used 77864K, committed 79168K, reserved 1179648K
  class space    used 8170K, committed 8704K, reserved 1048576K
GC Heap History (20 events):
Event: 33.836 GC heap before
{Heap before GC invocations=203 (full 11):
 PSYoungGen      total 43520K, used 42751K [0x00000000eab00000, 0x00000000ee580000, 0x0000000100000000)
  eden space 27136K, 100% used [0x00000000eab00000,0x00000000ec580000,0x00000000ec580000)
  from space 16384K, 95% used [0x00000000ed580000,0x00000000ee4bff10,0x00000000ee580000)
  to   space 16384K, 0% used [0x00000000ec580000,0x00000000ec580000,0x00000000ed580000)
 ParOldGen       total 326656K, used 316830K [0x00000000c0000000, 0x00000000d3f00000, 0x00000000eab00000)
  object space 326656K, 96% used [0x00000000c0000000,0x00000000d3567970,0x00000000d3f00000)
 Metaspace       used 73101K, committed 74304K, reserved 1179648K
  class space    used 7789K, committed 8320K, reserved 1048576K
}
Event: 33.849 GC heap after
{Heap after GC invocations=203 (full 11):
 PSYoungGen      total 43520K, used 16382K [0x00000000eab00000, 0x00000000efe80000, 0x0000000100000000)
  eden space 27136K, 0% used [0x00000000eab00000,0x00000000eab00000,0x00000000ec580000)
  from space 16384K, 99% used [0x00000000ec580000,0x00000000ed57fb08,0x00000000ed580000)
  to   space 27648K, 0% used [0x00000000ee380000,0x00000000ee380000,0x00000000efe80000)
 ParOldGen       total 326656K, used 326208K [0x00000000c0000000, 0x00000000d3f00000, 0x00000000eab00000)
  object space 326656K, 99% used [0x00000000c0000000,0x00000000d3e90220,0x00000000d3f00000)
 Metaspace       used 73101K, committed 74304K, reserved 1179648K
  class space    used 7789K, committed 8320K, reserved 1048576K
}
Event: 33.849 GC heap before
{Heap before GC invocations=204 (full 12):
 PSYoungGen      total 43520K, used 16382K [0x00000000eab00000, 0x00000000efe80000, 0x0000000100000000)
  eden space 27136K, 0% used [0x00000000eab00000,0x00000000eab00000,0x00000000ec580000)
  from space 16384K, 99% used [0x00000000ec580000,0x00000000ed57fb08,0x00000000ed580000)
  to   space 27648K, 0% used [0x00000000ee380000,0x00000000ee380000,0x00000000efe80000)
 ParOldGen       total 326656K, used 326208K [0x00000000c0000000, 0x00000000d3f00000, 0x00000000eab00000)
  object space 326656K, 99% used [0x00000000c0000000,0x00000000d3e90220,0x00000000d3f00000)
 Metaspace       used 73101K, committed 74304K, reserved 1179648K
  class space    used 7789K, committed 8320K, reserved 1048576K
}
Event: 34.409 GC heap after
{Heap after GC invocations=204 (full 12):
 PSYoungGen      total 43520K, used 10793K [0x00000000eab00000, 0x00000000efe00000, 0x0000000100000000)
  eden space 27136K, 0% used [0x00000000eab00000,0x00000000eab00000,0x00000000ec580000)
  from space 16384K, 65% used [0x00000000ec580000,0x00000000ed00a7e8,0x00000000ed580000)
  to   space 27648K, 0% used [0x00000000ee300000,0x00000000ee300000,0x00000000efe00000)
 ParOldGen       total 397312K, used 326331K [0x00000000c0000000, 0x00000000d8400000, 0x00000000eab00000)
  object space 397312K, 82% used [0x00000000c0000000,0x00000000d3eaefa8,0x00000000d8400000)
 Metaspace       used 73101K, committed 74304K, reserved 1179648K
  class space    used 7789K, committed 8320K, reserved 1048576K
}
Event: 37.444 GC heap before
{Heap before GC invocations=205 (full 12):
 PSYoungGen      total 43520K, used 37929K [0x00000000eab00000, 0x00000000efe00000, 0x0000000100000000)
  eden space 27136K, 100% used [0x00000000eab00000,0x00000000ec580000,0x00000000ec580000)
  from space 16384K, 65% used [0x00000000ec580000,0x00000000ed00a7e8,0x00000000ed580000)
  to   space 27648K, 0% used [0x00000000ee300000,0x00000000ee300000,0x00000000efe00000)
 ParOldGen       total 397312K, used 326331K [0x00000000c0000000, 0x00000000d8400000, 0x00000000eab00000)
  object space 397312K, 82% used [0x00000000c0000000,0x00000000d3eaefa8,0x00000000d8400000)
 Metaspace       used 73112K, committed 74368K, reserved 1179648K
  class space    used 7789K, committed 8320K, reserved 1048576K
}
Event: 38.065 GC heap after
{Heap after GC invocations=205 (full 12):
 PSYoungGen      total 44032K, used 14182K [0x00000000eab00000, 0x00000000ef100000, 0x0000000100000000)
  eden space 29696K, 0% used [0x00000000eab00000,0x00000000eab00000,0x00000000ec800000)
  from space 14336K, 98% used [0x00000000ee300000,0x00000000ef0d9918,0x00000000ef100000)
  to   space 18432K, 0% used [0x00000000ecd00000,0x00000000ecd00000,0x00000000edf00000)
 ParOldGen       total 397312K, used 331838K [0x00000000c0000000, 0x00000000d8400000, 0x00000000eab00000)
  object space 397312K, 83% used [0x00000000c0000000,0x00000000d440fa30,0x00000000d8400000)
 Metaspace       used 73112K, committed 74368K, reserved 1179648K
  class space    used 7789K, committed 8320K, reserved 1048576K
}
Event: 47.854 GC heap before
{Heap before GC invocations=206 (full 12):
 PSYoungGen      total 44032K, used 43878K [0x00000000eab00000, 0x00000000ef100000, 0x0000000100000000)
  eden space 29696K, 100% used [0x00000000eab00000,0x00000000ec800000,0x00000000ec800000)
  from space 14336K, 98% used [0x00000000ee300000,0x00000000ef0d9918,0x00000000ef100000)
  to   space 18432K, 0% used [0x00000000ecd00000,0x00000000ecd00000,0x00000000edf00000)
 ParOldGen       total 397312K, used 331838K [0x00000000c0000000, 0x00000000d8400000, 0x00000000eab00000)
  object space 397312K, 83% used [0x00000000c0000000,0x00000000d440fa30,0x00000000d8400000)
 Metaspace       used 73715K, committed 74944K, reserved 1179648K
  class space    used 7792K, committed 8320K, reserved 1048576K
}
Event: 48.205 GC heap after
{Heap after GC invocations=206 (full 12):
 PSYoungGen      total 50688K, used 18308K [0x00000000eab00000, 0x00000000ef080000, 0x0000000100000000)
  eden space 32256K, 0% used [0x00000000eab00000,0x00000000eab00000,0x00000000eca80000)
  from space 18432K, 99% used [0x00000000ecd00000,0x00000000edee1088,0x00000000edf00000)
  to   space 17920K, 0% used [0x00000000edf00000,0x00000000edf00000,0x00000000ef080000)
 ParOldGen       total 397312K, used 331846K [0x00000000c0000000, 0x00000000d8400000, 0x00000000eab00000)
  object space 397312K, 83% used [0x00000000c0000000,0x00000000d4411a30,0x00000000d8400000)
 Metaspace       used 73715K, committed 74944K, reserved 1179648K
  class space    used 7792K, committed 8320K, reserved 1048576K
}
Event: 48.607 GC heap before
{Heap before GC invocations=207 (full 12):
 PSYoungGen      total 50688K, used 50207K [0x00000000eab00000, 0x00000000ef080000, 0x0000000100000000)
  eden space 32256K, 98% used [0x00000000eab00000,0x00000000eca26c48,0x00000000eca80000)
  from space 18432K, 99% used [0x00000000ecd00000,0x00000000edee1088,0x00000000edf00000)
  to   space 17920K, 0% used [0x00000000edf00000,0x00000000edf00000,0x00000000ef080000)
 ParOldGen       total 397312K, used 331846K [0x00000000c0000000, 0x00000000d8400000, 0x00000000eab00000)
  object space 397312K, 83% used [0x00000000c0000000,0x00000000d4411a30,0x00000000d8400000)
 Metaspace       used 74075K, committed 75264K, reserved 1179648K
  class space    used 7824K, committed 8320K, reserved 1048576K
}
Event: 48.729 GC heap after
{Heap after GC invocations=207 (full 12):
 PSYoungGen      total 52736K, used 17909K [0x00000000eab00000, 0x00000000ef180000, 0x0000000100000000)
  eden space 34816K, 0% used [0x00000000eab00000,0x00000000eab00000,0x00000000ecd00000)
  from space 17920K, 99% used [0x00000000edf00000,0x00000000ef07d4d0,0x00000000ef080000)
  to   space 18432K, 0% used [0x00000000ecd00000,0x00000000ecd00000,0x00000000edf00000)
 ParOldGen       total 397312K, used 332176K [0x00000000c0000000, 0x00000000d8400000, 0x00000000eab00000)
  object space 397312K, 83% used [0x00000000c0000000,0x00000000d44642a0,0x00000000d8400000)
 Metaspace       used 74075K, committed 75264K, reserved 1179648K
  class space    used 7824K, committed 8320K, reserved 1048576K
}
Event: 49.182 GC heap before
{Heap before GC invocations=208 (full 12):
 PSYoungGen      total 52736K, used 52725K [0x00000000eab00000, 0x00000000ef180000, 0x0000000100000000)
  eden space 34816K, 100% used [0x00000000eab00000,0x00000000ecd00000,0x00000000ecd00000)
  from space 17920K, 99% used [0x00000000edf00000,0x00000000ef07d4d0,0x00000000ef080000)
  to   space 18432K, 0% used [0x00000000ecd00000,0x00000000ecd00000,0x00000000edf00000)
 ParOldGen       total 397312K, used 332176K [0x00000000c0000000, 0x00000000d8400000, 0x00000000eab00000)
  object space 397312K, 83% used [0x00000000c0000000,0x00000000d44642a0,0x00000000d8400000)
 Metaspace       used 74928K, committed 76096K, reserved 1179648K
  class space    used 7937K, committed 8448K, reserved 1048576K
}
Event: 49.286 GC heap after
{Heap after GC invocations=208 (full 12):
 PSYoungGen      total 40960K, used 5748K [0x00000000eab00000, 0x00000000ee580000, 0x0000000100000000)
  eden space 34816K, 0% used [0x00000000eab00000,0x00000000eab00000,0x00000000ecd00000)
  from space 6144K, 93% used [0x00000000ecd00000,0x00000000ed29d020,0x00000000ed300000)
  to   space 10752K, 0% used [0x00000000edb00000,0x00000000edb00000,0x00000000ee580000)
 ParOldGen       total 397312K, used 345565K [0x00000000c0000000, 0x00000000d8400000, 0x00000000eab00000)
  object space 397312K, 86% used [0x00000000c0000000,0x00000000d5177780,0x00000000d8400000)
 Metaspace       used 74928K, committed 76096K, reserved 1179648K
  class space    used 7937K, committed 8448K, reserved 1048576K
}
Event: 50.111 GC heap before
{Heap before GC invocations=209 (full 12):
 PSYoungGen      total 40960K, used 40564K [0x00000000eab00000, 0x00000000ee580000, 0x0000000100000000)
  eden space 34816K, 100% used [0x00000000eab00000,0x00000000ecd00000,0x00000000ecd00000)
  from space 6144K, 93% used [0x00000000ecd00000,0x00000000ed29d020,0x00000000ed300000)
  to   space 10752K, 0% used [0x00000000edb00000,0x00000000edb00000,0x00000000ee580000)
 ParOldGen       total 397312K, used 345565K [0x00000000c0000000, 0x00000000d8400000, 0x00000000eab00000)
  object space 397312K, 86% used [0x00000000c0000000,0x00000000d5177780,0x00000000d8400000)
 Metaspace       used 76271K, committed 77504K, reserved 1179648K
  class space    used 8093K, committed 8640K, reserved 1048576K
}
Event: 50.169 GC heap after
{Heap after GC invocations=209 (full 12):
 PSYoungGen      total 44544K, used 5859K [0x00000000eab00000, 0x00000000ee100000, 0x0000000100000000)
  eden space 38400K, 0% used [0x00000000eab00000,0x00000000eab00000,0x00000000ed080000)
  from space 6144K, 95% used [0x00000000edb00000,0x00000000ee0b8ff0,0x00000000ee100000)
  to   space 6656K, 0% used [0x00000000ed400000,0x00000000ed400000,0x00000000eda80000)
 ParOldGen       total 397312K, used 345573K [0x00000000c0000000, 0x00000000d8400000, 0x00000000eab00000)
  object space 397312K, 86% used [0x00000000c0000000,0x00000000d5179780,0x00000000d8400000)
 Metaspace       used 76271K, committed 77504K, reserved 1179648K
  class space    used 8093K, committed 8640K, reserved 1048576K
}
Event: 54.110 GC heap before
{Heap before GC invocations=210 (full 12):
 PSYoungGen      total 44544K, used 44259K [0x00000000eab00000, 0x00000000ee100000, 0x0000000100000000)
  eden space 38400K, 100% used [0x00000000eab00000,0x00000000ed080000,0x00000000ed080000)
  from space 6144K, 95% used [0x00000000edb00000,0x00000000ee0b8ff0,0x00000000ee100000)
  to   space 6656K, 0% used [0x00000000ed400000,0x00000000ed400000,0x00000000eda80000)
 ParOldGen       total 397312K, used 345573K [0x00000000c0000000, 0x00000000d8400000, 0x00000000eab00000)
  object space 397312K, 86% used [0x00000000c0000000,0x00000000d5179780,0x00000000d8400000)
 Metaspace       used 77000K, committed 78208K, reserved 1179648K
  class space    used 8122K, committed 8640K, reserved 1048576K
}
Event: 54.130 GC heap after
{Heap after GC invocations=210 (full 12):
 PSYoungGen      total 48128K, used 6644K [0x00000000eab00000, 0x00000000ee380000, 0x0000000100000000)
  eden space 41472K, 0% used [0x00000000eab00000,0x00000000eab00000,0x00000000ed380000)
  from space 6656K, 99% used [0x00000000ed400000,0x00000000eda7d020,0x00000000eda80000)
  to   space 8192K, 0% used [0x00000000edb80000,0x00000000edb80000,0x00000000ee380000)
 ParOldGen       total 397312K, used 346475K [0x00000000c0000000, 0x00000000d8400000, 0x00000000eab00000)
  object space 397312K, 87% used [0x00000000c0000000,0x00000000d525af40,0x00000000d8400000)
 Metaspace       used 77000K, committed 78208K, reserved 1179648K
  class space    used 8122K, committed 8640K, reserved 1048576K
}
Event: 54.644 GC heap before
{Heap before GC invocations=211 (full 12):
 PSYoungGen      total 48128K, used 48116K [0x00000000eab00000, 0x00000000ee380000, 0x0000000100000000)
  eden space 41472K, 100% used [0x00000000eab00000,0x00000000ed380000,0x00000000ed380000)
  from space 6656K, 99% used [0x00000000ed400000,0x00000000eda7d020,0x00000000eda80000)
  to   space 8192K, 0% used [0x00000000edb80000,0x00000000edb80000,0x00000000ee380000)
 ParOldGen       total 397312K, used 346475K [0x00000000c0000000, 0x00000000d8400000, 0x00000000eab00000)
  object space 397312K, 87% used [0x00000000c0000000,0x00000000d525af40,0x00000000d8400000)
 Metaspace       used 77403K, committed 78592K, reserved 1179648K
  class space    used 8123K, committed 8640K, reserved 1048576K
}
Event: 54.652 GC heap after
{Heap after GC invocations=211 (full 12):
 PSYoungGen      total 50688K, used 4869K [0x00000000eab00000, 0x00000000ee280000, 0x0000000100000000)
  eden space 43520K, 0% used [0x00000000eab00000,0x00000000eab00000,0x00000000ed580000)
  from space 7168K, 67% used [0x00000000edb80000,0x00000000ee041488,0x00000000ee280000)
  to   space 6144K, 0% used [0x00000000ed580000,0x00000000ed580000,0x00000000edb80000)
 ParOldGen       total 397312K, used 348654K [0x00000000c0000000, 0x00000000d8400000, 0x00000000eab00000)
  object space 397312K, 87% used [0x00000000c0000000,0x00000000d547b828,0x00000000d8400000)
 Metaspace       used 77403K, committed 78592K, reserved 1179648K
  class space    used 8123K, committed 8640K, reserved 1048576K
}
Event: 55.421 GC heap before
{Heap before GC invocations=212 (full 12):
 PSYoungGen      total 50688K, used 48389K [0x00000000eab00000, 0x00000000ee280000, 0x0000000100000000)
  eden space 43520K, 100% used [0x00000000eab00000,0x00000000ed580000,0x00000000ed580000)
  from space 7168K, 67% used [0x00000000edb80000,0x00000000ee041488,0x00000000ee280000)
  to   space 6144K, 0% used [0x00000000ed580000,0x00000000ed580000,0x00000000edb80000)
 ParOldGen       total 397312K, used 348654K [0x00000000c0000000, 0x00000000d8400000, 0x00000000eab00000)
  object space 397312K, 87% used [0x00000000c0000000,0x00000000d547b828,0x00000000d8400000)
 Metaspace       used 77623K, committed 78912K, reserved 1179648K
  class space    used 8123K, committed 8640K, reserved 1048576K
}
Event: 55.424 GC heap after
{Heap after GC invocations=212 (full 12):
 PSYoungGen      total 49664K, used 4837K [0x00000000eab00000, 0x00000000ee200000, 0x0000000100000000)
  eden space 43520K, 0% used [0x00000000eab00000,0x00000000eab00000,0x00000000ed580000)
  from space 6144K, 78% used [0x00000000ed580000,0x00000000eda39488,0x00000000edb80000)
  to   space 5120K, 0% used [0x00000000edd00000,0x00000000edd00000,0x00000000ee200000)
 ParOldGen       total 397312K, used 348662K [0x00000000c0000000, 0x00000000d8400000, 0x00000000eab00000)
  object space 397312K, 87% used [0x00000000c0000000,0x00000000d547d828,0x00000000d8400000)
 Metaspace       used 77623K, committed 78912K, reserved 1179648K
  class space    used 8123K, committed 8640K, reserved 1048576K
}

