# JRE version: OpenJDK Runtime Environment Temurin-17.0.12+7 (17.0.12+7) (build 17.0.12+7)
# Java VM: OpenJDK 64-Bit Server VM Temurin-17.0.12+7 (17.0.12+7, mixed mode, tiered, compressed oops, compressed class ptrs, parallel gc, windows-amd64)
GC Precious Log:
 CPUs: 8 total, 8 available
 Memory: 3317M
 Large Page Support: Disabled
 NUMA Support: Disabled
 Compressed Oops: Enabled (32-bit)
 Alignments: Space 512K, Generation 512K, Heap 2M
 Heap Min Capacity: 100M
 Heap Initial Capacity: 100M
 Heap Max Capacity: 1G
 Pre-touch: Disabled
 Parallel Workers: 8
Heap:
 PSYoungGen      total 23552K, used 20543K [0x00000000eab00000, 0x00000000ec980000, 0x0000000100000000)
  eden space 19968K, 85% used [0x00000000eab00000,0x00000000ebb97ca8,0x00000000ebe80000)
  from space 3584K, 99% used [0x00000000ec200000,0x00000000ec578060,0x00000000ec580000)
  to   space 4096K, 0% used [0x00000000ec580000,0x00000000ec580000,0x00000000ec980000)
 ParOldGen       total 271360K, used 190074K [0x00000000c0000000, 0x00000000d0900000, 0x00000000eab00000)
  object space 271360K, 70% used [0x00000000c0000000,0x00000000cb99ebc8,0x00000000d0900000)
 Metaspace       used 78206K, committed 79552K, reserved 1179648K
  class space    used 8249K, committed 8832K, reserved 1048576K
GC Heap History (20 events):
Event: 21.720 GC heap before
{Heap before GC invocations=179 (full 9):
 PSYoungGen      total 34816K, used 34390K [0x00000000eab00000, 0x00000000ee680000, 0x0000000100000000)
  eden space 13824K, 100% used [0x00000000eab00000,0x00000000eb880000,0x00000000eb880000)
  from space 20992K, 97% used [0x00000000eb880000,0x00000000ecc95898,0x00000000ecd00000)
  to   space 22528K, 0% used [0x00000000ed080000,0x00000000ed080000,0x00000000ee680000)
 ParOldGen       total 311296K, used 276614K [0x00000000c0000000, 0x00000000d3000000, 0x00000000eab00000)
  object space 311296K, 88% used [0x00000000c0000000,0x00000000d0e21978,0x00000000d3000000)
 Metaspace       used 74869K, committed 76160K, reserved 1179648K
  class space    used 7939K, committed 8512K, reserved 1048576K
}
Event: 21.728 GC heap after
{Heap after GC invocations=179 (full 9):
 PSYoungGen      total 37888K, used 22516K [0x00000000eab00000, 0x00000000ee780000, 0x0000000100000000)
  eden space 15360K, 0% used [0x00000000eab00000,0x00000000eab00000,0x00000000eba00000)
  from space 22528K, 99% used [0x00000000ed080000,0x00000000ee67d088,0x00000000ee680000)
  to   space 23040K, 0% used [0x00000000eba00000,0x00000000eba00000,0x00000000ed080000)
 ParOldGen       total 311296K, used 279850K [0x00000000c0000000, 0x00000000d3000000, 0x00000000eab00000)
  object space 311296K, 89% used [0x00000000c0000000,0x00000000d114aba8,0x00000000d3000000)
 Metaspace       used 74869K, committed 76160K, reserved 1179648K
  class space    used 7939K, committed 8512K, reserved 1048576K
}
Event: 21.757 GC heap before
{Heap before GC invocations=180 (full 9):
 PSYoungGen      total 37888K, used 37876K [0x00000000eab00000, 0x00000000ee780000, 0x0000000100000000)
  eden space 15360K, 100% used [0x00000000eab00000,0x00000000eba00000,0x00000000eba00000)
  from space 22528K, 99% used [0x00000000ed080000,0x00000000ee67d088,0x00000000ee680000)
  to   space 23040K, 0% used [0x00000000eba00000,0x00000000eba00000,0x00000000ed080000)
 ParOldGen       total 311296K, used 279850K [0x00000000c0000000, 0x00000000d3000000, 0x00000000eab00000)
  object space 311296K, 89% used [0x00000000c0000000,0x00000000d114aba8,0x00000000d3000000)
 Metaspace       used 74869K, committed 76160K, reserved 1179648K
  class space    used 7939K, committed 8512K, reserved 1048576K
}
Event: 21.764 GC heap after
{Heap after GC invocations=180 (full 9):
 PSYoungGen      total 38400K, used 23036K [0x00000000eab00000, 0x00000000ef600000, 0x0000000100000000)
  eden space 15360K, 0% used [0x00000000eab00000,0x00000000eab00000,0x00000000eba00000)
  from space 23040K, 99% used [0x00000000eba00000,0x00000000ed07f0a8,0x00000000ed080000)
  to   space 29696K, 0% used [0x00000000ed900000,0x00000000ed900000,0x00000000ef600000)
 ParOldGen       total 311296K, used 285146K [0x00000000c0000000, 0x00000000d3000000, 0x00000000eab00000)
  object space 311296K, 91% used [0x00000000c0000000,0x00000000d1676ac0,0x00000000d3000000)
 Metaspace       used 74869K, committed 76160K, reserved 1179648K
  class space    used 7939K, committed 8512K, reserved 1048576K
}
Event: 21.793 GC heap before
{Heap before GC invocations=181 (full 9):
 PSYoungGen      total 38400K, used 38396K [0x00000000eab00000, 0x00000000ef600000, 0x0000000100000000)
  eden space 15360K, 100% used [0x00000000eab00000,0x00000000eba00000,0x00000000eba00000)
  from space 23040K, 99% used [0x00000000eba00000,0x00000000ed07f0a8,0x00000000ed080000)
  to   space 29696K, 0% used [0x00000000ed900000,0x00000000ed900000,0x00000000ef600000)
 ParOldGen       total 311296K, used 285146K [0x00000000c0000000, 0x00000000d3000000, 0x00000000eab00000)
  object space 311296K, 91% used [0x00000000c0000000,0x00000000d1676ac0,0x00000000d3000000)
 Metaspace       used 74869K, committed 76160K, reserved 1179648K
  class space    used 7939K, committed 8512K, reserved 1048576K
}
Event: 21.801 GC heap after
{Heap after GC invocations=181 (full 9):
 PSYoungGen      total 40448K, used 22718K [0x00000000eab00000, 0x00000000eef80000, 0x0000000100000000)
  eden space 17408K, 0% used [0x00000000eab00000,0x00000000eab00000,0x00000000ebc00000)
  from space 23040K, 98% used [0x00000000ed900000,0x00000000eef2f930,0x00000000eef80000)
  to   space 25088K, 0% used [0x00000000ebe80000,0x00000000ebe80000,0x00000000ed700000)
 ParOldGen       total 311296K, used 291380K [0x00000000c0000000, 0x00000000d3000000, 0x00000000eab00000)
  object space 311296K, 93% used [0x00000000c0000000,0x00000000d1c8d0a8,0x00000000d3000000)
 Metaspace       used 74869K, committed 76160K, reserved 1179648K
  class space    used 7939K, committed 8512K, reserved 1048576K
}
Event: 22.495 GC heap before
{Heap before GC invocations=182 (full 9):
 PSYoungGen      total 40448K, used 40121K [0x00000000eab00000, 0x00000000eef80000, 0x0000000100000000)
  eden space 17408K, 99% used [0x00000000eab00000,0x00000000ebbfeb60,0x00000000ebc00000)
  from space 23040K, 98% used [0x00000000ed900000,0x00000000eef2f930,0x00000000eef80000)
  to   space 25088K, 0% used [0x00000000ebe80000,0x00000000ebe80000,0x00000000ed700000)
 ParOldGen       total 311296K, used 291380K [0x00000000c0000000, 0x00000000d3000000, 0x00000000eab00000)
  object space 311296K, 93% used [0x00000000c0000000,0x00000000d1c8d0a8,0x00000000d3000000)
 Metaspace       used 74982K, committed 76288K, reserved 1179648K
  class space    used 7949K, committed 8512K, reserved 1048576K
}
Event: 22.510 GC heap after
{Heap after GC invocations=182 (full 9):
 PSYoungGen      total 39424K, used 19718K [0x00000000eab00000, 0x00000000ee800000, 0x0000000100000000)
  eden space 19456K, 0% used [0x00000000eab00000,0x00000000eab00000,0x00000000ebe00000)
  from space 19968K, 98% used [0x00000000ebe80000,0x00000000ed1c1938,0x00000000ed200000)
  to   space 21504K, 0% used [0x00000000ed300000,0x00000000ed300000,0x00000000ee800000)
 ParOldGen       total 311296K, used 298102K [0x00000000c0000000, 0x00000000d3000000, 0x00000000eab00000)
  object space 311296K, 95% used [0x00000000c0000000,0x00000000d231d838,0x00000000d3000000)
 Metaspace       used 74982K, committed 76288K, reserved 1179648K
  class space    used 7949K, committed 8512K, reserved 1048576K
}
Event: 23.248 GC heap before
{Heap before GC invocations=183 (full 9):
 PSYoungGen      total 39424K, used 39174K [0x00000000eab00000, 0x00000000ee800000, 0x0000000100000000)
  eden space 19456K, 100% used [0x00000000eab00000,0x00000000ebe00000,0x00000000ebe00000)
  from space 19968K, 98% used [0x00000000ebe80000,0x00000000ed1c1938,0x00000000ed200000)
  to   space 21504K, 0% used [0x00000000ed300000,0x00000000ed300000,0x00000000ee800000)
 ParOldGen       total 311296K, used 298102K [0x00000000c0000000, 0x00000000d3000000, 0x00000000eab00000)
  object space 311296K, 95% used [0x00000000c0000000,0x00000000d231d838,0x00000000d3000000)
 Metaspace       used 75498K, committed 76736K, reserved 1179648K
  class space    used 7981K, committed 8512K, reserved 1048576K
}
Event: 23.260 GC heap after
{Heap after GC invocations=183 (full 9):
 PSYoungGen      total 37888K, used 21497K [0x00000000eab00000, 0x00000000ef000000, 0x0000000100000000)
  eden space 16384K, 0% used [0x00000000eab00000,0x00000000eab00000,0x00000000ebb00000)
  from space 21504K, 99% used [0x00000000ed300000,0x00000000ee7fe430,0x00000000ee800000)
  to   space 24576K, 0% used [0x00000000ebb00000,0x00000000ebb00000,0x00000000ed300000)
 ParOldGen       total 311296K, used 300174K [0x00000000c0000000, 0x00000000d3000000, 0x00000000eab00000)
  object space 311296K, 96% used [0x00000000c0000000,0x00000000d2523a18,0x00000000d3000000)
 Metaspace       used 75498K, committed 76736K, reserved 1179648K
  class space    used 7981K, committed 8512K, reserved 1048576K
}
Event: 23.818 GC heap before
{Heap before GC invocations=184 (full 9):
 PSYoungGen      total 37888K, used 37881K [0x00000000eab00000, 0x00000000ef000000, 0x0000000100000000)
  eden space 16384K, 100% used [0x00000000eab00000,0x00000000ebb00000,0x00000000ebb00000)
  from space 21504K, 99% used [0x00000000ed300000,0x00000000ee7fe430,0x00000000ee800000)
  to   space 24576K, 0% used [0x00000000ebb00000,0x00000000ebb00000,0x00000000ed300000)
 ParOldGen       total 311296K, used 300174K [0x00000000c0000000, 0x00000000d3000000, 0x00000000eab00000)
  object space 311296K, 96% used [0x00000000c0000000,0x00000000d2523a18,0x00000000d3000000)
 Metaspace       used 76050K, committed 77312K, reserved 1179648K
  class space    used 8029K, committed 8576K, reserved 1048576K
}
Event: 23.846 GC heap after
{Heap after GC invocations=184 (full 9):
 PSYoungGen      total 30208K, used 13335K [0x00000000eab00000, 0x00000000ede80000, 0x0000000100000000)
  eden space 16384K, 0% used [0x00000000eab00000,0x00000000eab00000,0x00000000ebb00000)
  from space 13824K, 96% used [0x00000000ebb00000,0x00000000ec805f78,0x00000000ec880000)
  to   space 17408K, 0% used [0x00000000ecd80000,0x00000000ecd80000,0x00000000ede80000)
 ParOldGen       total 311296K, used 308570K [0x00000000c0000000, 0x00000000d3000000, 0x00000000eab00000)
  object space 311296K, 99% used [0x00000000c0000000,0x00000000d2d56b80,0x00000000d3000000)
 Metaspace       used 76050K, committed 77312K, reserved 1179648K
  class space    used 8029K, committed 8576K, reserved 1048576K
}
Event: 23.847 GC heap before
{Heap before GC invocations=185 (full 10):
 PSYoungGen      total 30208K, used 13335K [0x00000000eab00000, 0x00000000ede80000, 0x0000000100000000)
  eden space 16384K, 0% used [0x00000000eab00000,0x00000000eab00000,0x00000000ebb00000)
  from space 13824K, 96% used [0x00000000ebb00000,0x00000000ec805f78,0x00000000ec880000)
  to   space 17408K, 0% used [0x00000000ecd80000,0x00000000ecd80000,0x00000000ede80000)
 ParOldGen       total 311296K, used 308570K [0x00000000c0000000, 0x00000000d3000000, 0x00000000eab00000)
  object space 311296K, 99% used [0x00000000c0000000,0x00000000d2d56b80,0x00000000d3000000)
 Metaspace       used 76050K, committed 77312K, reserved 1179648K
  class space    used 8029K, committed 8576K, reserved 1048576K
}
Event: 24.756 GC heap after
{Heap after GC invocations=185 (full 10):
 PSYoungGen      total 35328K, used 0K [0x00000000eab00000, 0x00000000ede80000, 0x0000000100000000)
  eden space 17920K, 0% used [0x00000000eab00000,0x00000000eab00000,0x00000000ebc80000)
  from space 17408K, 0% used [0x00000000ecd80000,0x00000000ecd80000,0x00000000ede80000)
  to   space 17408K, 0% used [0x00000000ebc80000,0x00000000ebc80000,0x00000000ecd80000)
 ParOldGen       total 271360K, used 188754K [0x00000000c0000000, 0x00000000d0900000, 0x00000000eab00000)
  object space 271360K, 69% used [0x00000000c0000000,0x00000000cb854b88,0x00000000d0900000)
 Metaspace       used 76050K, committed 77312K, reserved 1179648K
  class space    used 8029K, committed 8576K, reserved 1048576K
}
Event: 25.132 GC heap before
{Heap before GC invocations=186 (full 10):
 PSYoungGen      total 35328K, used 17920K [0x00000000eab00000, 0x00000000ede80000, 0x0000000100000000)
  eden space 17920K, 100% used [0x00000000eab00000,0x00000000ebc80000,0x00000000ebc80000)
  from space 17408K, 0% used [0x00000000ecd80000,0x00000000ecd80000,0x00000000ede80000)
  to   space 17408K, 0% used [0x00000000ebc80000,0x00000000ebc80000,0x00000000ecd80000)
 ParOldGen       total 271360K, used 188754K [0x00000000c0000000, 0x00000000d0900000, 0x00000000eab00000)
  object space 271360K, 69% used [0x00000000c0000000,0x00000000cb854b88,0x00000000d0900000)
 Metaspace       used 76624K, committed 77888K, reserved 1179648K
  class space    used 8080K, committed 8640K, reserved 1048576K
}
Event: 25.138 GC heap after
{Heap after GC invocations=186 (full 10):
 PSYoungGen      total 20992K, used 2854K [0x00000000eab00000, 0x00000000ece00000, 0x0000000100000000)
  eden space 17920K, 0% used [0x00000000eab00000,0x00000000eab00000,0x00000000ebc80000)
  from space 3072K, 92% used [0x00000000ebc80000,0x00000000ebf49800,0x00000000ebf80000)
  to   space 7680K, 0% used [0x00000000ec680000,0x00000000ec680000,0x00000000ece00000)
 ParOldGen       total 271360K, used 188754K [0x00000000c0000000, 0x00000000d0900000, 0x00000000eab00000)
  object space 271360K, 69% used [0x00000000c0000000,0x00000000cb854b88,0x00000000d0900000)
 Metaspace       used 76624K, committed 77888K, reserved 1179648K
  class space    used 8080K, committed 8640K, reserved 1048576K
}
Event: 25.640 GC heap before
{Heap before GC invocations=187 (full 10):
 PSYoungGen      total 20992K, used 20774K [0x00000000eab00000, 0x00000000ece00000, 0x0000000100000000)
  eden space 17920K, 100% used [0x00000000eab00000,0x00000000ebc80000,0x00000000ebc80000)
  from space 3072K, 92% used [0x00000000ebc80000,0x00000000ebf49800,0x00000000ebf80000)
  to   space 7680K, 0% used [0x00000000ec680000,0x00000000ec680000,0x00000000ece00000)
 ParOldGen       total 271360K, used 188754K [0x00000000c0000000, 0x00000000d0900000, 0x00000000eab00000)
  object space 271360K, 69% used [0x00000000c0000000,0x00000000cb854b88,0x00000000d0900000)
 Metaspace       used 77430K, committed 78720K, reserved 1179648K
  class space    used 8209K, committed 8768K, reserved 1048576K
}
Event: 25.643 GC heap after
{Heap after GC invocations=187 (full 10):
 PSYoungGen      total 21504K, used 2176K [0x00000000eab00000, 0x00000000ec900000, 0x0000000100000000)
  eden space 18944K, 0% used [0x00000000eab00000,0x00000000eab00000,0x00000000ebd80000)
  from space 2560K, 85% used [0x00000000ec680000,0x00000000ec8a0020,0x00000000ec900000)
  to   space 3584K, 0% used [0x00000000ec200000,0x00000000ec200000,0x00000000ec580000)
 ParOldGen       total 271360K, used 188762K [0x00000000c0000000, 0x00000000d0900000, 0x00000000eab00000)
  object space 271360K, 69% used [0x00000000c0000000,0x00000000cb856b88,0x00000000d0900000)
 Metaspace       used 77430K, committed 78720K, reserved 1179648K
  class space    used 8209K, committed 8768K, reserved 1048576K
}
Event: 30.022 GC heap before
{Heap before GC invocations=188 (full 10):
 PSYoungGen      total 21504K, used 21120K [0x00000000eab00000, 0x00000000ec900000, 0x0000000100000000)
  eden space 18944K, 100% used [0x00000000eab00000,0x00000000ebd80000,0x00000000ebd80000)
  from space 2560K, 85% used [0x00000000ec680000,0x00000000ec8a0020,0x00000000ec900000)
  to   space 3584K, 0% used [0x00000000ec200000,0x00000000ec200000,0x00000000ec580000)
 ParOldGen       total 271360K, used 188762K [0x00000000c0000000, 0x00000000d0900000, 0x00000000eab00000)
  object space 271360K, 69% used [0x00000000c0000000,0x00000000cb856b88,0x00000000d0900000)
 Metaspace       used 77804K, committed 79168K, reserved 1179648K
  class space    used 8231K, committed 8832K, reserved 1048576K
}
Event: 30.049 GC heap after
{Heap after GC invocations=188 (full 10):
 PSYoungGen      total 23552K, used 3552K [0x00000000eab00000, 0x00000000ec980000, 0x0000000100000000)
  eden space 19968K, 0% used [0x00000000eab00000,0x00000000eab00000,0x00000000ebe80000)
  from space 3584K, 99% used [0x00000000ec200000,0x00000000ec578060,0x00000000ec580000)
  to   space 4096K, 0% used [0x00000000ec580000,0x00000000ec580000,0x00000000ec980000)
 ParOldGen       total 271360K, used 190074K [0x00000000c0000000, 0x00000000d0900000, 0x00000000eab00000)
  object space 271360K, 70% used [0x00000000c0000000,0x00000000cb99ebc8,0x00000000d0900000)
 Metaspace       used 77804K, committed 79168K, reserved 1179648K
  class space    used 8231K, committed 8832K, reserved 1048576K
}

