# JRE version: OpenJDK Runtime Environment Temurin-17.0.12+7 (17.0.12+7) (build 17.0.12+7)
# Java VM: OpenJDK 64-Bit Server VM Temurin-17.0.12+7 (17.0.12+7, mixed mode, tiered, compressed oops, compressed class ptrs, parallel gc, windows-amd64)
GC Precious Log:
 CPUs: 8 total, 8 available
 Memory: 3317M
 Large Page Support: Disabled
 NUMA Support: Disabled
 Compressed Oops: Enabled (32-bit)
 Alignments: Space 512K, Generation 512K, Heap 2M
 Heap Min Capacity: 100M
 Heap Initial Capacity: 100M
 Heap Max Capacity: 1G
 Pre-touch: Disabled
 Parallel Workers: 8
Heap:
 PSYoungGen      total 28160K, used 21972K [0x00000000eab00000, 0x00000000ed300000, 0x0000000100000000)
  eden space 16896K, 63% used [0x00000000eab00000,0x00000000eb577680,0x00000000ebb80000)
  from space 11264K, 99% used [0x00000000ec800000,0x00000000ed2fdd38,0x00000000ed300000)
  to   space 10752K, 0% used [0x00000000ebb80000,0x00000000ebb80000,0x00000000ec600000)
 ParOldGen       total 303104K, used 265364K [0x00000000c0000000, 0x00000000d2800000, 0x00000000eab00000)
  object space 303104K, 87% used [0x00000000c0000000,0x00000000d0325350,0x00000000d2800000)
 Metaspace       used 67333K, committed 68608K, reserved 1114112K
  class space    used 7093K, committed 7616K, reserved 1048576K
GC Heap History (20 events):
Event: 20.597 GC heap before
{Heap before GC invocations=98 (full 8):
 PSYoungGen      total 21504K, used 21174K [0x00000000eab00000, 0x00000000ec900000, 0x0000000100000000)
  eden space 13312K, 100% used [0x00000000eab00000,0x00000000eb800000,0x00000000eb800000)
  from space 8192K, 95% used [0x00000000ec100000,0x00000000ec8ad890,0x00000000ec900000)
  to   space 8192K, 0% used [0x00000000eb900000,0x00000000eb900000,0x00000000ec100000)
 ParOldGen       total 252416K, used 235863K [0x00000000c0000000, 0x00000000cf680000, 0x00000000eab00000)
  object space 252416K, 93% used [0x00000000c0000000,0x00000000ce655cb0,0x00000000cf680000)
 Metaspace       used 67331K, committed 68608K, reserved 1114112K
  class space    used 7093K, committed 7616K, reserved 1048576K
}
Event: 20.601 GC heap after
{Heap after GC invocations=98 (full 8):
 PSYoungGen      total 22528K, used 8178K [0x00000000eab00000, 0x00000000ecf80000, 0x0000000100000000)
  eden space 14336K, 0% used [0x00000000eab00000,0x00000000eab00000,0x00000000eb900000)
  from space 8192K, 99% used [0x00000000eb900000,0x00000000ec0fc9d0,0x00000000ec100000)
  to   space 11264K, 0% used [0x00000000ec480000,0x00000000ec480000,0x00000000ecf80000)
 ParOldGen       total 252416K, used 238417K [0x00000000c0000000, 0x00000000cf680000, 0x00000000eab00000)
  object space 252416K, 94% used [0x00000000c0000000,0x00000000ce8d4458,0x00000000cf680000)
 Metaspace       used 67331K, committed 68608K, reserved 1114112K
  class space    used 7093K, committed 7616K, reserved 1048576K
}
Event: 20.659 GC heap before
{Heap before GC invocations=99 (full 8):
 PSYoungGen      total 22528K, used 22514K [0x00000000eab00000, 0x00000000ecf80000, 0x0000000100000000)
  eden space 14336K, 99% used [0x00000000eab00000,0x00000000eb8ffff0,0x00000000eb900000)
  from space 8192K, 99% used [0x00000000eb900000,0x00000000ec0fc9d0,0x00000000ec100000)
  to   space 11264K, 0% used [0x00000000ec480000,0x00000000ec480000,0x00000000ecf80000)
 ParOldGen       total 252416K, used 238417K [0x00000000c0000000, 0x00000000cf680000, 0x00000000eab00000)
  object space 252416K, 94% used [0x00000000c0000000,0x00000000ce8d4458,0x00000000cf680000)
 Metaspace       used 67332K, committed 68608K, reserved 1114112K
  class space    used 7093K, committed 7616K, reserved 1048576K
}
Event: 20.665 GC heap after
{Heap after GC invocations=99 (full 8):
 PSYoungGen      total 22528K, used 6538K [0x00000000eab00000, 0x00000000ecb00000, 0x0000000100000000)
  eden space 15872K, 0% used [0x00000000eab00000,0x00000000eab00000,0x00000000eba80000)
  from space 6656K, 98% used [0x00000000ec480000,0x00000000ecae2948,0x00000000ecb00000)
  to   space 8192K, 0% used [0x00000000ebb00000,0x00000000ebb00000,0x00000000ec300000)
 ParOldGen       total 252416K, used 243453K [0x00000000c0000000, 0x00000000cf680000, 0x00000000eab00000)
  object space 252416K, 96% used [0x00000000c0000000,0x00000000cedbf5e0,0x00000000cf680000)
 Metaspace       used 67332K, committed 68608K, reserved 1114112K
  class space    used 7093K, committed 7616K, reserved 1048576K
}
Event: 20.724 GC heap before
{Heap before GC invocations=100 (full 8):
 PSYoungGen      total 22528K, used 22410K [0x00000000eab00000, 0x00000000ecb00000, 0x0000000100000000)
  eden space 15872K, 100% used [0x00000000eab00000,0x00000000eba80000,0x00000000eba80000)
  from space 6656K, 98% used [0x00000000ec480000,0x00000000ecae2948,0x00000000ecb00000)
  to   space 8192K, 0% used [0x00000000ebb00000,0x00000000ebb00000,0x00000000ec300000)
 ParOldGen       total 252416K, used 243453K [0x00000000c0000000, 0x00000000cf680000, 0x00000000eab00000)
  object space 252416K, 96% used [0x00000000c0000000,0x00000000cedbf5e0,0x00000000cf680000)
 Metaspace       used 67332K, committed 68608K, reserved 1114112K
  class space    used 7093K, committed 7616K, reserved 1048576K
}
Event: 20.727 GC heap after
{Heap after GC invocations=100 (full 8):
 PSYoungGen      total 24576K, used 8162K [0x00000000eab00000, 0x00000000ed100000, 0x0000000100000000)
  eden space 16384K, 0% used [0x00000000eab00000,0x00000000eab00000,0x00000000ebb00000)
  from space 8192K, 99% used [0x00000000ebb00000,0x00000000ec2f8998,0x00000000ec300000)
  to   space 10752K, 0% used [0x00000000ec680000,0x00000000ec680000,0x00000000ed100000)
 ParOldGen       total 252416K, used 245156K [0x00000000c0000000, 0x00000000cf680000, 0x00000000eab00000)
  object space 252416K, 97% used [0x00000000c0000000,0x00000000cef69248,0x00000000cf680000)
 Metaspace       used 67332K, committed 68608K, reserved 1114112K
  class space    used 7093K, committed 7616K, reserved 1048576K
}
Event: 20.783 GC heap before
{Heap before GC invocations=101 (full 8):
 PSYoungGen      total 24576K, used 24546K [0x00000000eab00000, 0x00000000ed100000, 0x0000000100000000)
  eden space 16384K, 100% used [0x00000000eab00000,0x00000000ebb00000,0x00000000ebb00000)
  from space 8192K, 99% used [0x00000000ebb00000,0x00000000ec2f8998,0x00000000ec300000)
  to   space 10752K, 0% used [0x00000000ec680000,0x00000000ec680000,0x00000000ed100000)
 ParOldGen       total 252416K, used 245156K [0x00000000c0000000, 0x00000000cf680000, 0x00000000eab00000)
  object space 252416K, 97% used [0x00000000c0000000,0x00000000cef69248,0x00000000cf680000)
 Metaspace       used 67332K, committed 68608K, reserved 1114112K
  class space    used 7093K, committed 7616K, reserved 1048576K
}
Event: 20.788 GC heap after
{Heap after GC invocations=101 (full 8):
 PSYoungGen      total 25088K, used 6712K [0x00000000eab00000, 0x00000000ecd80000, 0x0000000100000000)
  eden space 17920K, 0% used [0x00000000eab00000,0x00000000eab00000,0x00000000ebc80000)
  from space 7168K, 93% used [0x00000000ec680000,0x00000000ecd0e280,0x00000000ecd80000)
  to   space 8192K, 0% used [0x00000000ebd80000,0x00000000ebd80000,0x00000000ec580000)
 ParOldGen       total 252416K, used 250076K [0x00000000c0000000, 0x00000000cf680000, 0x00000000eab00000)
  object space 252416K, 99% used [0x00000000c0000000,0x00000000cf437308,0x00000000cf680000)
 Metaspace       used 67332K, committed 68608K, reserved 1114112K
  class space    used 7093K, committed 7616K, reserved 1048576K
}
Event: 20.788 GC heap before
{Heap before GC invocations=102 (full 9):
 PSYoungGen      total 25088K, used 6712K [0x00000000eab00000, 0x00000000ecd80000, 0x0000000100000000)
  eden space 17920K, 0% used [0x00000000eab00000,0x00000000eab00000,0x00000000ebc80000)
  from space 7168K, 93% used [0x00000000ec680000,0x00000000ecd0e280,0x00000000ecd80000)
  to   space 8192K, 0% used [0x00000000ebd80000,0x00000000ebd80000,0x00000000ec580000)
 ParOldGen       total 252416K, used 250076K [0x00000000c0000000, 0x00000000cf680000, 0x00000000eab00000)
  object space 252416K, 99% used [0x00000000c0000000,0x00000000cf437308,0x00000000cf680000)
 Metaspace       used 67332K, committed 68608K, reserved 1114112K
  class space    used 7093K, committed 7616K, reserved 1048576K
}
Event: 21.224 GC heap after
{Heap after GC invocations=102 (full 9):
 PSYoungGen      total 26624K, used 885K [0x00000000eab00000, 0x00000000ece00000, 0x0000000100000000)
  eden space 19456K, 0% used [0x00000000eab00000,0x00000000eab00000,0x00000000ebe00000)
  from space 7168K, 12% used [0x00000000ec680000,0x00000000ec75d458,0x00000000ecd80000)
  to   space 8192K, 0% used [0x00000000ebe00000,0x00000000ebe00000,0x00000000ec600000)
 ParOldGen       total 303104K, used 252166K [0x00000000c0000000, 0x00000000d2800000, 0x00000000eab00000)
  object space 303104K, 83% used [0x00000000c0000000,0x00000000cf641940,0x00000000d2800000)
 Metaspace       used 67332K, committed 68608K, reserved 1114112K
  class space    used 7093K, committed 7616K, reserved 1048576K
}
Event: 21.464 GC heap before
{Heap before GC invocations=103 (full 9):
 PSYoungGen      total 26624K, used 20341K [0x00000000eab00000, 0x00000000ece00000, 0x0000000100000000)
  eden space 19456K, 100% used [0x00000000eab00000,0x00000000ebe00000,0x00000000ebe00000)
  from space 7168K, 12% used [0x00000000ec680000,0x00000000ec75d458,0x00000000ecd80000)
  to   space 8192K, 0% used [0x00000000ebe00000,0x00000000ebe00000,0x00000000ec600000)
 ParOldGen       total 303104K, used 252166K [0x00000000c0000000, 0x00000000d2800000, 0x00000000eab00000)
  object space 303104K, 83% used [0x00000000c0000000,0x00000000cf641940,0x00000000d2800000)
 Metaspace       used 67332K, committed 68608K, reserved 1114112K
  class space    used 7093K, committed 7616K, reserved 1048576K
}
Event: 21.519 GC heap after
{Heap after GC invocations=103 (full 9):
 PSYoungGen      total 27648K, used 5661K [0x00000000eab00000, 0x00000000ecc80000, 0x0000000100000000)
  eden space 19456K, 0% used [0x00000000eab00000,0x00000000eab00000,0x00000000ebe00000)
  from space 8192K, 69% used [0x00000000ebe00000,0x00000000ec3876c0,0x00000000ec600000)
  to   space 6656K, 0% used [0x00000000ec600000,0x00000000ec600000,0x00000000ecc80000)
 ParOldGen       total 303104K, used 252166K [0x00000000c0000000, 0x00000000d2800000, 0x00000000eab00000)
  object space 303104K, 83% used [0x00000000c0000000,0x00000000cf641940,0x00000000d2800000)
 Metaspace       used 67332K, committed 68608K, reserved 1114112K
  class space    used 7093K, committed 7616K, reserved 1048576K
}
Event: 21.640 GC heap before
{Heap before GC invocations=104 (full 9):
 PSYoungGen      total 27648K, used 25117K [0x00000000eab00000, 0x00000000ecc80000, 0x0000000100000000)
  eden space 19456K, 100% used [0x00000000eab00000,0x00000000ebe00000,0x00000000ebe00000)
  from space 8192K, 69% used [0x00000000ebe00000,0x00000000ec3876c0,0x00000000ec600000)
  to   space 6656K, 0% used [0x00000000ec600000,0x00000000ec600000,0x00000000ecc80000)
 ParOldGen       total 303104K, used 252166K [0x00000000c0000000, 0x00000000d2800000, 0x00000000eab00000)
  object space 303104K, 83% used [0x00000000c0000000,0x00000000cf641940,0x00000000d2800000)
 Metaspace       used 67333K, committed 68608K, reserved 1114112K
  class space    used 7093K, committed 7616K, reserved 1048576K
}
Event: 21.657 GC heap after
{Heap after GC invocations=104 (full 9):
 PSYoungGen      total 23552K, used 6636K [0x00000000eab00000, 0x00000000ed480000, 0x0000000100000000)
  eden space 16896K, 0% used [0x00000000eab00000,0x00000000eab00000,0x00000000ebb80000)
  from space 6656K, 99% used [0x00000000ec600000,0x00000000ecc7b0c8,0x00000000ecc80000)
  to   space 10752K, 0% used [0x00000000ebb80000,0x00000000ebb80000,0x00000000ec600000)
 ParOldGen       total 303104K, used 255283K [0x00000000c0000000, 0x00000000d2800000, 0x00000000eab00000)
  object space 303104K, 84% used [0x00000000c0000000,0x00000000cf94cd30,0x00000000d2800000)
 Metaspace       used 67333K, committed 68608K, reserved 1114112K
  class space    used 7093K, committed 7616K, reserved 1048576K
}
Event: 21.776 GC heap before
{Heap before GC invocations=105 (full 9):
 PSYoungGen      total 23552K, used 23532K [0x00000000eab00000, 0x00000000ed480000, 0x0000000100000000)
  eden space 16896K, 100% used [0x00000000eab00000,0x00000000ebb80000,0x00000000ebb80000)
  from space 6656K, 99% used [0x00000000ec600000,0x00000000ecc7b0c8,0x00000000ecc80000)
  to   space 10752K, 0% used [0x00000000ebb80000,0x00000000ebb80000,0x00000000ec600000)
 ParOldGen       total 303104K, used 255283K [0x00000000c0000000, 0x00000000d2800000, 0x00000000eab00000)
  object space 303104K, 84% used [0x00000000c0000000,0x00000000cf94cd30,0x00000000d2800000)
 Metaspace       used 67333K, committed 68608K, reserved 1114112K
  class space    used 7093K, committed 7616K, reserved 1048576K
}
Event: 21.783 GC heap after
{Heap after GC invocations=105 (full 9):
 PSYoungGen      total 27648K, used 9861K [0x00000000eab00000, 0x00000000ed100000, 0x0000000100000000)
  eden space 16896K, 0% used [0x00000000eab00000,0x00000000eab00000,0x00000000ebb80000)
  from space 10752K, 91% used [0x00000000ebb80000,0x00000000ec521660,0x00000000ec600000)
  to   space 10240K, 0% used [0x00000000ec700000,0x00000000ec700000,0x00000000ed100000)
 ParOldGen       total 303104K, used 255808K [0x00000000c0000000, 0x00000000d2800000, 0x00000000eab00000)
  object space 303104K, 84% used [0x00000000c0000000,0x00000000cf9d0028,0x00000000d2800000)
 Metaspace       used 67333K, committed 68608K, reserved 1114112K
  class space    used 7093K, committed 7616K, reserved 1048576K
}
Event: 21.875 GC heap before
{Heap before GC invocations=106 (full 9):
 PSYoungGen      total 27648K, used 26757K [0x00000000eab00000, 0x00000000ed100000, 0x0000000100000000)
  eden space 16896K, 100% used [0x00000000eab00000,0x00000000ebb80000,0x00000000ebb80000)
  from space 10752K, 91% used [0x00000000ebb80000,0x00000000ec521660,0x00000000ec600000)
  to   space 10240K, 0% used [0x00000000ec700000,0x00000000ec700000,0x00000000ed100000)
 ParOldGen       total 303104K, used 255808K [0x00000000c0000000, 0x00000000d2800000, 0x00000000eab00000)
  object space 303104K, 84% used [0x00000000c0000000,0x00000000cf9d0028,0x00000000d2800000)
 Metaspace       used 67333K, committed 68608K, reserved 1114112K
  class space    used 7093K, committed 7616K, reserved 1048576K
}
Event: 21.897 GC heap after
{Heap after GC invocations=106 (full 9):
 PSYoungGen      total 27136K, used 10238K [0x00000000eab00000, 0x00000000ed100000, 0x0000000100000000)
  eden space 16896K, 0% used [0x00000000eab00000,0x00000000eab00000,0x00000000ebb80000)
  from space 10240K, 99% used [0x00000000ec700000,0x00000000ed0ff968,0x00000000ed100000)
  to   space 10752K, 0% used [0x00000000ebb80000,0x00000000ebb80000,0x00000000ec600000)
 ParOldGen       total 303104K, used 258961K [0x00000000c0000000, 0x00000000d2800000, 0x00000000eab00000)
  object space 303104K, 85% used [0x00000000c0000000,0x00000000cfce44b8,0x00000000d2800000)
 Metaspace       used 67333K, committed 68608K, reserved 1114112K
  class space    used 7093K, committed 7616K, reserved 1048576K
}
Event: 22.037 GC heap before
{Heap before GC invocations=107 (full 9):
 PSYoungGen      total 27136K, used 27134K [0x00000000eab00000, 0x00000000ed100000, 0x0000000100000000)
  eden space 16896K, 100% used [0x00000000eab00000,0x00000000ebb80000,0x00000000ebb80000)
  from space 10240K, 99% used [0x00000000ec700000,0x00000000ed0ff968,0x00000000ed100000)
  to   space 10752K, 0% used [0x00000000ebb80000,0x00000000ebb80000,0x00000000ec600000)
 ParOldGen       total 303104K, used 258961K [0x00000000c0000000, 0x00000000d2800000, 0x00000000eab00000)
  object space 303104K, 85% used [0x00000000c0000000,0x00000000cfce44b8,0x00000000d2800000)
 Metaspace       used 67333K, committed 68608K, reserved 1114112K
  class space    used 7093K, committed 7616K, reserved 1048576K
}
Event: 22.047 GC heap after
{Heap after GC invocations=107 (full 9):
 PSYoungGen      total 27648K, used 9766K [0x00000000eab00000, 0x00000000ed300000, 0x0000000100000000)
  eden space 16896K, 0% used [0x00000000eab00000,0x00000000eab00000,0x00000000ebb80000)
  from space 10752K, 90% used [0x00000000ebb80000,0x00000000ec5099a8,0x00000000ec600000)
  to   space 11264K, 0% used [0x00000000ec800000,0x00000000ec800000,0x00000000ed300000)
 ParOldGen       total 303104K, used 263303K [0x00000000c0000000, 0x00000000d2800000, 0x00000000eab00000)
  object space 303104K, 86% used [0x00000000c0000000,0x00000000d0121e40,0x00000000d2800000)
 Metaspace       used 67333K, committed 68608K, reserved 1114112K
  class space    used 7093K, committed 7616K, reserved 1048576K
}

