# JRE version: OpenJDK Runtime Environment Temurin-17.0.12+7 (17.0.12+7) (build 17.0.12+7)
# Java VM: OpenJDK 64-Bit Server VM Temurin-17.0.12+7 (17.0.12+7, mixed mode, tiered, compressed oops, compressed class ptrs, parallel gc, windows-amd64)
GC Precious Log:
 CPUs: 8 total, 8 available
 Memory: 3317M
 Large Page Support: Disabled
 NUMA Support: Disabled
 Compressed Oops: Enabled (32-bit)
 Alignments: Space 512K, Generation 512K, Heap 2M
 Heap Min Capacity: 100M
 Heap Initial Capacity: 100M
 Heap Max Capacity: 1G
 Pre-touch: Disabled
 Parallel Workers: 8
Heap:
 PSYoungGen      total 38400K, used 33365K [0x00000000eab00000, 0x00000000eeb80000, 0x0000000100000000)
  eden space 14848K, 66% used [0x00000000eab00000,0x00000000eb49a9b8,0x00000000eb980000)
  from space 23552K, 99% used [0x00000000eb980000,0x00000000ed07ac28,0x00000000ed080000)
  to   space 25088K, 0% used [0x00000000ed300000,0x00000000ed300000,0x00000000eeb80000)
 ParOldGen       total 401408K, used 329154K [0x00000000c0000000, 0x00000000d8800000, 0x00000000eab00000)
  object space 401408K, 82% used [0x00000000c0000000,0x00000000d4170a68,0x00000000d8800000)
 Metaspace       used 75102K, committed 76480K, reserved 1179648K
  class space    used 8011K, committed 8640K, reserved 1048576K
GC Heap History (20 events):
Event: 40.564 GC heap before
{Heap before GC invocations=214 (full 10):
 PSYoungGen      total 29184K, used 29063K [0x00000000eab00000, 0x00000000ed780000, 0x0000000100000000)
  eden space 15360K, 100% used [0x00000000eab00000,0x00000000eba00000,0x00000000eba00000)
  from space 13824K, 99% used [0x00000000eca00000,0x00000000ed761cc8,0x00000000ed780000)
  to   space 14336K, 0% used [0x00000000ebb80000,0x00000000ebb80000,0x00000000ec980000)
 ParOldGen       total 320512K, used 297734K [0x00000000c0000000, 0x00000000d3900000, 0x00000000eab00000)
  object space 320512K, 92% used [0x00000000c0000000,0x00000000d22c1a28,0x00000000d3900000)
 Metaspace       used 75039K, committed 76416K, reserved 1179648K
  class space    used 8006K, committed 8640K, reserved 1048576K
}
Event: 40.574 GC heap after
{Heap after GC invocations=214 (full 10):
 PSYoungGen      total 30720K, used 14317K [0x00000000eab00000, 0x00000000ede00000, 0x0000000100000000)
  eden space 16384K, 0% used [0x00000000eab00000,0x00000000eab00000,0x00000000ebb00000)
  from space 14336K, 99% used [0x00000000ebb80000,0x00000000ec97b510,0x00000000ec980000)
  to   space 17920K, 0% used [0x00000000ecc80000,0x00000000ecc80000,0x00000000ede00000)
 ParOldGen       total 320512K, used 300319K [0x00000000c0000000, 0x00000000d3900000, 0x00000000eab00000)
  object space 320512K, 93% used [0x00000000c0000000,0x00000000d2547da0,0x00000000d3900000)
 Metaspace       used 75039K, committed 76416K, reserved 1179648K
  class space    used 8006K, committed 8640K, reserved 1048576K
}
Event: 40.679 GC heap before
{Heap before GC invocations=215 (full 10):
 PSYoungGen      total 30720K, used 30701K [0x00000000eab00000, 0x00000000ede00000, 0x0000000100000000)
  eden space 16384K, 100% used [0x00000000eab00000,0x00000000ebb00000,0x00000000ebb00000)
  from space 14336K, 99% used [0x00000000ebb80000,0x00000000ec97b510,0x00000000ec980000)
  to   space 17920K, 0% used [0x00000000ecc80000,0x00000000ecc80000,0x00000000ede00000)
 ParOldGen       total 320512K, used 300319K [0x00000000c0000000, 0x00000000d3900000, 0x00000000eab00000)
  object space 320512K, 93% used [0x00000000c0000000,0x00000000d2547da0,0x00000000d3900000)
 Metaspace       used 75039K, committed 76416K, reserved 1179648K
  class space    used 8006K, committed 8640K, reserved 1048576K
}
Event: 40.702 GC heap after
{Heap after GC invocations=215 (full 10):
 PSYoungGen      total 34304K, used 15355K [0x00000000eab00000, 0x00000000edc80000, 0x0000000100000000)
  eden space 17920K, 0% used [0x00000000eab00000,0x00000000eab00000,0x00000000ebc80000)
  from space 16384K, 93% used [0x00000000ecc80000,0x00000000edb7ef10,0x00000000edc80000)
  to   space 16384K, 0% used [0x00000000ebc80000,0x00000000ebc80000,0x00000000ecc80000)
 ParOldGen       total 320512K, used 302861K [0x00000000c0000000, 0x00000000d3900000, 0x00000000eab00000)
  object space 320512K, 94% used [0x00000000c0000000,0x00000000d27c34a8,0x00000000d3900000)
 Metaspace       used 75039K, committed 76416K, reserved 1179648K
  class space    used 8006K, committed 8640K, reserved 1048576K
}
Event: 40.852 GC heap before
{Heap before GC invocations=216 (full 10):
 PSYoungGen      total 34304K, used 33275K [0x00000000eab00000, 0x00000000edc80000, 0x0000000100000000)
  eden space 17920K, 100% used [0x00000000eab00000,0x00000000ebc80000,0x00000000ebc80000)
  from space 16384K, 93% used [0x00000000ecc80000,0x00000000edb7ef10,0x00000000edc80000)
  to   space 16384K, 0% used [0x00000000ebc80000,0x00000000ebc80000,0x00000000ecc80000)
 ParOldGen       total 320512K, used 302861K [0x00000000c0000000, 0x00000000d3900000, 0x00000000eab00000)
  object space 320512K, 94% used [0x00000000c0000000,0x00000000d27c34a8,0x00000000d3900000)
 Metaspace       used 75040K, committed 76416K, reserved 1179648K
  class space    used 8006K, committed 8640K, reserved 1048576K
}
Event: 40.865 GC heap after
{Heap after GC invocations=216 (full 10):
 PSYoungGen      total 34304K, used 16377K [0x00000000eab00000, 0x00000000ee500000, 0x0000000100000000)
  eden space 17920K, 0% used [0x00000000eab00000,0x00000000eab00000,0x00000000ebc80000)
  from space 16384K, 99% used [0x00000000ebc80000,0x00000000ecc7e688,0x00000000ecc80000)
  to   space 19968K, 0% used [0x00000000ed180000,0x00000000ed180000,0x00000000ee500000)
 ParOldGen       total 320512K, used 305729K [0x00000000c0000000, 0x00000000d3900000, 0x00000000eab00000)
  object space 320512K, 95% used [0x00000000c0000000,0x00000000d2a90650,0x00000000d3900000)
 Metaspace       used 75040K, committed 76416K, reserved 1179648K
  class space    used 8006K, committed 8640K, reserved 1048576K
}
Event: 41.018 GC heap before
{Heap before GC invocations=217 (full 10):
 PSYoungGen      total 34304K, used 34297K [0x00000000eab00000, 0x00000000ee500000, 0x0000000100000000)
  eden space 17920K, 100% used [0x00000000eab00000,0x00000000ebc80000,0x00000000ebc80000)
  from space 16384K, 99% used [0x00000000ebc80000,0x00000000ecc7e688,0x00000000ecc80000)
  to   space 19968K, 0% used [0x00000000ed180000,0x00000000ed180000,0x00000000ee500000)
 ParOldGen       total 320512K, used 305729K [0x00000000c0000000, 0x00000000d3900000, 0x00000000eab00000)
  object space 320512K, 95% used [0x00000000c0000000,0x00000000d2a90650,0x00000000d3900000)
 Metaspace       used 75040K, committed 76416K, reserved 1179648K
  class space    used 8006K, committed 8640K, reserved 1048576K
}
Event: 41.033 GC heap after
{Heap after GC invocations=217 (full 10):
 PSYoungGen      total 36864K, used 17099K [0x00000000eab00000, 0x00000000ee280000, 0x0000000100000000)
  eden space 19456K, 0% used [0x00000000eab00000,0x00000000eab00000,0x00000000ebe00000)
  from space 17408K, 98% used [0x00000000ed180000,0x00000000ee232d48,0x00000000ee280000)
  to   space 17920K, 0% used [0x00000000ebf80000,0x00000000ebf80000,0x00000000ed100000)
 ParOldGen       total 320512K, used 309366K [0x00000000c0000000, 0x00000000d3900000, 0x00000000eab00000)
  object space 320512K, 96% used [0x00000000c0000000,0x00000000d2e1d8d0,0x00000000d3900000)
 Metaspace       used 75040K, committed 76416K, reserved 1179648K
  class space    used 8006K, committed 8640K, reserved 1048576K
}
Event: 41.195 GC heap before
{Heap before GC invocations=218 (full 10):
 PSYoungGen      total 36864K, used 36555K [0x00000000eab00000, 0x00000000ee280000, 0x0000000100000000)
  eden space 19456K, 100% used [0x00000000eab00000,0x00000000ebe00000,0x00000000ebe00000)
  from space 17408K, 98% used [0x00000000ed180000,0x00000000ee232d48,0x00000000ee280000)
  to   space 17920K, 0% used [0x00000000ebf80000,0x00000000ebf80000,0x00000000ed100000)
 ParOldGen       total 320512K, used 309366K [0x00000000c0000000, 0x00000000d3900000, 0x00000000eab00000)
  object space 320512K, 96% used [0x00000000c0000000,0x00000000d2e1d8d0,0x00000000d3900000)
 Metaspace       used 75040K, committed 76416K, reserved 1179648K
  class space    used 8006K, committed 8640K, reserved 1048576K
}
Event: 41.206 GC heap after
{Heap after GC invocations=218 (full 10):
 PSYoungGen      total 38912K, used 17906K [0x00000000eab00000, 0x00000000eec80000, 0x0000000100000000)
  eden space 20992K, 0% used [0x00000000eab00000,0x00000000eab00000,0x00000000ebf80000)
  from space 17920K, 99% used [0x00000000ebf80000,0x00000000ed0fcbc0,0x00000000ed100000)
  to   space 23040K, 0% used [0x00000000ed600000,0x00000000ed600000,0x00000000eec80000)
 ParOldGen       total 320512K, used 313589K [0x00000000c0000000, 0x00000000d3900000, 0x00000000eab00000)
  object space 320512K, 97% used [0x00000000c0000000,0x00000000d323d678,0x00000000d3900000)
 Metaspace       used 75040K, committed 76416K, reserved 1179648K
  class space    used 8006K, committed 8640K, reserved 1048576K
}
Event: 41.655 GC heap before
{Heap before GC invocations=219 (full 10):
 PSYoungGen      total 38912K, used 38898K [0x00000000eab00000, 0x00000000eec80000, 0x0000000100000000)
  eden space 20992K, 100% used [0x00000000eab00000,0x00000000ebf80000,0x00000000ebf80000)
  from space 17920K, 99% used [0x00000000ebf80000,0x00000000ed0fcbc0,0x00000000ed100000)
  to   space 23040K, 0% used [0x00000000ed600000,0x00000000ed600000,0x00000000eec80000)
 ParOldGen       total 320512K, used 313589K [0x00000000c0000000, 0x00000000d3900000, 0x00000000eab00000)
  object space 320512K, 97% used [0x00000000c0000000,0x00000000d323d678,0x00000000d3900000)
 Metaspace       used 75040K, committed 76416K, reserved 1179648K
  class space    used 8006K, committed 8640K, reserved 1048576K
}
Event: 41.691 GC heap after
{Heap after GC invocations=219 (full 10):
 PSYoungGen      total 43008K, used 19985K [0x00000000eab00000, 0x00000000eea00000, 0x0000000100000000)
  eden space 22528K, 0% used [0x00000000eab00000,0x00000000eab00000,0x00000000ec100000)
  from space 20480K, 97% used [0x00000000ed600000,0x00000000ee9845e0,0x00000000eea00000)
  to   space 20992K, 0% used [0x00000000ec100000,0x00000000ec100000,0x00000000ed580000)
 ParOldGen       total 320512K, used 317080K [0x00000000c0000000, 0x00000000d3900000, 0x00000000eab00000)
  object space 320512K, 98% used [0x00000000c0000000,0x00000000d35a6098,0x00000000d3900000)
 Metaspace       used 75040K, committed 76416K, reserved 1179648K
  class space    used 8006K, committed 8640K, reserved 1048576K
}
Event: 41.691 GC heap before
{Heap before GC invocations=220 (full 11):
 PSYoungGen      total 43008K, used 19985K [0x00000000eab00000, 0x00000000eea00000, 0x0000000100000000)
  eden space 22528K, 0% used [0x00000000eab00000,0x00000000eab00000,0x00000000ec100000)
  from space 20480K, 97% used [0x00000000ed600000,0x00000000ee9845e0,0x00000000eea00000)
  to   space 20992K, 0% used [0x00000000ec100000,0x00000000ec100000,0x00000000ed580000)
 ParOldGen       total 320512K, used 317080K [0x00000000c0000000, 0x00000000d3900000, 0x00000000eab00000)
  object space 320512K, 98% used [0x00000000c0000000,0x00000000d35a6098,0x00000000d3900000)
 Metaspace       used 75040K, committed 76416K, reserved 1179648K
  class space    used 8006K, committed 8640K, reserved 1048576K
}
Event: 43.473 GC heap after
{Heap after GC invocations=220 (full 11):
 PSYoungGen      total 43520K, used 10037K [0x00000000eab00000, 0x00000000eeb80000, 0x0000000100000000)
  eden space 23040K, 0% used [0x00000000eab00000,0x00000000eab00000,0x00000000ec180000)
  from space 20480K, 49% used [0x00000000ed600000,0x00000000edfcd668,0x00000000eea00000)
  to   space 20992K, 0% used [0x00000000ec180000,0x00000000ec180000,0x00000000ed600000)
 ParOldGen       total 401408K, used 320053K [0x00000000c0000000, 0x00000000d8800000, 0x00000000eab00000)
  object space 401408K, 79% used [0x00000000c0000000,0x00000000d388d5d8,0x00000000d8800000)
 Metaspace       used 75040K, committed 76416K, reserved 1179648K
  class space    used 8006K, committed 8640K, reserved 1048576K
}
Event: 44.209 GC heap before
{Heap before GC invocations=221 (full 11):
 PSYoungGen      total 43520K, used 33077K [0x00000000eab00000, 0x00000000eeb80000, 0x0000000100000000)
  eden space 23040K, 100% used [0x00000000eab00000,0x00000000ec180000,0x00000000ec180000)
  from space 20480K, 49% used [0x00000000ed600000,0x00000000edfcd668,0x00000000eea00000)
  to   space 20992K, 0% used [0x00000000ec180000,0x00000000ec180000,0x00000000ed600000)
 ParOldGen       total 401408K, used 320053K [0x00000000c0000000, 0x00000000d8800000, 0x00000000eab00000)
  object space 401408K, 79% used [0x00000000c0000000,0x00000000d388d5d8,0x00000000d8800000)
 Metaspace       used 75040K, committed 76416K, reserved 1179648K
  class space    used 8006K, committed 8640K, reserved 1048576K
}
Event: 44.440 GC heap after
{Heap after GC invocations=221 (full 11):
 PSYoungGen      total 44032K, used 18360K [0x00000000eab00000, 0x00000000ee900000, 0x0000000100000000)
  eden space 23040K, 0% used [0x00000000eab00000,0x00000000eab00000,0x00000000ec180000)
  from space 20992K, 87% used [0x00000000ec180000,0x00000000ed36e068,0x00000000ed600000)
  to   space 19456K, 0% used [0x00000000ed600000,0x00000000ed600000,0x00000000ee900000)
 ParOldGen       total 401408K, used 320053K [0x00000000c0000000, 0x00000000d8800000, 0x00000000eab00000)
  object space 401408K, 79% used [0x00000000c0000000,0x00000000d388d5d8,0x00000000d8800000)
 Metaspace       used 75040K, committed 76416K, reserved 1179648K
  class space    used 8006K, committed 8640K, reserved 1048576K
}
Event: 44.609 GC heap before
{Heap before GC invocations=222 (full 11):
 PSYoungGen      total 44032K, used 41335K [0x00000000eab00000, 0x00000000ee900000, 0x0000000100000000)
  eden space 23040K, 99% used [0x00000000eab00000,0x00000000ec16ff40,0x00000000ec180000)
  from space 20992K, 87% used [0x00000000ec180000,0x00000000ed36e068,0x00000000ed600000)
  to   space 19456K, 0% used [0x00000000ed600000,0x00000000ed600000,0x00000000ee900000)
 ParOldGen       total 401408K, used 320053K [0x00000000c0000000, 0x00000000d8800000, 0x00000000eab00000)
  object space 401408K, 79% used [0x00000000c0000000,0x00000000d388d5d8,0x00000000d8800000)
 Metaspace       used 75040K, committed 76416K, reserved 1179648K
  class space    used 8006K, committed 8640K, reserved 1048576K
}
Event: 44.622 GC heap after
{Heap after GC invocations=222 (full 11):
 PSYoungGen      total 34304K, used 19448K [0x00000000eab00000, 0x00000000efc00000, 0x0000000100000000)
  eden space 14848K, 0% used [0x00000000eab00000,0x00000000eab00000,0x00000000eb980000)
  from space 19456K, 99% used [0x00000000ed600000,0x00000000ee8fe120,0x00000000ee900000)
  to   space 29184K, 0% used [0x00000000eb980000,0x00000000eb980000,0x00000000ed600000)
 ParOldGen       total 401408K, used 327795K [0x00000000c0000000, 0x00000000d8800000, 0x00000000eab00000)
  object space 401408K, 81% used [0x00000000c0000000,0x00000000d401cf38,0x00000000d8800000)
 Metaspace       used 75040K, committed 76416K, reserved 1179648K
  class space    used 8006K, committed 8640K, reserved 1048576K
}
Event: 44.726 GC heap before
{Heap before GC invocations=223 (full 11):
 PSYoungGen      total 34304K, used 34296K [0x00000000eab00000, 0x00000000efc00000, 0x0000000100000000)
  eden space 14848K, 100% used [0x00000000eab00000,0x00000000eb980000,0x00000000eb980000)
  from space 19456K, 99% used [0x00000000ed600000,0x00000000ee8fe120,0x00000000ee900000)
  to   space 29184K, 0% used [0x00000000eb980000,0x00000000eb980000,0x00000000ed600000)
 ParOldGen       total 401408K, used 327795K [0x00000000c0000000, 0x00000000d8800000, 0x00000000eab00000)
  object space 401408K, 81% used [0x00000000c0000000,0x00000000d401cf38,0x00000000d8800000)
 Metaspace       used 75040K, committed 76416K, reserved 1179648K
  class space    used 8006K, committed 8640K, reserved 1048576K
}
Event: 44.735 GC heap after
{Heap after GC invocations=223 (full 11):
 PSYoungGen      total 38400K, used 23531K [0x00000000eab00000, 0x00000000eeb80000, 0x0000000100000000)
  eden space 14848K, 0% used [0x00000000eab00000,0x00000000eab00000,0x00000000eb980000)
  from space 23552K, 99% used [0x00000000eb980000,0x00000000ed07ac28,0x00000000ed080000)
  to   space 25088K, 0% used [0x00000000ed300000,0x00000000ed300000,0x00000000eeb80000)
 ParOldGen       total 401408K, used 329154K [0x00000000c0000000, 0x00000000d8800000, 0x00000000eab00000)
  object space 401408K, 82% used [0x00000000c0000000,0x00000000d4170a68,0x00000000d8800000)
 Metaspace       used 75040K, committed 76416K, reserved 1179648K
  class space    used 8006K, committed 8640K, reserved 1048576K
}

