# JRE version: OpenJDK Runtime Environment Temurin-17.0.12+7 (17.0.12+7) (build 17.0.12+7)
# Java VM: OpenJDK 64-Bit Server VM Temurin-17.0.12+7 (17.0.12+7, mixed mode, tiered, compressed oops, compressed class ptrs, parallel gc, windows-amd64)
GC Precious Log:
 CPUs: 8 total, 8 available
 Memory: 3317M
 Large Page Support: Disabled
 NUMA Support: Disabled
 Compressed Oops: Enabled (32-bit)
 Alignments: Space 512K, Generation 512K, Heap 2M
 Heap Min Capacity: 100M
 Heap Initial Capacity: 100M
 Heap Max Capacity: 1G
 Pre-touch: Disabled
 Parallel Workers: 8
Heap:
 PSYoungGen      total 10752K, used 4333K [0x00000000eab00000, 0x00000000eb700000, 0x0000000100000000)
  eden space 8704K, 46% used [0x00000000eab00000,0x00000000eaeeb6b0,0x00000000eb380000)
  from space 2048K, 15% used [0x00000000eb380000,0x00000000eb3d0000,0x00000000eb580000)
  to   space 1024K, 0% used [0x00000000eb600000,0x00000000eb600000,0x00000000eb700000)
 ParOldGen       total 286208K, used 273537K [0x00000000c0000000, 0x00000000d1780000, 0x00000000eab00000)
  object space 286208K, 95% used [0x00000000c0000000,0x00000000d0b20570,0x00000000d1780000)
 Metaspace       used 83944K, committed 85312K, reserved 1179648K
  class space    used 8509K, committed 9088K, reserved 1048576K
GC Heap History (20 events):
Event: 331.720 GC heap before
{Heap before GC invocations=571 (full 15):
 PSYoungGen      total 8192K, used 8080K [0x00000000eab00000, 0x00000000eb580000, 0x0000000100000000)
  eden space 6656K, 100% used [0x00000000eab00000,0x00000000eb180000,0x00000000eb180000)
  from space 1536K, 92% used [0x00000000eb180000,0x00000000eb2e4050,0x00000000eb300000)
  to   space 2048K, 0% used [0x00000000eb380000,0x00000000eb380000,0x00000000eb580000)
 ParOldGen       total 286208K, used 265779K [0x00000000c0000000, 0x00000000d1780000, 0x00000000eab00000)
  object space 286208K, 92% used [0x00000000c0000000,0x00000000d038cc78,0x00000000d1780000)
 Metaspace       used 83925K, committed 85248K, reserved 1179648K
  class space    used 8509K, committed 9088K, reserved 1048576K
}
Event: 331.727 GC heap after
{Heap after GC invocations=571 (full 15):
 PSYoungGen      total 7168K, used 2032K [0x00000000eab00000, 0x00000000eb880000, 0x0000000100000000)
  eden space 5120K, 0% used [0x00000000eab00000,0x00000000eab00000,0x00000000eb000000)
  from space 2048K, 99% used [0x00000000eb380000,0x00000000eb57c070,0x00000000eb580000)
  to   space 3584K, 0% used [0x00000000eb000000,0x00000000eb000000,0x00000000eb380000)
 ParOldGen       total 286208K, used 266711K [0x00000000c0000000, 0x00000000d1780000, 0x00000000eab00000)
  object space 286208K, 93% used [0x00000000c0000000,0x00000000d0475ea8,0x00000000d1780000)
 Metaspace       used 83925K, committed 85248K, reserved 1179648K
  class space    used 8509K, committed 9088K, reserved 1048576K
}
Event: 331.744 GC heap before
{Heap before GC invocations=572 (full 15):
 PSYoungGen      total 7168K, used 7152K [0x00000000eab00000, 0x00000000eb880000, 0x0000000100000000)
  eden space 5120K, 100% used [0x00000000eab00000,0x00000000eb000000,0x00000000eb000000)
  from space 2048K, 99% used [0x00000000eb380000,0x00000000eb57c070,0x00000000eb580000)
  to   space 3584K, 0% used [0x00000000eb000000,0x00000000eb000000,0x00000000eb380000)
 ParOldGen       total 286208K, used 266711K [0x00000000c0000000, 0x00000000d1780000, 0x00000000eab00000)
  object space 286208K, 93% used [0x00000000c0000000,0x00000000d0475ea8,0x00000000d1780000)
 Metaspace       used 83925K, committed 85248K, reserved 1179648K
  class space    used 8509K, committed 9088K, reserved 1048576K
}
Event: 331.748 GC heap after
{Heap after GC invocations=572 (full 15):
 PSYoungGen      total 8704K, used 3568K [0x00000000eab00000, 0x00000000eb800000, 0x0000000100000000)
  eden space 5120K, 0% used [0x00000000eab00000,0x00000000eab00000,0x00000000eb000000)
  from space 3584K, 99% used [0x00000000eb000000,0x00000000eb37c090,0x00000000eb380000)
  to   space 4096K, 0% used [0x00000000eb400000,0x00000000eb400000,0x00000000eb800000)
 ParOldGen       total 286208K, used 266735K [0x00000000c0000000, 0x00000000d1780000, 0x00000000eab00000)
  object space 286208K, 93% used [0x00000000c0000000,0x00000000d047bea8,0x00000000d1780000)
 Metaspace       used 83925K, committed 85248K, reserved 1179648K
  class space    used 8509K, committed 9088K, reserved 1048576K
}
Event: 331.757 GC heap before
{Heap before GC invocations=573 (full 15):
 PSYoungGen      total 8704K, used 8688K [0x00000000eab00000, 0x00000000eb800000, 0x0000000100000000)
  eden space 5120K, 100% used [0x00000000eab00000,0x00000000eb000000,0x00000000eb000000)
  from space 3584K, 99% used [0x00000000eb000000,0x00000000eb37c090,0x00000000eb380000)
  to   space 4096K, 0% used [0x00000000eb400000,0x00000000eb400000,0x00000000eb800000)
 ParOldGen       total 286208K, used 266735K [0x00000000c0000000, 0x00000000d1780000, 0x00000000eab00000)
  object space 286208K, 93% used [0x00000000c0000000,0x00000000d047bea8,0x00000000d1780000)
 Metaspace       used 83926K, committed 85248K, reserved 1179648K
  class space    used 8509K, committed 9088K, reserved 1048576K
}
Event: 331.763 GC heap after
{Heap after GC invocations=573 (full 15):
 PSYoungGen      total 8704K, used 4064K [0x00000000eab00000, 0x00000000eba00000, 0x0000000100000000)
  eden space 4608K, 0% used [0x00000000eab00000,0x00000000eab00000,0x00000000eaf80000)
  from space 4096K, 99% used [0x00000000eb400000,0x00000000eb7f8060,0x00000000eb800000)
  to   space 4608K, 0% used [0x00000000eaf80000,0x00000000eaf80000,0x00000000eb400000)
 ParOldGen       total 286208K, used 267031K [0x00000000c0000000, 0x00000000d1780000, 0x00000000eab00000)
  object space 286208K, 93% used [0x00000000c0000000,0x00000000d04c5f18,0x00000000d1780000)
 Metaspace       used 83926K, committed 85248K, reserved 1179648K
  class space    used 8509K, committed 9088K, reserved 1048576K
}
Event: 331.785 GC heap before
{Heap before GC invocations=574 (full 15):
 PSYoungGen      total 8704K, used 8672K [0x00000000eab00000, 0x00000000eba00000, 0x0000000100000000)
  eden space 4608K, 100% used [0x00000000eab00000,0x00000000eaf80000,0x00000000eaf80000)
  from space 4096K, 99% used [0x00000000eb400000,0x00000000eb7f8060,0x00000000eb800000)
  to   space 4608K, 0% used [0x00000000eaf80000,0x00000000eaf80000,0x00000000eb400000)
 ParOldGen       total 286208K, used 267031K [0x00000000c0000000, 0x00000000d1780000, 0x00000000eab00000)
  object space 286208K, 93% used [0x00000000c0000000,0x00000000d04c5f18,0x00000000d1780000)
 Metaspace       used 83926K, committed 85248K, reserved 1179648K
  class space    used 8509K, committed 9088K, reserved 1048576K
}
Event: 331.789 GC heap after
{Heap after GC invocations=574 (full 15):
 PSYoungGen      total 9216K, used 4144K [0x00000000eab00000, 0x00000000eb980000, 0x0000000100000000)
  eden space 4608K, 0% used [0x00000000eab00000,0x00000000eab00000,0x00000000eaf80000)
  from space 4608K, 89% used [0x00000000eaf80000,0x00000000eb38c030,0x00000000eb400000)
  to   space 4608K, 0% used [0x00000000eb500000,0x00000000eb500000,0x00000000eb980000)
 ParOldGen       total 286208K, used 267386K [0x00000000c0000000, 0x00000000d1780000, 0x00000000eab00000)
  object space 286208K, 93% used [0x00000000c0000000,0x00000000d051e9b8,0x00000000d1780000)
 Metaspace       used 83926K, committed 85248K, reserved 1179648K
  class space    used 8509K, committed 9088K, reserved 1048576K
}
Event: 331.817 GC heap before
{Heap before GC invocations=575 (full 15):
 PSYoungGen      total 9216K, used 8752K [0x00000000eab00000, 0x00000000eb980000, 0x0000000100000000)
  eden space 4608K, 100% used [0x00000000eab00000,0x00000000eaf80000,0x00000000eaf80000)
  from space 4608K, 89% used [0x00000000eaf80000,0x00000000eb38c030,0x00000000eb400000)
  to   space 4608K, 0% used [0x00000000eb500000,0x00000000eb500000,0x00000000eb980000)
 ParOldGen       total 286208K, used 267386K [0x00000000c0000000, 0x00000000d1780000, 0x00000000eab00000)
  object space 286208K, 93% used [0x00000000c0000000,0x00000000d051e9b8,0x00000000d1780000)
 Metaspace       used 83926K, committed 85248K, reserved 1179648K
  class space    used 8509K, committed 9088K, reserved 1048576K
}
Event: 331.825 GC heap after
{Heap after GC invocations=575 (full 15):
 PSYoungGen      total 8704K, used 2592K [0x00000000eab00000, 0x00000000eb800000, 0x0000000100000000)
  eden space 5632K, 0% used [0x00000000eab00000,0x00000000eab00000,0x00000000eb080000)
  from space 3072K, 84% used [0x00000000eb500000,0x00000000eb788000,0x00000000eb800000)
  to   space 3584K, 0% used [0x00000000eb100000,0x00000000eb100000,0x00000000eb480000)
 ParOldGen       total 286208K, used 268994K [0x00000000c0000000, 0x00000000d1780000, 0x00000000eab00000)
  object space 286208K, 93% used [0x00000000c0000000,0x00000000d06b0af8,0x00000000d1780000)
 Metaspace       used 83926K, committed 85248K, reserved 1179648K
  class space    used 8509K, committed 9088K, reserved 1048576K
}
Event: 331.854 GC heap before
{Heap before GC invocations=576 (full 15):
 PSYoungGen      total 8704K, used 8223K [0x00000000eab00000, 0x00000000eb800000, 0x0000000100000000)
  eden space 5632K, 99% used [0x00000000eab00000,0x00000000eb07fff8,0x00000000eb080000)
  from space 3072K, 84% used [0x00000000eb500000,0x00000000eb788000,0x00000000eb800000)
  to   space 3584K, 0% used [0x00000000eb100000,0x00000000eb100000,0x00000000eb480000)
 ParOldGen       total 286208K, used 268994K [0x00000000c0000000, 0x00000000d1780000, 0x00000000eab00000)
  object space 286208K, 93% used [0x00000000c0000000,0x00000000d06b0af8,0x00000000d1780000)
 Metaspace       used 83926K, committed 85248K, reserved 1179648K
  class space    used 8509K, committed 9088K, reserved 1048576K
}
Event: 331.868 GC heap after
{Heap after GC invocations=576 (full 15):
 PSYoungGen      total 7168K, used 544K [0x00000000eab00000, 0x00000000eb580000, 0x0000000100000000)
  eden space 6144K, 0% used [0x00000000eab00000,0x00000000eab00000,0x00000000eb100000)
  from space 1024K, 53% used [0x00000000eb100000,0x00000000eb188000,0x00000000eb200000)
  to   space 1536K, 0% used [0x00000000eb400000,0x00000000eb400000,0x00000000eb580000)
 ParOldGen       total 286208K, used 271202K [0x00000000c0000000, 0x00000000d1780000, 0x00000000eab00000)
  object space 286208K, 94% used [0x00000000c0000000,0x00000000d08d8a88,0x00000000d1780000)
 Metaspace       used 83926K, committed 85248K, reserved 1179648K
  class space    used 8509K, committed 9088K, reserved 1048576K
}
Event: 332.015 GC heap before
{Heap before GC invocations=577 (full 15):
 PSYoungGen      total 7168K, used 6688K [0x00000000eab00000, 0x00000000eb580000, 0x0000000100000000)
  eden space 6144K, 100% used [0x00000000eab00000,0x00000000eb100000,0x00000000eb100000)
  from space 1024K, 53% used [0x00000000eb100000,0x00000000eb188000,0x00000000eb200000)
  to   space 1536K, 0% used [0x00000000eb400000,0x00000000eb400000,0x00000000eb580000)
 ParOldGen       total 286208K, used 271202K [0x00000000c0000000, 0x00000000d1780000, 0x00000000eab00000)
  object space 286208K, 94% used [0x00000000c0000000,0x00000000d08d8a88,0x00000000d1780000)
 Metaspace       used 83937K, committed 85312K, reserved 1179648K
  class space    used 8509K, committed 9088K, reserved 1048576K
}
Event: 332.023 GC heap after
{Heap after GC invocations=577 (full 15):
 PSYoungGen      total 8704K, used 528K [0x00000000eab00000, 0x00000000eb500000, 0x0000000100000000)
  eden space 7680K, 0% used [0x00000000eab00000,0x00000000eab00000,0x00000000eb280000)
  from space 1024K, 51% used [0x00000000eb400000,0x00000000eb484010,0x00000000eb500000)
  to   space 1024K, 0% used [0x00000000eb300000,0x00000000eb300000,0x00000000eb400000)
 ParOldGen       total 286208K, used 271490K [0x00000000c0000000, 0x00000000d1780000, 0x00000000eab00000)
  object space 286208K, 94% used [0x00000000c0000000,0x00000000d0920a88,0x00000000d1780000)
 Metaspace       used 83937K, committed 85312K, reserved 1179648K
  class space    used 8509K, committed 9088K, reserved 1048576K
}
Event: 332.584 GC heap before
{Heap before GC invocations=578 (full 15):
 PSYoungGen      total 8704K, used 8207K [0x00000000eab00000, 0x00000000eb500000, 0x0000000100000000)
  eden space 7680K, 99% used [0x00000000eab00000,0x00000000eb27fdd0,0x00000000eb280000)
  from space 1024K, 51% used [0x00000000eb400000,0x00000000eb484010,0x00000000eb500000)
  to   space 1024K, 0% used [0x00000000eb300000,0x00000000eb300000,0x00000000eb400000)
 ParOldGen       total 286208K, used 271490K [0x00000000c0000000, 0x00000000d1780000, 0x00000000eab00000)
  object space 286208K, 94% used [0x00000000c0000000,0x00000000d0920a88,0x00000000d1780000)
 Metaspace       used 83940K, committed 85312K, reserved 1179648K
  class space    used 8509K, committed 9088K, reserved 1048576K
}
Event: 332.636 GC heap after
{Heap after GC invocations=578 (full 15):
 PSYoungGen      total 9216K, used 1024K [0x00000000eab00000, 0x00000000eb780000, 0x0000000100000000)
  eden space 8192K, 0% used [0x00000000eab00000,0x00000000eab00000,0x00000000eb300000)
  from space 1024K, 100% used [0x00000000eb300000,0x00000000eb400000,0x00000000eb400000)
  to   space 2048K, 0% used [0x00000000eb580000,0x00000000eb580000,0x00000000eb780000)
 ParOldGen       total 286208K, used 272051K [0x00000000c0000000, 0x00000000d1780000, 0x00000000eab00000)
  object space 286208K, 95% used [0x00000000c0000000,0x00000000d09ace60,0x00000000d1780000)
 Metaspace       used 83940K, committed 85312K, reserved 1179648K
  class space    used 8509K, committed 9088K, reserved 1048576K
}
Event: 332.677 GC heap before
{Heap before GC invocations=579 (full 15):
 PSYoungGen      total 9216K, used 9216K [0x00000000eab00000, 0x00000000eb780000, 0x0000000100000000)
  eden space 8192K, 100% used [0x00000000eab00000,0x00000000eb300000,0x00000000eb300000)
  from space 1024K, 100% used [0x00000000eb300000,0x00000000eb400000,0x00000000eb400000)
  to   space 2048K, 0% used [0x00000000eb580000,0x00000000eb580000,0x00000000eb780000)
 ParOldGen       total 286208K, used 272051K [0x00000000c0000000, 0x00000000d1780000, 0x00000000eab00000)
  object space 286208K, 95% used [0x00000000c0000000,0x00000000d09ace60,0x00000000d1780000)
 Metaspace       used 83943K, committed 85312K, reserved 1179648K
  class space    used 8509K, committed 9088K, reserved 1048576K
}
Event: 332.690 GC heap after
{Heap after GC invocations=579 (full 15):
 PSYoungGen      total 10752K, used 1536K [0x00000000eab00000, 0x00000000eb880000, 0x0000000100000000)
  eden space 8704K, 0% used [0x00000000eab00000,0x00000000eab00000,0x00000000eb380000)
  from space 2048K, 75% used [0x00000000eb580000,0x00000000eb700060,0x00000000eb780000)
  to   space 2048K, 0% used [0x00000000eb380000,0x00000000eb380000,0x00000000eb580000)
 ParOldGen       total 286208K, used 273121K [0x00000000c0000000, 0x00000000d1780000, 0x00000000eab00000)
  object space 286208K, 95% used [0x00000000c0000000,0x00000000d0ab8540,0x00000000d1780000)
 Metaspace       used 83943K, committed 85312K, reserved 1179648K
  class space    used 8509K, committed 9088K, reserved 1048576K
}
Event: 332.751 GC heap before
{Heap before GC invocations=580 (full 15):
 PSYoungGen      total 10752K, used 10240K [0x00000000eab00000, 0x00000000eb880000, 0x0000000100000000)
  eden space 8704K, 100% used [0x00000000eab00000,0x00000000eb380000,0x00000000eb380000)
  from space 2048K, 75% used [0x00000000eb580000,0x00000000eb700060,0x00000000eb780000)
  to   space 2048K, 0% used [0x00000000eb380000,0x00000000eb380000,0x00000000eb580000)
 ParOldGen       total 286208K, used 273121K [0x00000000c0000000, 0x00000000d1780000, 0x00000000eab00000)
  object space 286208K, 95% used [0x00000000c0000000,0x00000000d0ab8540,0x00000000d1780000)
 Metaspace       used 83943K, committed 85312K, reserved 1179648K
  class space    used 8509K, committed 9088K, reserved 1048576K
}
Event: 332.756 GC heap after
{Heap after GC invocations=580 (full 15):
 PSYoungGen      total 10752K, used 320K [0x00000000eab00000, 0x00000000eb700000, 0x0000000100000000)
  eden space 8704K, 0% used [0x00000000eab00000,0x00000000eab00000,0x00000000eb380000)
  from space 2048K, 15% used [0x00000000eb380000,0x00000000eb3d0000,0x00000000eb580000)
  to   space 1024K, 0% used [0x00000000eb600000,0x00000000eb600000,0x00000000eb700000)
 ParOldGen       total 286208K, used 273537K [0x00000000c0000000, 0x00000000d1780000, 0x00000000eab00000)
  object space 286208K, 95% used [0x00000000c0000000,0x00000000d0b20570,0x00000000d1780000)
 Metaspace       used 83943K, committed 85312K, reserved 1179648K
  class space    used 8509K, committed 9088K, reserved 1048576K
}

