# JRE version: OpenJDK Runtime Environment Temurin-17.0.12+7 (17.0.12+7) (build 17.0.12+7)
# Java VM: OpenJDK 64-Bit Server VM Temurin-17.0.12+7 (17.0.12+7, mixed mode, tiered, compressed oops, compressed class ptrs, parallel gc, windows-amd64)
GC Precious Log:
 CPUs: 8 total, 8 available
 Memory: 3317M
 Large Page Support: Disabled
 NUMA Support: Disabled
 Compressed Oops: Enabled (32-bit)
 Alignments: Space 512K, Generation 512K, Heap 2M
 Heap Min Capacity: 100M
 Heap Initial Capacity: 100M
 Heap Max Capacity: 2G
 Pre-touch: Disabled
 Parallel Workers: 8
Heap:
 PSYoungGen      total 15872K, used 6034K [0x00000000d5580000, 0x00000000d6880000, 0x0000000100000000)
  eden space 14848K, 34% used [0x00000000d5580000,0x00000000d5a783e8,0x00000000d6400000)
  from space 1024K, 92% used [0x00000000d6780000,0x00000000d686c448,0x00000000d6880000)
  to   space 2048K, 0% used [0x00000000d6480000,0x00000000d6480000,0x00000000d6680000)
 ParOldGen       total 285696K, used 268593K [0x0000000080000000, 0x0000000091700000, 0x00000000d5580000)
  object space 285696K, 94% used [0x0000000080000000,0x000000009064c680,0x0000000091700000)
 Metaspace       used 85408K, committed 86784K, reserved 1179648K
  class space    used 8669K, committed 9280K, reserved 1048576K
GC Heap History (20 events):
Event: 474.190 GC heap before
{Heap before GC invocations=343 (full 14):
 PSYoungGen      total 19968K, used 19379K [0x00000000d5580000, 0x00000000d6e00000, 0x0000000100000000)
  eden space 14848K, 100% used [0x00000000d5580000,0x00000000d6400000,0x00000000d6400000)
  from space 5120K, 88% used [0x00000000d6400000,0x00000000d686cd48,0x00000000d6900000)
  to   space 5120K, 0% used [0x00000000d6900000,0x00000000d6900000,0x00000000d6e00000)
 ParOldGen       total 285696K, used 262660K [0x0000000080000000, 0x0000000091700000, 0x00000000d5580000)
  object space 285696K, 91% used [0x0000000080000000,0x00000000900812d0,0x0000000091700000)
 Metaspace       used 85370K, committed 86720K, reserved 1179648K
  class space    used 8669K, committed 9280K, reserved 1048576K
}
Event: 474.196 GC heap after
{Heap after GC invocations=343 (full 14):
 PSYoungGen      total 19968K, used 4788K [0x00000000d5580000, 0x00000000d6e00000, 0x0000000100000000)
  eden space 14848K, 0% used [0x00000000d5580000,0x00000000d5580000,0x00000000d6400000)
  from space 5120K, 93% used [0x00000000d6900000,0x00000000d6dad1a0,0x00000000d6e00000)
  to   space 5120K, 0% used [0x00000000d6400000,0x00000000d6400000,0x00000000d6900000)
 ParOldGen       total 285696K, used 262660K [0x0000000080000000, 0x0000000091700000, 0x00000000d5580000)
  object space 285696K, 91% used [0x0000000080000000,0x00000000900812d0,0x0000000091700000)
 Metaspace       used 85370K, committed 86720K, reserved 1179648K
  class space    used 8669K, committed 9280K, reserved 1048576K
}
Event: 474.772 GC heap before
{Heap before GC invocations=344 (full 14):
 PSYoungGen      total 19968K, used 19636K [0x00000000d5580000, 0x00000000d6e00000, 0x0000000100000000)
  eden space 14848K, 100% used [0x00000000d5580000,0x00000000d6400000,0x00000000d6400000)
  from space 5120K, 93% used [0x00000000d6900000,0x00000000d6dad1a0,0x00000000d6e00000)
  to   space 5120K, 0% used [0x00000000d6400000,0x00000000d6400000,0x00000000d6900000)
 ParOldGen       total 285696K, used 262660K [0x0000000080000000, 0x0000000091700000, 0x00000000d5580000)
  object space 285696K, 91% used [0x0000000080000000,0x00000000900812d0,0x0000000091700000)
 Metaspace       used 85374K, committed 86720K, reserved 1179648K
  class space    used 8669K, committed 9280K, reserved 1048576K
}
Event: 474.776 GC heap after
{Heap after GC invocations=344 (full 14):
 PSYoungGen      total 19968K, used 4594K [0x00000000d5580000, 0x00000000d6e00000, 0x0000000100000000)
  eden space 14848K, 0% used [0x00000000d5580000,0x00000000d5580000,0x00000000d6400000)
  from space 5120K, 89% used [0x00000000d6400000,0x00000000d687c910,0x00000000d6900000)
  to   space 5120K, 0% used [0x00000000d6900000,0x00000000d6900000,0x00000000d6e00000)
 ParOldGen       total 285696K, used 262676K [0x0000000080000000, 0x0000000091700000, 0x00000000d5580000)
  object space 285696K, 91% used [0x0000000080000000,0x00000000900852d0,0x0000000091700000)
 Metaspace       used 85374K, committed 86720K, reserved 1179648K
  class space    used 8669K, committed 9280K, reserved 1048576K
}
Event: 474.830 GC heap before
{Heap before GC invocations=345 (full 14):
 PSYoungGen      total 19968K, used 19442K [0x00000000d5580000, 0x00000000d6e00000, 0x0000000100000000)
  eden space 14848K, 100% used [0x00000000d5580000,0x00000000d6400000,0x00000000d6400000)
  from space 5120K, 89% used [0x00000000d6400000,0x00000000d687c910,0x00000000d6900000)
  to   space 5120K, 0% used [0x00000000d6900000,0x00000000d6900000,0x00000000d6e00000)
 ParOldGen       total 285696K, used 262676K [0x0000000080000000, 0x0000000091700000, 0x00000000d5580000)
  object space 285696K, 91% used [0x0000000080000000,0x00000000900852d0,0x0000000091700000)
 Metaspace       used 85374K, committed 86720K, reserved 1179648K
  class space    used 8669K, committed 9280K, reserved 1048576K
}
Event: 474.835 GC heap after
{Heap after GC invocations=345 (full 14):
 PSYoungGen      total 19456K, used 4577K [0x00000000d5580000, 0x00000000d6d80000, 0x0000000100000000)
  eden space 14848K, 0% used [0x00000000d5580000,0x00000000d5580000,0x00000000d6400000)
  from space 4608K, 99% used [0x00000000d6900000,0x00000000d6d784c8,0x00000000d6d80000)
  to   space 4608K, 0% used [0x00000000d6480000,0x00000000d6480000,0x00000000d6900000)
 ParOldGen       total 285696K, used 262692K [0x0000000080000000, 0x0000000091700000, 0x00000000d5580000)
  object space 285696K, 91% used [0x0000000080000000,0x00000000900892d0,0x0000000091700000)
 Metaspace       used 85374K, committed 86720K, reserved 1179648K
  class space    used 8669K, committed 9280K, reserved 1048576K
}
Event: 474.889 GC heap before
{Heap before GC invocations=346 (full 14):
 PSYoungGen      total 19456K, used 19425K [0x00000000d5580000, 0x00000000d6d80000, 0x0000000100000000)
  eden space 14848K, 100% used [0x00000000d5580000,0x00000000d6400000,0x00000000d6400000)
  from space 4608K, 99% used [0x00000000d6900000,0x00000000d6d784c8,0x00000000d6d80000)
  to   space 4608K, 0% used [0x00000000d6480000,0x00000000d6480000,0x00000000d6900000)
 ParOldGen       total 285696K, used 262692K [0x0000000080000000, 0x0000000091700000, 0x00000000d5580000)
  object space 285696K, 91% used [0x0000000080000000,0x00000000900892d0,0x0000000091700000)
 Metaspace       used 85374K, committed 86720K, reserved 1179648K
  class space    used 8669K, committed 9280K, reserved 1048576K
}
Event: 474.895 GC heap after
{Heap after GC invocations=346 (full 14):
 PSYoungGen      total 19456K, used 4596K [0x00000000d5580000, 0x00000000d6e00000, 0x0000000100000000)
  eden space 14848K, 0% used [0x00000000d5580000,0x00000000d5580000,0x00000000d6400000)
  from space 4608K, 99% used [0x00000000d6480000,0x00000000d68fd1a0,0x00000000d6900000)
  to   space 5120K, 0% used [0x00000000d6900000,0x00000000d6900000,0x00000000d6e00000)
 ParOldGen       total 285696K, used 262724K [0x0000000080000000, 0x0000000091700000, 0x00000000d5580000)
  object space 285696K, 91% used [0x0000000080000000,0x00000000900912d0,0x0000000091700000)
 Metaspace       used 85374K, committed 86720K, reserved 1179648K
  class space    used 8669K, committed 9280K, reserved 1048576K
}
Event: 477.473 GC heap before
{Heap before GC invocations=347 (full 14):
 PSYoungGen      total 19456K, used 19444K [0x00000000d5580000, 0x00000000d6e00000, 0x0000000100000000)
  eden space 14848K, 100% used [0x00000000d5580000,0x00000000d6400000,0x00000000d6400000)
  from space 4608K, 99% used [0x00000000d6480000,0x00000000d68fd1a0,0x00000000d6900000)
  to   space 5120K, 0% used [0x00000000d6900000,0x00000000d6900000,0x00000000d6e00000)
 ParOldGen       total 285696K, used 262724K [0x0000000080000000, 0x0000000091700000, 0x00000000d5580000)
  object space 285696K, 91% used [0x0000000080000000,0x00000000900912d0,0x0000000091700000)
 Metaspace       used 85374K, committed 86720K, reserved 1179648K
  class space    used 8669K, committed 9280K, reserved 1048576K
}
Event: 477.487 GC heap after
{Heap after GC invocations=347 (full 14):
 PSYoungGen      total 18432K, used 3200K [0x00000000d5580000, 0x00000000d6c80000, 0x0000000100000000)
  eden space 14848K, 0% used [0x00000000d5580000,0x00000000d5580000,0x00000000d6400000)
  from space 3584K, 89% used [0x00000000d6900000,0x00000000d6c20010,0x00000000d6c80000)
  to   space 4096K, 0% used [0x00000000d6480000,0x00000000d6480000,0x00000000d6880000)
 ParOldGen       total 285696K, used 264033K [0x0000000080000000, 0x0000000091700000, 0x00000000d5580000)
  object space 285696K, 92% used [0x0000000080000000,0x00000000901d8788,0x0000000091700000)
 Metaspace       used 85374K, committed 86720K, reserved 1179648K
  class space    used 8669K, committed 9280K, reserved 1048576K
}
Event: 479.406 GC heap before
{Heap before GC invocations=348 (full 14):
 PSYoungGen      total 18432K, used 18048K [0x00000000d5580000, 0x00000000d6c80000, 0x0000000100000000)
  eden space 14848K, 100% used [0x00000000d5580000,0x00000000d6400000,0x00000000d6400000)
  from space 3584K, 89% used [0x00000000d6900000,0x00000000d6c20010,0x00000000d6c80000)
  to   space 4096K, 0% used [0x00000000d6480000,0x00000000d6480000,0x00000000d6880000)
 ParOldGen       total 285696K, used 264033K [0x0000000080000000, 0x0000000091700000, 0x00000000d5580000)
  object space 285696K, 92% used [0x0000000080000000,0x00000000901d8788,0x0000000091700000)
 Metaspace       used 85397K, committed 86784K, reserved 1179648K
  class space    used 8669K, committed 9280K, reserved 1048576K
}
Event: 479.412 GC heap after
{Heap after GC invocations=348 (full 14):
 PSYoungGen      total 18944K, used 3729K [0x00000000d5580000, 0x00000000d6c00000, 0x0000000100000000)
  eden space 14848K, 0% used [0x00000000d5580000,0x00000000d5580000,0x00000000d6400000)
  from space 4096K, 91% used [0x00000000d6480000,0x00000000d6824498,0x00000000d6880000)
  to   space 3584K, 0% used [0x00000000d6880000,0x00000000d6880000,0x00000000d6c00000)
 ParOldGen       total 285696K, used 264033K [0x0000000080000000, 0x0000000091700000, 0x00000000d5580000)
  object space 285696K, 92% used [0x0000000080000000,0x00000000901d8788,0x0000000091700000)
 Metaspace       used 85397K, committed 86784K, reserved 1179648K
  class space    used 8669K, committed 9280K, reserved 1048576K
}
Event: 479.450 GC heap before
{Heap before GC invocations=349 (full 14):
 PSYoungGen      total 18944K, used 18577K [0x00000000d5580000, 0x00000000d6c00000, 0x0000000100000000)
  eden space 14848K, 100% used [0x00000000d5580000,0x00000000d6400000,0x00000000d6400000)
  from space 4096K, 91% used [0x00000000d6480000,0x00000000d6824498,0x00000000d6880000)
  to   space 3584K, 0% used [0x00000000d6880000,0x00000000d6880000,0x00000000d6c00000)
 ParOldGen       total 285696K, used 264033K [0x0000000080000000, 0x0000000091700000, 0x00000000d5580000)
  object space 285696K, 92% used [0x0000000080000000,0x00000000901d8788,0x0000000091700000)
 Metaspace       used 85397K, committed 86784K, reserved 1179648K
  class space    used 8669K, committed 9280K, reserved 1048576K
}
Event: 479.455 GC heap after
{Heap after GC invocations=349 (full 14):
 PSYoungGen      total 18432K, used 3219K [0x00000000d5580000, 0x00000000d6c00000, 0x0000000100000000)
  eden space 14848K, 0% used [0x00000000d5580000,0x00000000d5580000,0x00000000d6400000)
  from space 3584K, 89% used [0x00000000d6880000,0x00000000d6ba4d08,0x00000000d6c00000)
  to   space 3584K, 0% used [0x00000000d6500000,0x00000000d6500000,0x00000000d6880000)
 ParOldGen       total 285696K, used 264249K [0x0000000080000000, 0x0000000091700000, 0x00000000d5580000)
  object space 285696K, 92% used [0x0000000080000000,0x000000009020e798,0x0000000091700000)
 Metaspace       used 85397K, committed 86784K, reserved 1179648K
  class space    used 8669K, committed 9280K, reserved 1048576K
}
Event: 479.507 GC heap before
{Heap before GC invocations=350 (full 14):
 PSYoungGen      total 18432K, used 18067K [0x00000000d5580000, 0x00000000d6c00000, 0x0000000100000000)
  eden space 14848K, 100% used [0x00000000d5580000,0x00000000d6400000,0x00000000d6400000)
  from space 3584K, 89% used [0x00000000d6880000,0x00000000d6ba4d08,0x00000000d6c00000)
  to   space 3584K, 0% used [0x00000000d6500000,0x00000000d6500000,0x00000000d6880000)
 ParOldGen       total 285696K, used 264249K [0x0000000080000000, 0x0000000091700000, 0x00000000d5580000)
  object space 285696K, 92% used [0x0000000080000000,0x000000009020e798,0x0000000091700000)
 Metaspace       used 85397K, committed 86784K, reserved 1179648K
  class space    used 8669K, committed 9280K, reserved 1048576K
}
Event: 479.511 GC heap after
{Heap after GC invocations=350 (full 14):
 PSYoungGen      total 18432K, used 3267K [0x00000000d5580000, 0x00000000d6b00000, 0x0000000100000000)
  eden space 14848K, 0% used [0x00000000d5580000,0x00000000d5580000,0x00000000d6400000)
  from space 3584K, 91% used [0x00000000d6500000,0x00000000d6830d18,0x00000000d6880000)
  to   space 2560K, 0% used [0x00000000d6880000,0x00000000d6880000,0x00000000d6b00000)
 ParOldGen       total 285696K, used 264313K [0x0000000080000000, 0x0000000091700000, 0x00000000d5580000)
  object space 285696K, 92% used [0x0000000080000000,0x000000009021e798,0x0000000091700000)
 Metaspace       used 85397K, committed 86784K, reserved 1179648K
  class space    used 8669K, committed 9280K, reserved 1048576K
}
Event: 480.232 GC heap before
{Heap before GC invocations=351 (full 14):
 PSYoungGen      total 18432K, used 18115K [0x00000000d5580000, 0x00000000d6b00000, 0x0000000100000000)
  eden space 14848K, 100% used [0x00000000d5580000,0x00000000d6400000,0x00000000d6400000)
  from space 3584K, 91% used [0x00000000d6500000,0x00000000d6830d18,0x00000000d6880000)
  to   space 2560K, 0% used [0x00000000d6880000,0x00000000d6880000,0x00000000d6b00000)
 ParOldGen       total 285696K, used 264313K [0x0000000080000000, 0x0000000091700000, 0x00000000d5580000)
  object space 285696K, 92% used [0x0000000080000000,0x000000009021e798,0x0000000091700000)
 Metaspace       used 85405K, committed 86784K, reserved 1179648K
  class space    used 8669K, committed 9280K, reserved 1048576K
}
Event: 480.254 GC heap after
{Heap after GC invocations=351 (full 14):
 PSYoungGen      total 17408K, used 2545K [0x00000000d5580000, 0x00000000d6b00000, 0x0000000100000000)
  eden space 14848K, 0% used [0x00000000d5580000,0x00000000d5580000,0x00000000d6400000)
  from space 2560K, 99% used [0x00000000d6880000,0x00000000d6afc458,0x00000000d6b00000)
  to   space 3584K, 0% used [0x00000000d6500000,0x00000000d6500000,0x00000000d6880000)
 ParOldGen       total 285696K, used 266690K [0x0000000080000000, 0x0000000091700000, 0x00000000d5580000)
  object space 285696K, 93% used [0x0000000080000000,0x0000000090470940,0x0000000091700000)
 Metaspace       used 85405K, committed 86784K, reserved 1179648K
  class space    used 8669K, committed 9280K, reserved 1048576K
}
Event: 480.381 GC heap before
{Heap before GC invocations=352 (full 14):
 PSYoungGen      total 17408K, used 17393K [0x00000000d5580000, 0x00000000d6b00000, 0x0000000100000000)
  eden space 14848K, 100% used [0x00000000d5580000,0x00000000d6400000,0x00000000d6400000)
  from space 2560K, 99% used [0x00000000d6880000,0x00000000d6afc458,0x00000000d6b00000)
  to   space 3584K, 0% used [0x00000000d6500000,0x00000000d6500000,0x00000000d6880000)
 ParOldGen       total 285696K, used 266690K [0x0000000080000000, 0x0000000091700000, 0x00000000d5580000)
  object space 285696K, 93% used [0x0000000080000000,0x0000000090470940,0x0000000091700000)
 Metaspace       used 85406K, committed 86784K, reserved 1179648K
  class space    used 8669K, committed 9280K, reserved 1048576K
}
Event: 480.399 GC heap after
{Heap after GC invocations=352 (full 14):
 PSYoungGen      total 17408K, used 2321K [0x00000000d5580000, 0x00000000d6b00000, 0x0000000100000000)
  eden space 14848K, 0% used [0x00000000d5580000,0x00000000d5580000,0x00000000d6400000)
  from space 2560K, 90% used [0x00000000d6500000,0x00000000d6744468,0x00000000d6780000)
  to   space 3584K, 0% used [0x00000000d6780000,0x00000000d6780000,0x00000000d6b00000)
 ParOldGen       total 285696K, used 268593K [0x0000000080000000, 0x0000000091700000, 0x00000000d5580000)
  object space 285696K, 94% used [0x0000000080000000,0x000000009064c680,0x0000000091700000)
 Metaspace       used 85406K, committed 86784K, reserved 1179648K
  class space    used 8669K, committed 9280K, reserved 1048576K
}

