# JRE version: OpenJDK Runtime Environment Temurin-17.0.12+7 (17.0.12+7) (build 17.0.12+7)
# Java VM: OpenJDK 64-Bit Server VM Temurin-17.0.12+7 (17.0.12+7, mixed mode, tiered, compressed oops, compressed class ptrs, parallel gc, windows-amd64)
GC Precious Log:
 CPUs: 8 total, 8 available
 Memory: 3317M
 Large Page Support: Disabled
 NUMA Support: Disabled
 Compressed Oops: Enabled (32-bit)
 Alignments: Space 512K, Generation 512K, Heap 2M
 Heap Min Capacity: 100M
 Heap Initial Capacity: 100M
 Heap Max Capacity: 1G
 Pre-touch: Disabled
 Parallel Workers: 8
Heap:
 PSYoungGen      total 47616K, used 16790K [0x00000000eab00000, 0x00000000ee180000, 0x0000000100000000)
  eden space 40448K, 24% used [0x00000000eab00000,0x00000000eb49db38,0x00000000ed280000)
  from space 7168K, 96% used [0x00000000ed380000,0x00000000eda47eb8,0x00000000eda80000)
  to   space 7168K, 0% used [0x00000000eda80000,0x00000000eda80000,0x00000000ee180000)
 ParOldGen       total 494592K, used 471212K [0x00000000c0000000, 0x00000000de300000, 0x00000000eab00000)
  object space 494592K, 95% used [0x00000000c0000000,0x00000000dcc2b028,0x00000000de300000)
 Metaspace       used 84569K, committed 85952K, reserved 1179648K
  class space    used 8510K, committed 9088K, reserved 1048576K
GC Heap History (20 events):
Event: 817.398 GC heap before
{Heap before GC invocations=328 (full 9):
 PSYoungGen      total 47616K, used 47605K [0x00000000eab00000, 0x00000000ee480000, 0x0000000100000000)
  eden space 40448K, 100% used [0x00000000eab00000,0x00000000ed280000,0x00000000ed280000)
  from space 7168K, 99% used [0x00000000ed280000,0x00000000ed97d548,0x00000000ed980000)
  to   space 9216K, 0% used [0x00000000edb80000,0x00000000edb80000,0x00000000ee480000)
 ParOldGen       total 494592K, used 459530K [0x00000000c0000000, 0x00000000de300000, 0x00000000eab00000)
  object space 494592K, 92% used [0x00000000c0000000,0x00000000dc0c2860,0x00000000de300000)
 Metaspace       used 84431K, committed 85760K, reserved 1179648K
  class space    used 8509K, committed 9088K, reserved 1048576K
}
Event: 817.405 GC heap after
{Heap after GC invocations=328 (full 9):
 PSYoungGen      total 46592K, used 6052K [0x00000000eab00000, 0x00000000ee180000, 0x0000000100000000)
  eden space 40448K, 0% used [0x00000000eab00000,0x00000000eab00000,0x00000000ed280000)
  from space 6144K, 98% used [0x00000000edb80000,0x00000000ee169120,0x00000000ee180000)
  to   space 7168K, 0% used [0x00000000ed380000,0x00000000ed380000,0x00000000eda80000)
 ParOldGen       total 494592K, used 460388K [0x00000000c0000000, 0x00000000de300000, 0x00000000eab00000)
  object space 494592K, 93% used [0x00000000c0000000,0x00000000dc199050,0x00000000de300000)
 Metaspace       used 84431K, committed 85760K, reserved 1179648K
  class space    used 8509K, committed 9088K, reserved 1048576K
}
Event: 819.355 GC heap before
{Heap before GC invocations=329 (full 9):
 PSYoungGen      total 46592K, used 46359K [0x00000000eab00000, 0x00000000ee180000, 0x0000000100000000)
  eden space 40448K, 99% used [0x00000000eab00000,0x00000000ed25cbe0,0x00000000ed280000)
  from space 6144K, 98% used [0x00000000edb80000,0x00000000ee169120,0x00000000ee180000)
  to   space 7168K, 0% used [0x00000000ed380000,0x00000000ed380000,0x00000000eda80000)
 ParOldGen       total 494592K, used 460388K [0x00000000c0000000, 0x00000000de300000, 0x00000000eab00000)
  object space 494592K, 93% used [0x00000000c0000000,0x00000000dc199050,0x00000000de300000)
 Metaspace       used 84450K, committed 85760K, reserved 1179648K
  class space    used 8510K, committed 9088K, reserved 1048576K
}
Event: 819.374 GC heap after
{Heap after GC invocations=329 (full 9):
 PSYoungGen      total 46592K, used 5892K [0x00000000eab00000, 0x00000000ede80000, 0x0000000100000000)
  eden space 40448K, 0% used [0x00000000eab00000,0x00000000eab00000,0x00000000ed280000)
  from space 6144K, 95% used [0x00000000ed380000,0x00000000ed941120,0x00000000ed980000)
  to   space 5120K, 0% used [0x00000000ed980000,0x00000000ed980000,0x00000000ede80000)
 ParOldGen       total 494592K, used 460388K [0x00000000c0000000, 0x00000000de300000, 0x00000000eab00000)
  object space 494592K, 93% used [0x00000000c0000000,0x00000000dc199050,0x00000000de300000)
 Metaspace       used 84450K, committed 85760K, reserved 1179648K
  class space    used 8510K, committed 9088K, reserved 1048576K
}
Event: 820.596 GC heap before
{Heap before GC invocations=330 (full 9):
 PSYoungGen      total 46592K, used 46340K [0x00000000eab00000, 0x00000000ede80000, 0x0000000100000000)
  eden space 40448K, 100% used [0x00000000eab00000,0x00000000ed280000,0x00000000ed280000)
  from space 6144K, 95% used [0x00000000ed380000,0x00000000ed941120,0x00000000ed980000)
  to   space 5120K, 0% used [0x00000000ed980000,0x00000000ed980000,0x00000000ede80000)
 ParOldGen       total 494592K, used 460388K [0x00000000c0000000, 0x00000000de300000, 0x00000000eab00000)
  object space 494592K, 93% used [0x00000000c0000000,0x00000000dc199050,0x00000000de300000)
 Metaspace       used 84469K, committed 85760K, reserved 1179648K
  class space    used 8510K, committed 9088K, reserved 1048576K
}
Event: 820.602 GC heap after
{Heap after GC invocations=330 (full 9):
 PSYoungGen      total 45568K, used 5093K [0x00000000eab00000, 0x00000000edf80000, 0x0000000100000000)
  eden space 40448K, 0% used [0x00000000eab00000,0x00000000eab00000,0x00000000ed280000)
  from space 5120K, 99% used [0x00000000ed980000,0x00000000ede794c8,0x00000000ede80000)
  to   space 6656K, 0% used [0x00000000ed280000,0x00000000ed280000,0x00000000ed900000)
 ParOldGen       total 494592K, used 461593K [0x00000000c0000000, 0x00000000de300000, 0x00000000eab00000)
  object space 494592K, 93% used [0x00000000c0000000,0x00000000dc2c65b0,0x00000000de300000)
 Metaspace       used 84469K, committed 85760K, reserved 1179648K
  class space    used 8510K, committed 9088K, reserved 1048576K
}
Event: 822.443 GC heap before
{Heap before GC invocations=331 (full 9):
 PSYoungGen      total 45568K, used 45541K [0x00000000eab00000, 0x00000000edf80000, 0x0000000100000000)
  eden space 40448K, 100% used [0x00000000eab00000,0x00000000ed280000,0x00000000ed280000)
  from space 5120K, 99% used [0x00000000ed980000,0x00000000ede794c8,0x00000000ede80000)
  to   space 6656K, 0% used [0x00000000ed280000,0x00000000ed280000,0x00000000ed900000)
 ParOldGen       total 494592K, used 461593K [0x00000000c0000000, 0x00000000de300000, 0x00000000eab00000)
  object space 494592K, 93% used [0x00000000c0000000,0x00000000dc2c65b0,0x00000000de300000)
 Metaspace       used 84471K, committed 85760K, reserved 1179648K
  class space    used 8510K, committed 9088K, reserved 1048576K
}
Event: 822.471 GC heap after
{Heap after GC invocations=331 (full 9):
 PSYoungGen      total 47104K, used 6655K [0x00000000eab00000, 0x00000000eeb80000, 0x0000000100000000)
  eden space 40448K, 0% used [0x00000000eab00000,0x00000000eab00000,0x00000000ed280000)
  from space 6656K, 99% used [0x00000000ed280000,0x00000000ed8ffec8,0x00000000ed900000)
  to   space 12800K, 0% used [0x00000000edf00000,0x00000000edf00000,0x00000000eeb80000)
 ParOldGen       total 494592K, used 466382K [0x00000000c0000000, 0x00000000de300000, 0x00000000eab00000)
  object space 494592K, 94% used [0x00000000c0000000,0x00000000dc7738b8,0x00000000de300000)
 Metaspace       used 84471K, committed 85760K, reserved 1179648K
  class space    used 8510K, committed 9088K, reserved 1048576K
}
Event: 823.382 GC heap before
{Heap before GC invocations=332 (full 9):
 PSYoungGen      total 47104K, used 47103K [0x00000000eab00000, 0x00000000eeb80000, 0x0000000100000000)
  eden space 40448K, 100% used [0x00000000eab00000,0x00000000ed280000,0x00000000ed280000)
  from space 6656K, 99% used [0x00000000ed280000,0x00000000ed8ffec8,0x00000000ed900000)
  to   space 12800K, 0% used [0x00000000edf00000,0x00000000edf00000,0x00000000eeb80000)
 ParOldGen       total 494592K, used 466382K [0x00000000c0000000, 0x00000000de300000, 0x00000000eab00000)
  object space 494592K, 94% used [0x00000000c0000000,0x00000000dc7738b8,0x00000000de300000)
 Metaspace       used 84482K, committed 85824K, reserved 1179648K
  class space    used 8510K, committed 9088K, reserved 1048576K
}
Event: 823.425 GC heap after
{Heap after GC invocations=332 (full 9):
 PSYoungGen      total 47616K, used 6735K [0x00000000eab00000, 0x00000000ee600000, 0x0000000100000000)
  eden space 40448K, 0% used [0x00000000eab00000,0x00000000eab00000,0x00000000ed280000)
  from space 7168K, 93% used [0x00000000edf00000,0x00000000ee593e88,0x00000000ee600000)
  to   space 8704K, 0% used [0x00000000ed500000,0x00000000ed500000,0x00000000edd80000)
 ParOldGen       total 494592K, used 466654K [0x00000000c0000000, 0x00000000de300000, 0x00000000eab00000)
  object space 494592K, 94% used [0x00000000c0000000,0x00000000dc7b7918,0x00000000de300000)
 Metaspace       used 84482K, committed 85824K, reserved 1179648K
  class space    used 8510K, committed 9088K, reserved 1048576K
}
Event: 848.083 GC heap before
{Heap before GC invocations=333 (full 9):
 PSYoungGen      total 47616K, used 47183K [0x00000000eab00000, 0x00000000ee600000, 0x0000000100000000)
  eden space 40448K, 100% used [0x00000000eab00000,0x00000000ed280000,0x00000000ed280000)
  from space 7168K, 93% used [0x00000000edf00000,0x00000000ee593e88,0x00000000ee600000)
  to   space 8704K, 0% used [0x00000000ed500000,0x00000000ed500000,0x00000000edd80000)
 ParOldGen       total 494592K, used 466654K [0x00000000c0000000, 0x00000000de300000, 0x00000000eab00000)
  object space 494592K, 94% used [0x00000000c0000000,0x00000000dc7b7918,0x00000000de300000)
 Metaspace       used 84494K, committed 85824K, reserved 1179648K
  class space    used 8510K, committed 9088K, reserved 1048576K
}
Event: 848.351 GC heap after
{Heap after GC invocations=333 (full 9):
 PSYoungGen      total 49152K, used 8319K [0x00000000eab00000, 0x00000000ee380000, 0x0000000100000000)
  eden space 40448K, 0% used [0x00000000eab00000,0x00000000eab00000,0x00000000ed280000)
  from space 8704K, 95% used [0x00000000ed500000,0x00000000edd1fef8,0x00000000edd80000)
  to   space 6144K, 0% used [0x00000000edd80000,0x00000000edd80000,0x00000000ee380000)
 ParOldGen       total 494592K, used 466662K [0x00000000c0000000, 0x00000000de300000, 0x00000000eab00000)
  object space 494592K, 94% used [0x00000000c0000000,0x00000000dc7b9918,0x00000000de300000)
 Metaspace       used 84494K, committed 85824K, reserved 1179648K
  class space    used 8510K, committed 9088K, reserved 1048576K
}
Event: 848.901 GC heap before
{Heap before GC invocations=334 (full 9):
 PSYoungGen      total 49152K, used 48767K [0x00000000eab00000, 0x00000000ee380000, 0x0000000100000000)
  eden space 40448K, 100% used [0x00000000eab00000,0x00000000ed280000,0x00000000ed280000)
  from space 8704K, 95% used [0x00000000ed500000,0x00000000edd1fef8,0x00000000edd80000)
  to   space 6144K, 0% used [0x00000000edd80000,0x00000000edd80000,0x00000000ee380000)
 ParOldGen       total 494592K, used 466662K [0x00000000c0000000, 0x00000000de300000, 0x00000000eab00000)
  object space 494592K, 94% used [0x00000000c0000000,0x00000000dc7b9918,0x00000000de300000)
 Metaspace       used 84503K, committed 85824K, reserved 1179648K
  class space    used 8510K, committed 9088K, reserved 1048576K
}
Event: 848.918 GC heap after
{Heap after GC invocations=334 (full 9):
 PSYoungGen      total 46592K, used 6127K [0x00000000eab00000, 0x00000000ee680000, 0x0000000100000000)
  eden space 40448K, 0% used [0x00000000eab00000,0x00000000eab00000,0x00000000ed280000)
  from space 6144K, 99% used [0x00000000edd80000,0x00000000ee37be68,0x00000000ee380000)
  to   space 10240K, 0% used [0x00000000ed280000,0x00000000ed280000,0x00000000edc80000)
 ParOldGen       total 494592K, used 470145K [0x00000000c0000000, 0x00000000de300000, 0x00000000eab00000)
  object space 494592K, 95% used [0x00000000c0000000,0x00000000dcb207f8,0x00000000de300000)
 Metaspace       used 84503K, committed 85824K, reserved 1179648K
  class space    used 8510K, committed 9088K, reserved 1048576K
}
Event: 850.965 GC heap before
{Heap before GC invocations=335 (full 9):
 PSYoungGen      total 46592K, used 46575K [0x00000000eab00000, 0x00000000ee680000, 0x0000000100000000)
  eden space 40448K, 100% used [0x00000000eab00000,0x00000000ed280000,0x00000000ed280000)
  from space 6144K, 99% used [0x00000000edd80000,0x00000000ee37be68,0x00000000ee380000)
  to   space 10240K, 0% used [0x00000000ed280000,0x00000000ed280000,0x00000000edc80000)
 ParOldGen       total 494592K, used 470145K [0x00000000c0000000, 0x00000000de300000, 0x00000000eab00000)
  object space 494592K, 95% used [0x00000000c0000000,0x00000000dcb207f8,0x00000000de300000)
 Metaspace       used 84505K, committed 85824K, reserved 1179648K
  class space    used 8510K, committed 9088K, reserved 1048576K
}
Event: 850.999 GC heap after
{Heap after GC invocations=335 (full 9):
 PSYoungGen      total 50688K, used 9738K [0x00000000eab00000, 0x00000000ee680000, 0x0000000100000000)
  eden space 40448K, 0% used [0x00000000eab00000,0x00000000eab00000,0x00000000ed280000)
  from space 10240K, 95% used [0x00000000ed280000,0x00000000edc02848,0x00000000edc80000)
  to   space 10240K, 0% used [0x00000000edc80000,0x00000000edc80000,0x00000000ee680000)
 ParOldGen       total 494592K, used 470145K [0x00000000c0000000, 0x00000000de300000, 0x00000000eab00000)
  object space 494592K, 95% used [0x00000000c0000000,0x00000000dcb207f8,0x00000000de300000)
 Metaspace       used 84505K, committed 85824K, reserved 1179648K
  class space    used 8510K, committed 9088K, reserved 1048576K
}
Event: 882.383 GC heap before
{Heap before GC invocations=336 (full 9):
 PSYoungGen      total 50688K, used 50186K [0x00000000eab00000, 0x00000000ee680000, 0x0000000100000000)
  eden space 40448K, 100% used [0x00000000eab00000,0x00000000ed280000,0x00000000ed280000)
  from space 10240K, 95% used [0x00000000ed280000,0x00000000edc02848,0x00000000edc80000)
  to   space 10240K, 0% used [0x00000000edc80000,0x00000000edc80000,0x00000000ee680000)
 ParOldGen       total 494592K, used 470145K [0x00000000c0000000, 0x00000000de300000, 0x00000000eab00000)
  object space 494592K, 95% used [0x00000000c0000000,0x00000000dcb207f8,0x00000000de300000)
 Metaspace       used 84549K, committed 85888K, reserved 1179648K
  class space    used 8510K, committed 9088K, reserved 1048576K
}
Event: 882.554 GC heap after
{Heap after GC invocations=336 (full 9):
 PSYoungGen      total 48640K, used 7887K [0x00000000eab00000, 0x00000000ee480000, 0x0000000100000000)
  eden space 40448K, 0% used [0x00000000eab00000,0x00000000eab00000,0x00000000ed280000)
  from space 8192K, 96% used [0x00000000edc80000,0x00000000ee433ee8,0x00000000ee480000)
  to   space 8704K, 0% used [0x00000000ed380000,0x00000000ed380000,0x00000000edc00000)
 ParOldGen       total 494592K, used 470153K [0x00000000c0000000, 0x00000000de300000, 0x00000000eab00000)
  object space 494592K, 95% used [0x00000000c0000000,0x00000000dcb227f8,0x00000000de300000)
 Metaspace       used 84549K, committed 85888K, reserved 1179648K
  class space    used 8510K, committed 9088K, reserved 1048576K
}
Event: 885.152 GC heap before
{Heap before GC invocations=337 (full 9):
 PSYoungGen      total 48640K, used 48335K [0x00000000eab00000, 0x00000000ee480000, 0x0000000100000000)
  eden space 40448K, 100% used [0x00000000eab00000,0x00000000ed280000,0x00000000ed280000)
  from space 8192K, 96% used [0x00000000edc80000,0x00000000ee433ee8,0x00000000ee480000)
  to   space 8704K, 0% used [0x00000000ed380000,0x00000000ed380000,0x00000000edc00000)
 ParOldGen       total 494592K, used 470153K [0x00000000c0000000, 0x00000000de300000, 0x00000000eab00000)
  object space 494592K, 95% used [0x00000000c0000000,0x00000000dcb227f8,0x00000000de300000)
 Metaspace       used 84568K, committed 85952K, reserved 1179648K
  class space    used 8510K, committed 9088K, reserved 1048576K
}
Event: 885.177 GC heap after
{Heap after GC invocations=337 (full 9):
 PSYoungGen      total 47616K, used 6943K [0x00000000eab00000, 0x00000000ee180000, 0x0000000100000000)
  eden space 40448K, 0% used [0x00000000eab00000,0x00000000eab00000,0x00000000ed280000)
  from space 7168K, 96% used [0x00000000ed380000,0x00000000eda47eb8,0x00000000eda80000)
  to   space 7168K, 0% used [0x00000000eda80000,0x00000000eda80000,0x00000000ee180000)
 ParOldGen       total 494592K, used 471212K [0x00000000c0000000, 0x00000000de300000, 0x00000000eab00000)
  object space 494592K, 95% used [0x00000000c0000000,0x00000000dcc2b028,0x00000000de300000)
 Metaspace       used 84568K, committed 85952K, reserved 1179648K
  class space    used 8510K, committed 9088K, reserved 1048576K
}

