# JRE version: OpenJDK Runtime Environment Temurin-17.0.12+7 (17.0.12+7) (build 17.0.12+7)
# Java VM: OpenJDK 64-Bit Server VM Temurin-17.0.12+7 (17.0.12+7, mixed mode, tiered, compressed oops, compressed class ptrs, parallel gc, windows-amd64)
GC Precious Log:
 CPUs: 8 total, 8 available
 Memory: 3317M
 Large Page Support: Disabled
 NUMA Support: Disabled
 Compressed Oops: Enabled (32-bit)
 Alignments: Space 512K, Generation 512K, Heap 2M
 Heap Min Capacity: 100M
 Heap Initial Capacity: 100M
 Heap Max Capacity: 2G
 Pre-touch: Disabled
 Parallel Workers: 8
Heap:
 PSYoungGen      total 12800K, used 11389K [0x00000000d5580000, 0x00000000d6680000, 0x0000000100000000)
  eden space 8192K, 85% used [0x00000000d5580000,0x00000000d5c4ecd8,0x00000000d5d80000)
  from space 4608K, 95% used [0x00000000d5d80000,0x00000000d61d0880,0x00000000d6200000)
  to   space 4608K, 0% used [0x00000000d6200000,0x00000000d6200000,0x00000000d6680000)
 ParOldGen       total 412160K, used 396715K [0x0000000080000000, 0x0000000099280000, 0x00000000d5580000)
  object space 412160K, 96% used [0x0000000080000000,0x000000009836af70,0x0000000099280000)
 Metaspace       used 80920K, committed 82304K, reserved 1179648K
  class space    used 8304K, committed 8896K, reserved 1048576K
GC Heap History (20 events):
Event: 164.409 GC heap before
{Heap before GC invocations=278 (full 11):
 PSYoungGen      total 10752K, used 9925K [0x00000000d5580000, 0x00000000d6400000, 0x0000000100000000)
  eden space 6144K, 100% used [0x00000000d5580000,0x00000000d5b80000,0x00000000d5b80000)
  from space 4608K, 82% used [0x00000000d5b80000,0x00000000d5f314a0,0x00000000d6000000)
  to   space 4096K, 0% used [0x00000000d6000000,0x00000000d6000000,0x00000000d6400000)
 ParOldGen       total 412160K, used 393681K [0x0000000080000000, 0x0000000099280000, 0x00000000d5580000)
  object space 412160K, 95% used [0x0000000080000000,0x00000000980746d0,0x0000000099280000)
 Metaspace       used 80687K, committed 81984K, reserved 1179648K
  class space    used 8299K, committed 8896K, reserved 1048576K
}
Event: 164.412 GC heap after
{Heap after GC invocations=278 (full 11):
 PSYoungGen      total 10752K, used 3700K [0x00000000d5580000, 0x00000000d6480000, 0x0000000100000000)
  eden space 6656K, 0% used [0x00000000d5580000,0x00000000d5580000,0x00000000d5c00000)
  from space 4096K, 90% used [0x00000000d6000000,0x00000000d639d090,0x00000000d6400000)
  to   space 4096K, 0% used [0x00000000d5c00000,0x00000000d5c00000,0x00000000d6000000)
 ParOldGen       total 412160K, used 393889K [0x0000000080000000, 0x0000000099280000, 0x00000000d5580000)
  object space 412160K, 95% used [0x0000000080000000,0x00000000980a86d0,0x0000000099280000)
 Metaspace       used 80687K, committed 81984K, reserved 1179648K
  class space    used 8299K, committed 8896K, reserved 1048576K
}
Event: 164.453 GC heap before
{Heap before GC invocations=279 (full 11):
 PSYoungGen      total 10752K, used 10356K [0x00000000d5580000, 0x00000000d6480000, 0x0000000100000000)
  eden space 6656K, 100% used [0x00000000d5580000,0x00000000d5c00000,0x00000000d5c00000)
  from space 4096K, 90% used [0x00000000d6000000,0x00000000d639d090,0x00000000d6400000)
  to   space 4096K, 0% used [0x00000000d5c00000,0x00000000d5c00000,0x00000000d6000000)
 ParOldGen       total 412160K, used 393889K [0x0000000080000000, 0x0000000099280000, 0x00000000d5580000)
  object space 412160K, 95% used [0x0000000080000000,0x00000000980a86d0,0x0000000099280000)
 Metaspace       used 80712K, committed 82048K, reserved 1179648K
  class space    used 8299K, committed 8896K, reserved 1048576K
}
Event: 164.457 GC heap after
{Heap after GC invocations=279 (full 11):
 PSYoungGen      total 10752K, used 3651K [0x00000000d5580000, 0x00000000d6500000, 0x0000000100000000)
  eden space 6656K, 0% used [0x00000000d5580000,0x00000000d5580000,0x00000000d5c00000)
  from space 4096K, 89% used [0x00000000d5c00000,0x00000000d5f90c80,0x00000000d6000000)
  to   space 4096K, 0% used [0x00000000d6100000,0x00000000d6100000,0x00000000d6500000)
 ParOldGen       total 412160K, used 393897K [0x0000000080000000, 0x0000000099280000, 0x00000000d5580000)
  object space 412160K, 95% used [0x0000000080000000,0x00000000980aa6d0,0x0000000099280000)
 Metaspace       used 80712K, committed 82048K, reserved 1179648K
  class space    used 8299K, committed 8896K, reserved 1048576K
}
Event: 164.930 GC heap before
{Heap before GC invocations=280 (full 11):
 PSYoungGen      total 10752K, used 10307K [0x00000000d5580000, 0x00000000d6500000, 0x0000000100000000)
  eden space 6656K, 100% used [0x00000000d5580000,0x00000000d5c00000,0x00000000d5c00000)
  from space 4096K, 89% used [0x00000000d5c00000,0x00000000d5f90c80,0x00000000d6000000)
  to   space 4096K, 0% used [0x00000000d6100000,0x00000000d6100000,0x00000000d6500000)
 ParOldGen       total 412160K, used 393897K [0x0000000080000000, 0x0000000099280000, 0x00000000d5580000)
  object space 412160K, 95% used [0x0000000080000000,0x00000000980aa6d0,0x0000000099280000)
 Metaspace       used 80738K, committed 82112K, reserved 1179648K
  class space    used 8299K, committed 8896K, reserved 1048576K
}
Event: 164.934 GC heap after
{Heap after GC invocations=280 (full 11):
 PSYoungGen      total 10752K, used 3602K [0x00000000d5580000, 0x00000000d6500000, 0x0000000100000000)
  eden space 6656K, 0% used [0x00000000d5580000,0x00000000d5580000,0x00000000d5c00000)
  from space 4096K, 87% used [0x00000000d6100000,0x00000000d6484890,0x00000000d6500000)
  to   space 4096K, 0% used [0x00000000d5c00000,0x00000000d5c00000,0x00000000d6000000)
 ParOldGen       total 412160K, used 393938K [0x0000000080000000, 0x0000000099280000, 0x00000000d5580000)
  object space 412160K, 95% used [0x0000000080000000,0x00000000980b4ae0,0x0000000099280000)
 Metaspace       used 80738K, committed 82112K, reserved 1179648K
  class space    used 8299K, committed 8896K, reserved 1048576K
}
Event: 164.961 GC heap before
{Heap before GC invocations=281 (full 11):
 PSYoungGen      total 10752K, used 10258K [0x00000000d5580000, 0x00000000d6500000, 0x0000000100000000)
  eden space 6656K, 100% used [0x00000000d5580000,0x00000000d5c00000,0x00000000d5c00000)
  from space 4096K, 87% used [0x00000000d6100000,0x00000000d6484890,0x00000000d6500000)
  to   space 4096K, 0% used [0x00000000d5c00000,0x00000000d5c00000,0x00000000d6000000)
 ParOldGen       total 412160K, used 393938K [0x0000000080000000, 0x0000000099280000, 0x00000000d5580000)
  object space 412160K, 95% used [0x0000000080000000,0x00000000980b4ae0,0x0000000099280000)
 Metaspace       used 80738K, committed 82112K, reserved 1179648K
  class space    used 8299K, committed 8896K, reserved 1048576K
}
Event: 164.965 GC heap after
{Heap after GC invocations=281 (full 11):
 PSYoungGen      total 10752K, used 4083K [0x00000000d5580000, 0x00000000d6500000, 0x0000000100000000)
  eden space 6656K, 0% used [0x00000000d5580000,0x00000000d5580000,0x00000000d5c00000)
  from space 4096K, 99% used [0x00000000d5c00000,0x00000000d5ffccb0,0x00000000d6000000)
  to   space 4608K, 0% used [0x00000000d6080000,0x00000000d6080000,0x00000000d6500000)
 ParOldGen       total 412160K, used 394290K [0x0000000080000000, 0x0000000099280000, 0x00000000d5580000)
  object space 412160K, 95% used [0x0000000080000000,0x000000009810cb00,0x0000000099280000)
 Metaspace       used 80738K, committed 82112K, reserved 1179648K
  class space    used 8299K, committed 8896K, reserved 1048576K
}
Event: 164.990 GC heap before
{Heap before GC invocations=282 (full 11):
 PSYoungGen      total 10752K, used 10739K [0x00000000d5580000, 0x00000000d6500000, 0x0000000100000000)
  eden space 6656K, 100% used [0x00000000d5580000,0x00000000d5c00000,0x00000000d5c00000)
  from space 4096K, 99% used [0x00000000d5c00000,0x00000000d5ffccb0,0x00000000d6000000)
  to   space 4608K, 0% used [0x00000000d6080000,0x00000000d6080000,0x00000000d6500000)
 ParOldGen       total 412160K, used 394290K [0x0000000080000000, 0x0000000099280000, 0x00000000d5580000)
  object space 412160K, 95% used [0x0000000080000000,0x000000009810cb00,0x0000000099280000)
 Metaspace       used 80752K, committed 82112K, reserved 1179648K
  class space    used 8299K, committed 8896K, reserved 1048576K
}
Event: 164.995 GC heap after
{Heap after GC invocations=282 (full 11):
 PSYoungGen      total 11776K, used 3506K [0x00000000d5580000, 0x00000000d6500000, 0x0000000100000000)
  eden space 7168K, 0% used [0x00000000d5580000,0x00000000d5580000,0x00000000d5c80000)
  from space 4608K, 76% used [0x00000000d6080000,0x00000000d63ec870,0x00000000d6500000)
  to   space 4096K, 0% used [0x00000000d5c80000,0x00000000d5c80000,0x00000000d6080000)
 ParOldGen       total 412160K, used 395388K [0x0000000080000000, 0x0000000099280000, 0x00000000d5580000)
  object space 412160K, 95% used [0x0000000080000000,0x000000009821f3e0,0x0000000099280000)
 Metaspace       used 80752K, committed 82112K, reserved 1179648K
  class space    used 8299K, committed 8896K, reserved 1048576K
}
Event: 165.018 GC heap before
{Heap before GC invocations=283 (full 11):
 PSYoungGen      total 11776K, used 10674K [0x00000000d5580000, 0x00000000d6500000, 0x0000000100000000)
  eden space 7168K, 100% used [0x00000000d5580000,0x00000000d5c80000,0x00000000d5c80000)
  from space 4608K, 76% used [0x00000000d6080000,0x00000000d63ec870,0x00000000d6500000)
  to   space 4096K, 0% used [0x00000000d5c80000,0x00000000d5c80000,0x00000000d6080000)
 ParOldGen       total 412160K, used 395388K [0x0000000080000000, 0x0000000099280000, 0x00000000d5580000)
  object space 412160K, 95% used [0x0000000080000000,0x000000009821f3e0,0x0000000099280000)
 Metaspace       used 80765K, committed 82112K, reserved 1179648K
  class space    used 8299K, committed 8896K, reserved 1048576K
}
Event: 165.023 GC heap after
{Heap after GC invocations=283 (full 11):
 PSYoungGen      total 11264K, used 3698K [0x00000000d5580000, 0x00000000d6580000, 0x0000000100000000)
  eden space 7168K, 0% used [0x00000000d5580000,0x00000000d5580000,0x00000000d5c80000)
  from space 4096K, 90% used [0x00000000d5c80000,0x00000000d601c870,0x00000000d6080000)
  to   space 4096K, 0% used [0x00000000d6180000,0x00000000d6180000,0x00000000d6580000)
 ParOldGen       total 412160K, used 395388K [0x0000000080000000, 0x0000000099280000, 0x00000000d5580000)
  object space 412160K, 95% used [0x0000000080000000,0x000000009821f3e0,0x0000000099280000)
 Metaspace       used 80765K, committed 82112K, reserved 1179648K
  class space    used 8299K, committed 8896K, reserved 1048576K
}
Event: 165.063 GC heap before
{Heap before GC invocations=284 (full 11):
 PSYoungGen      total 11264K, used 10866K [0x00000000d5580000, 0x00000000d6580000, 0x0000000100000000)
  eden space 7168K, 100% used [0x00000000d5580000,0x00000000d5c80000,0x00000000d5c80000)
  from space 4096K, 90% used [0x00000000d5c80000,0x00000000d601c870,0x00000000d6080000)
  to   space 4096K, 0% used [0x00000000d6180000,0x00000000d6180000,0x00000000d6580000)
 ParOldGen       total 412160K, used 395388K [0x0000000080000000, 0x0000000099280000, 0x00000000d5580000)
  object space 412160K, 95% used [0x0000000080000000,0x000000009821f3e0,0x0000000099280000)
 Metaspace       used 80769K, committed 82112K, reserved 1179648K
  class space    used 8299K, committed 8896K, reserved 1048576K
}
Event: 165.067 GC heap after
{Heap after GC invocations=284 (full 11):
 PSYoungGen      total 12288K, used 3715K [0x00000000d5580000, 0x00000000d6580000, 0x0000000100000000)
  eden space 8192K, 0% used [0x00000000d5580000,0x00000000d5580000,0x00000000d5d80000)
  from space 4096K, 90% used [0x00000000d6180000,0x00000000d6520c80,0x00000000d6580000)
  to   space 4096K, 0% used [0x00000000d5d80000,0x00000000d5d80000,0x00000000d6180000)
 ParOldGen       total 412160K, used 395428K [0x0000000080000000, 0x0000000099280000, 0x00000000d5580000)
  object space 412160K, 95% used [0x0000000080000000,0x00000000982293e0,0x0000000099280000)
 Metaspace       used 80769K, committed 82112K, reserved 1179648K
  class space    used 8299K, committed 8896K, reserved 1048576K
}
Event: 165.115 GC heap before
{Heap before GC invocations=285 (full 11):
 PSYoungGen      total 12288K, used 11907K [0x00000000d5580000, 0x00000000d6580000, 0x0000000100000000)
  eden space 8192K, 100% used [0x00000000d5580000,0x00000000d5d80000,0x00000000d5d80000)
  from space 4096K, 90% used [0x00000000d6180000,0x00000000d6520c80,0x00000000d6580000)
  to   space 4096K, 0% used [0x00000000d5d80000,0x00000000d5d80000,0x00000000d6180000)
 ParOldGen       total 412160K, used 395428K [0x0000000080000000, 0x0000000099280000, 0x00000000d5580000)
  object space 412160K, 95% used [0x0000000080000000,0x00000000982293e0,0x0000000099280000)
 Metaspace       used 80776K, committed 82112K, reserved 1179648K
  class space    used 8300K, committed 8896K, reserved 1048576K
}
Event: 165.120 GC heap after
{Heap after GC invocations=285 (full 11):
 PSYoungGen      total 12288K, used 3699K [0x00000000d5580000, 0x00000000d6680000, 0x0000000100000000)
  eden space 8192K, 0% used [0x00000000d5580000,0x00000000d5580000,0x00000000d5d80000)
  from space 4096K, 90% used [0x00000000d5d80000,0x00000000d611cc70,0x00000000d6180000)
  to   space 4096K, 0% used [0x00000000d6280000,0x00000000d6280000,0x00000000d6680000)
 ParOldGen       total 412160K, used 395460K [0x0000000080000000, 0x0000000099280000, 0x00000000d5580000)
  object space 412160K, 95% used [0x0000000080000000,0x00000000982313e0,0x0000000099280000)
 Metaspace       used 80776K, committed 82112K, reserved 1179648K
  class space    used 8300K, committed 8896K, reserved 1048576K
}
Event: 167.412 GC heap before
{Heap before GC invocations=286 (full 11):
 PSYoungGen      total 12288K, used 11891K [0x00000000d5580000, 0x00000000d6680000, 0x0000000100000000)
  eden space 8192K, 100% used [0x00000000d5580000,0x00000000d5d80000,0x00000000d5d80000)
  from space 4096K, 90% used [0x00000000d5d80000,0x00000000d611cc70,0x00000000d6180000)
  to   space 4096K, 0% used [0x00000000d6280000,0x00000000d6280000,0x00000000d6680000)
 ParOldGen       total 412160K, used 395460K [0x0000000080000000, 0x0000000099280000, 0x00000000d5580000)
  object space 412160K, 95% used [0x0000000080000000,0x00000000982313e0,0x0000000099280000)
 Metaspace       used 80854K, committed 82176K, reserved 1179648K
  class space    used 8302K, committed 8896K, reserved 1048576K
}
Event: 167.428 GC heap after
{Heap after GC invocations=286 (full 11):
 PSYoungGen      total 12288K, used 4084K [0x00000000d5580000, 0x00000000d6680000, 0x0000000100000000)
  eden space 8192K, 0% used [0x00000000d5580000,0x00000000d5580000,0x00000000d5d80000)
  from space 4096K, 99% used [0x00000000d6280000,0x00000000d667d0d0,0x00000000d6680000)
  to   space 4608K, 0% used [0x00000000d5d80000,0x00000000d5d80000,0x00000000d6200000)
 ParOldGen       total 412160K, used 395623K [0x0000000080000000, 0x0000000099280000, 0x00000000d5580000)
  object space 412160K, 95% used [0x0000000080000000,0x0000000098259fa0,0x0000000099280000)
 Metaspace       used 80854K, committed 82176K, reserved 1179648K
  class space    used 8302K, committed 8896K, reserved 1048576K
}
Event: 167.474 GC heap before
{Heap before GC invocations=287 (full 11):
 PSYoungGen      total 12288K, used 12276K [0x00000000d5580000, 0x00000000d6680000, 0x0000000100000000)
  eden space 8192K, 100% used [0x00000000d5580000,0x00000000d5d80000,0x00000000d5d80000)
  from space 4096K, 99% used [0x00000000d6280000,0x00000000d667d0d0,0x00000000d6680000)
  to   space 4608K, 0% used [0x00000000d5d80000,0x00000000d5d80000,0x00000000d6200000)
 ParOldGen       total 412160K, used 395623K [0x0000000080000000, 0x0000000099280000, 0x00000000d5580000)
  object space 412160K, 95% used [0x0000000080000000,0x0000000098259fa0,0x0000000099280000)
 Metaspace       used 80878K, committed 82240K, reserved 1179648K
  class space    used 8304K, committed 8896K, reserved 1048576K
}
Event: 167.480 GC heap after
{Heap after GC invocations=287 (full 11):
 PSYoungGen      total 12800K, used 4418K [0x00000000d5580000, 0x00000000d6680000, 0x0000000100000000)
  eden space 8192K, 0% used [0x00000000d5580000,0x00000000d5580000,0x00000000d5d80000)
  from space 4608K, 95% used [0x00000000d5d80000,0x00000000d61d0880,0x00000000d6200000)
  to   space 4608K, 0% used [0x00000000d6200000,0x00000000d6200000,0x00000000d6680000)
 ParOldGen       total 412160K, used 396715K [0x0000000080000000, 0x0000000099280000, 0x00000000d5580000)
  object space 412160K, 96% used [0x0000000080000000,0x000000009836af70,0x0000000099280000)
 Metaspace       used 80878K, committed 82240K, reserved 1179648K
  class space    used 8304K, committed 8896K, reserved 1048576K
}

