# JRE version: OpenJDK Runtime Environment Temurin-17.0.12+7 (17.0.12+7) (build 17.0.12+7)
# Java VM: OpenJDK 64-Bit Server VM Temurin-17.0.12+7 (17.0.12+7, mixed mode, tiered, compressed oops, compressed class ptrs, parallel gc, windows-amd64)
GC Precious Log:
 CPUs: 8 total, 8 available
 Memory: 3317M
 Large Page Support: Disabled
 NUMA Support: Disabled
 Compressed Oops: Enabled (32-bit)
 Alignments: Space 512K, Generation 512K, Heap 2M
 Heap Min Capacity: 100M
 Heap Initial Capacity: 100M
 Heap Max Capacity: 1G
 Pre-touch: Disabled
 Parallel Workers: 8
Heap:
 PSYoungGen      total 46592K, used 18050K [0x00000000eab00000, 0x00000000ee800000, 0x0000000100000000)
  eden space 31744K, 10% used [0x00000000eab00000,0x00000000eae27198,0x00000000eca00000)
  from space 14848K, 99% used [0x00000000eca80000,0x00000000ed8f9908,0x00000000ed900000)
  to   space 15360K, 0% used [0x00000000ed900000,0x00000000ed900000,0x00000000ee800000)
 ParOldGen       total 381952K, used 368841K [0x00000000c0000000, 0x00000000d7500000, 0x00000000eab00000)
  object space 381952K, 96% used [0x00000000c0000000,0x00000000d68325b0,0x00000000d7500000)
 Metaspace       used 79807K, committed 81088K, reserved 1179648K
  class space    used 8248K, committed 8768K, reserved 1048576K
GC Heap History (20 events):
Event: 98.363 GC heap before
{Heap before GC invocations=177 (full 10):
 PSYoungGen      total 63488K, used 63428K [0x00000000eab00000, 0x00000000f0400000, 0x0000000100000000)
  eden space 41984K, 100% used [0x00000000eab00000,0x00000000ed400000,0x00000000ed400000)
  from space 21504K, 99% used [0x00000000eef00000,0x00000000f03f12d0,0x00000000f0400000)
  to   space 22016K, 0% used [0x00000000ed900000,0x00000000ed900000,0x00000000eee80000)
 ParOldGen       total 381952K, used 334339K [0x00000000c0000000, 0x00000000d7500000, 0x00000000eab00000)
  object space 381952K, 87% used [0x00000000c0000000,0x00000000d4680fa8,0x00000000d7500000)
 Metaspace       used 78902K, committed 80128K, reserved 1179648K
  class space    used 8236K, committed 8768K, reserved 1048576K
}
Event: 98.439 GC heap after
{Heap after GC invocations=177 (full 10):
 PSYoungGen      total 62976K, used 21205K [0x00000000eab00000, 0x00000000efd80000, 0x0000000100000000)
  eden space 41472K, 0% used [0x00000000eab00000,0x00000000eab00000,0x00000000ed380000)
  from space 21504K, 98% used [0x00000000ed900000,0x00000000eedb54a0,0x00000000eee00000)
  to   space 15872K, 0% used [0x00000000eee00000,0x00000000eee00000,0x00000000efd80000)
 ParOldGen       total 381952K, used 334347K [0x00000000c0000000, 0x00000000d7500000, 0x00000000eab00000)
  object space 381952K, 87% used [0x00000000c0000000,0x00000000d4682fa8,0x00000000d7500000)
 Metaspace       used 78902K, committed 80128K, reserved 1179648K
  class space    used 8236K, committed 8768K, reserved 1048576K
}
Event: 100.714 GC heap before
{Heap before GC invocations=178 (full 10):
 PSYoungGen      total 62976K, used 62677K [0x00000000eab00000, 0x00000000efd80000, 0x0000000100000000)
  eden space 41472K, 100% used [0x00000000eab00000,0x00000000ed380000,0x00000000ed380000)
  from space 21504K, 98% used [0x00000000ed900000,0x00000000eedb54a0,0x00000000eee00000)
  to   space 15872K, 0% used [0x00000000eee00000,0x00000000eee00000,0x00000000efd80000)
 ParOldGen       total 381952K, used 334347K [0x00000000c0000000, 0x00000000d7500000, 0x00000000eab00000)
  object space 381952K, 87% used [0x00000000c0000000,0x00000000d4682fa8,0x00000000d7500000)
 Metaspace       used 79024K, committed 80256K, reserved 1179648K
  class space    used 8238K, committed 8768K, reserved 1048576K
}
Event: 100.802 GC heap after
{Heap after GC invocations=178 (full 10):
 PSYoungGen      total 56832K, used 15862K [0x00000000eab00000, 0x00000000efe00000, 0x0000000100000000)
  eden space 40960K, 0% used [0x00000000eab00000,0x00000000eab00000,0x00000000ed300000)
  from space 15872K, 99% used [0x00000000eee00000,0x00000000efd7d9d0,0x00000000efd80000)
  to   space 22016K, 0% used [0x00000000ed300000,0x00000000ed300000,0x00000000ee880000)
 ParOldGen       total 381952K, used 340335K [0x00000000c0000000, 0x00000000d7500000, 0x00000000eab00000)
  object space 381952K, 89% used [0x00000000c0000000,0x00000000d4c5bdb0,0x00000000d7500000)
 Metaspace       used 79024K, committed 80256K, reserved 1179648K
  class space    used 8238K, committed 8768K, reserved 1048576K
}
Event: 101.886 GC heap before
{Heap before GC invocations=179 (full 10):
 PSYoungGen      total 56832K, used 56822K [0x00000000eab00000, 0x00000000efe00000, 0x0000000100000000)
  eden space 40960K, 100% used [0x00000000eab00000,0x00000000ed300000,0x00000000ed300000)
  from space 15872K, 99% used [0x00000000eee00000,0x00000000efd7d9d0,0x00000000efd80000)
  to   space 22016K, 0% used [0x00000000ed300000,0x00000000ed300000,0x00000000ee880000)
 ParOldGen       total 381952K, used 340335K [0x00000000c0000000, 0x00000000d7500000, 0x00000000eab00000)
  object space 381952K, 89% used [0x00000000c0000000,0x00000000d4c5bdb0,0x00000000d7500000)
 Metaspace       used 79162K, committed 80448K, reserved 1179648K
  class space    used 8239K, committed 8768K, reserved 1048576K
}
Event: 101.913 GC heap after
{Heap after GC invocations=179 (full 10):
 PSYoungGen      total 44544K, used 3857K [0x00000000eab00000, 0x00000000eee80000, 0x0000000100000000)
  eden space 40448K, 0% used [0x00000000eab00000,0x00000000eab00000,0x00000000ed280000)
  from space 4096K, 94% used [0x00000000ed300000,0x00000000ed6c4508,0x00000000ed700000)
  to   space 10752K, 0% used [0x00000000ee400000,0x00000000ee400000,0x00000000eee80000)
 ParOldGen       total 381952K, used 353266K [0x00000000c0000000, 0x00000000d7500000, 0x00000000eab00000)
  object space 381952K, 92% used [0x00000000c0000000,0x00000000d58fc9e8,0x00000000d7500000)
 Metaspace       used 79162K, committed 80448K, reserved 1179648K
  class space    used 8239K, committed 8768K, reserved 1048576K
}
Event: 108.931 GC heap before
{Heap before GC invocations=180 (full 10):
 PSYoungGen      total 44544K, used 44305K [0x00000000eab00000, 0x00000000eee80000, 0x0000000100000000)
  eden space 40448K, 100% used [0x00000000eab00000,0x00000000ed280000,0x00000000ed280000)
  from space 4096K, 94% used [0x00000000ed300000,0x00000000ed6c4508,0x00000000ed700000)
  to   space 10752K, 0% used [0x00000000ee400000,0x00000000ee400000,0x00000000eee80000)
 ParOldGen       total 381952K, used 353266K [0x00000000c0000000, 0x00000000d7500000, 0x00000000eab00000)
  object space 381952K, 92% used [0x00000000c0000000,0x00000000d58fc9e8,0x00000000d7500000)
 Metaspace       used 79288K, committed 80576K, reserved 1179648K
  class space    used 8239K, committed 8768K, reserved 1048576K
}
Event: 108.997 GC heap after
{Heap after GC invocations=180 (full 10):
 PSYoungGen      total 44032K, used 4017K [0x00000000eab00000, 0x00000000ee800000, 0x0000000100000000)
  eden space 39936K, 0% used [0x00000000eab00000,0x00000000eab00000,0x00000000ed200000)
  from space 4096K, 98% used [0x00000000ee400000,0x00000000ee7ec568,0x00000000ee800000)
  to   space 5120K, 0% used [0x00000000ede00000,0x00000000ede00000,0x00000000ee300000)
 ParOldGen       total 381952K, used 353274K [0x00000000c0000000, 0x00000000d7500000, 0x00000000eab00000)
  object space 381952K, 92% used [0x00000000c0000000,0x00000000d58fe9e8,0x00000000d7500000)
 Metaspace       used 79288K, committed 80576K, reserved 1179648K
  class space    used 8239K, committed 8768K, reserved 1048576K
}
Event: 119.456 GC heap before
{Heap before GC invocations=181 (full 10):
 PSYoungGen      total 44032K, used 43953K [0x00000000eab00000, 0x00000000ee800000, 0x0000000100000000)
  eden space 39936K, 100% used [0x00000000eab00000,0x00000000ed200000,0x00000000ed200000)
  from space 4096K, 98% used [0x00000000ee400000,0x00000000ee7ec568,0x00000000ee800000)
  to   space 5120K, 0% used [0x00000000ede00000,0x00000000ede00000,0x00000000ee300000)
 ParOldGen       total 381952K, used 353274K [0x00000000c0000000, 0x00000000d7500000, 0x00000000eab00000)
  object space 381952K, 92% used [0x00000000c0000000,0x00000000d58fe9e8,0x00000000d7500000)
 Metaspace       used 79367K, committed 80640K, reserved 1179648K
  class space    used 8240K, committed 8768K, reserved 1048576K
}
Event: 119.545 GC heap after
{Heap after GC invocations=181 (full 10):
 PSYoungGen      total 44544K, used 5088K [0x00000000eab00000, 0x00000000ee480000, 0x0000000100000000)
  eden space 39424K, 0% used [0x00000000eab00000,0x00000000eab00000,0x00000000ed180000)
  from space 5120K, 99% used [0x00000000ede00000,0x00000000ee2f8140,0x00000000ee300000)
  to   space 1536K, 0% used [0x00000000ee300000,0x00000000ee300000,0x00000000ee480000)
 ParOldGen       total 381952K, used 354118K [0x00000000c0000000, 0x00000000d7500000, 0x00000000eab00000)
  object space 381952K, 92% used [0x00000000c0000000,0x00000000d59d1a38,0x00000000d7500000)
 Metaspace       used 79367K, committed 80640K, reserved 1179648K
  class space    used 8240K, committed 8768K, reserved 1048576K
}
Event: 122.013 GC heap before
{Heap before GC invocations=182 (full 10):
 PSYoungGen      total 44544K, used 44512K [0x00000000eab00000, 0x00000000ee480000, 0x0000000100000000)
  eden space 39424K, 100% used [0x00000000eab00000,0x00000000ed180000,0x00000000ed180000)
  from space 5120K, 99% used [0x00000000ede00000,0x00000000ee2f8140,0x00000000ee300000)
  to   space 1536K, 0% used [0x00000000ee300000,0x00000000ee300000,0x00000000ee480000)
 ParOldGen       total 381952K, used 354118K [0x00000000c0000000, 0x00000000d7500000, 0x00000000eab00000)
  object space 381952K, 92% used [0x00000000c0000000,0x00000000d59d1a38,0x00000000d7500000)
 Metaspace       used 79508K, committed 80768K, reserved 1179648K
  class space    used 8240K, committed 8768K, reserved 1048576K
}
Event: 122.045 GC heap after
{Heap after GC invocations=182 (full 10):
 PSYoungGen      total 40448K, used 1504K [0x00000000eab00000, 0x00000000ee480000, 0x0000000100000000)
  eden space 38912K, 0% used [0x00000000eab00000,0x00000000eab00000,0x00000000ed100000)
  from space 1536K, 97% used [0x00000000ee300000,0x00000000ee478020,0x00000000ee480000)
  to   space 6144K, 0% used [0x00000000ed880000,0x00000000ed880000,0x00000000ede80000)
 ParOldGen       total 381952K, used 358455K [0x00000000c0000000, 0x00000000d7500000, 0x00000000eab00000)
  object space 381952K, 93% used [0x00000000c0000000,0x00000000d5e0dcd0,0x00000000d7500000)
 Metaspace       used 79508K, committed 80768K, reserved 1179648K
  class space    used 8240K, committed 8768K, reserved 1048576K
}
Event: 162.828 GC heap before
{Heap before GC invocations=183 (full 10):
 PSYoungGen      total 40448K, used 40416K [0x00000000eab00000, 0x00000000ee480000, 0x0000000100000000)
  eden space 38912K, 100% used [0x00000000eab00000,0x00000000ed100000,0x00000000ed100000)
  from space 1536K, 97% used [0x00000000ee300000,0x00000000ee478020,0x00000000ee480000)
  to   space 6144K, 0% used [0x00000000ed880000,0x00000000ed880000,0x00000000ede80000)
 ParOldGen       total 381952K, used 358455K [0x00000000c0000000, 0x00000000d7500000, 0x00000000eab00000)
  object space 381952K, 93% used [0x00000000c0000000,0x00000000d5e0dcd0,0x00000000d7500000)
 Metaspace       used 79708K, committed 80960K, reserved 1179648K
  class space    used 8247K, committed 8768K, reserved 1048576K
}
Event: 163.055 GC heap after
{Heap after GC invocations=183 (full 10):
 PSYoungGen      total 44544K, used 3899K [0x00000000eab00000, 0x00000000ee380000, 0x0000000100000000)
  eden space 38400K, 0% used [0x00000000eab00000,0x00000000eab00000,0x00000000ed080000)
  from space 6144K, 63% used [0x00000000ed880000,0x00000000edc4ec88,0x00000000ede80000)
  to   space 5120K, 0% used [0x00000000ede80000,0x00000000ede80000,0x00000000ee380000)
 ParOldGen       total 381952K, used 359164K [0x00000000c0000000, 0x00000000d7500000, 0x00000000eab00000)
  object space 381952K, 94% used [0x00000000c0000000,0x00000000d5ebf0e8,0x00000000d7500000)
 Metaspace       used 79708K, committed 80960K, reserved 1179648K
  class space    used 8247K, committed 8768K, reserved 1048576K
}
Event: 163.995 GC heap before
{Heap before GC invocations=184 (full 10):
 PSYoungGen      total 44544K, used 42299K [0x00000000eab00000, 0x00000000ee380000, 0x0000000100000000)
  eden space 38400K, 100% used [0x00000000eab00000,0x00000000ed080000,0x00000000ed080000)
  from space 6144K, 63% used [0x00000000ed880000,0x00000000edc4ec88,0x00000000ede80000)
  to   space 5120K, 0% used [0x00000000ede80000,0x00000000ede80000,0x00000000ee380000)
 ParOldGen       total 381952K, used 359164K [0x00000000c0000000, 0x00000000d7500000, 0x00000000eab00000)
  object space 381952K, 94% used [0x00000000c0000000,0x00000000d5ebf0e8,0x00000000d7500000)
 Metaspace       used 79718K, committed 80960K, reserved 1179648K
  class space    used 8247K, committed 8768K, reserved 1048576K
}
Event: 164.040 GC heap after
{Heap after GC invocations=184 (full 10):
 PSYoungGen      total 43008K, used 5104K [0x00000000eab00000, 0x00000000ee700000, 0x0000000100000000)
  eden space 37888K, 0% used [0x00000000eab00000,0x00000000eab00000,0x00000000ed000000)
  from space 5120K, 99% used [0x00000000ede80000,0x00000000ee37c0b0,0x00000000ee380000)
  to   space 11776K, 0% used [0x00000000ed000000,0x00000000ed000000,0x00000000edb80000)
 ParOldGen       total 381952K, used 364364K [0x00000000c0000000, 0x00000000d7500000, 0x00000000eab00000)
  object space 381952K, 95% used [0x00000000c0000000,0x00000000d63d30f0,0x00000000d7500000)
 Metaspace       used 79718K, committed 80960K, reserved 1179648K
  class space    used 8247K, committed 8768K, reserved 1048576K
}
Event: 164.469 GC heap before
{Heap before GC invocations=185 (full 10):
 PSYoungGen      total 43008K, used 42992K [0x00000000eab00000, 0x00000000ee700000, 0x0000000100000000)
  eden space 37888K, 100% used [0x00000000eab00000,0x00000000ed000000,0x00000000ed000000)
  from space 5120K, 99% used [0x00000000ede80000,0x00000000ee37c0b0,0x00000000ee380000)
  to   space 11776K, 0% used [0x00000000ed000000,0x00000000ed000000,0x00000000edb80000)
 ParOldGen       total 381952K, used 364364K [0x00000000c0000000, 0x00000000d7500000, 0x00000000eab00000)
  object space 381952K, 95% used [0x00000000c0000000,0x00000000d63d30f0,0x00000000d7500000)
 Metaspace       used 79728K, committed 81024K, reserved 1179648K
  class space    used 8248K, committed 8768K, reserved 1048576K
}
Event: 164.517 GC heap after
{Heap after GC invocations=185 (full 10):
 PSYoungGen      total 48128K, used 10656K [0x00000000eab00000, 0x00000000ee580000, 0x0000000100000000)
  eden space 37376K, 0% used [0x00000000eab00000,0x00000000eab00000,0x00000000ecf80000)
  from space 10752K, 99% used [0x00000000ed000000,0x00000000eda680d8,0x00000000eda80000)
  to   space 11264K, 0% used [0x00000000eda80000,0x00000000eda80000,0x00000000ee580000)
 ParOldGen       total 381952K, used 364412K [0x00000000c0000000, 0x00000000d7500000, 0x00000000eab00000)
  object space 381952K, 95% used [0x00000000c0000000,0x00000000d63df0f0,0x00000000d7500000)
 Metaspace       used 79728K, committed 81024K, reserved 1179648K
  class space    used 8248K, committed 8768K, reserved 1048576K
}
Event: 164.807 GC heap before
{Heap before GC invocations=186 (full 10):
 PSYoungGen      total 48128K, used 48032K [0x00000000eab00000, 0x00000000ee580000, 0x0000000100000000)
  eden space 37376K, 100% used [0x00000000eab00000,0x00000000ecf80000,0x00000000ecf80000)
  from space 10752K, 99% used [0x00000000ed000000,0x00000000eda680d8,0x00000000eda80000)
  to   space 11264K, 0% used [0x00000000eda80000,0x00000000eda80000,0x00000000ee580000)
 ParOldGen       total 381952K, used 364412K [0x00000000c0000000, 0x00000000d7500000, 0x00000000eab00000)
  object space 381952K, 95% used [0x00000000c0000000,0x00000000d63df0f0,0x00000000d7500000)
 Metaspace       used 79754K, committed 81024K, reserved 1179648K
  class space    used 8248K, committed 8768K, reserved 1048576K
}
Event: 164.832 GC heap after
{Heap after GC invocations=186 (full 10):
 PSYoungGen      total 43520K, used 11254K [0x00000000eab00000, 0x00000000eef00000, 0x0000000100000000)
  eden space 32256K, 0% used [0x00000000eab00000,0x00000000eab00000,0x00000000eca80000)
  from space 11264K, 99% used [0x00000000eda80000,0x00000000ee57d8e8,0x00000000ee580000)
  to   space 16384K, 0% used [0x00000000eca80000,0x00000000eca80000,0x00000000eda80000)
 ParOldGen       total 381952K, used 368525K [0x00000000c0000000, 0x00000000d7500000, 0x00000000eab00000)
  object space 381952K, 96% used [0x00000000c0000000,0x00000000d67e35a0,0x00000000d7500000)
 Metaspace       used 79754K, committed 81024K, reserved 1179648K
  class space    used 8248K, committed 8768K, reserved 1048576K
}

