# JRE version: OpenJDK Runtime Environment Temurin-17.0.12+7 (17.0.12+7) (build 17.0.12+7)
# Java VM: OpenJDK 64-Bit Server VM Temurin-17.0.12+7 (17.0.12+7, mixed mode, tiered, compressed oops, compressed class ptrs, parallel gc, windows-amd64)
GC Precious Log:
 CPUs: 8 total, 8 available
 Memory: 3317M
 Large Page Support: Disabled
 NUMA Support: Disabled
 Compressed Oops: Enabled (32-bit)
 Alignments: Space 512K, Generation 512K, Heap 2M
 Heap Min Capacity: 100M
 Heap Initial Capacity: 100M
 Heap Max Capacity: 1G
 Pre-touch: Disabled
 Parallel Workers: 8
Heap:
 PSYoungGen      total 24064K, used 10948K [0x00000000eab00000, 0x00000000ed000000, 0x0000000100000000)
  eden space 16896K, 22% used [0x00000000eab00000,0x00000000eaeb2530,0x00000000ebb80000)
  from space 7168K, 99% used [0x00000000ebb80000,0x00000000ec27ec70,0x00000000ec280000)
  to   space 10240K, 0% used [0x00000000ec600000,0x00000000ec600000,0x00000000ed000000)
 ParOldGen       total 268288K, used 198469K [0x00000000c0000000, 0x00000000d0600000, 0x00000000eab00000)
  object space 268288K, 73% used [0x00000000c0000000,0x00000000cc1d17a8,0x00000000d0600000)
 Metaspace       used 73074K, committed 74432K, reserved 1179648K
  class space    used 7808K, committed 8448K, reserved 1048576K
GC Heap History (20 events):
Event: 20.413 GC heap before
{Heap before GC invocations=122 (full 7):
 PSYoungGen      total 16384K, used 10240K [0x00000000eab00000, 0x00000000ec100000, 0x0000000100000000)
  eden space 10240K, 100% used [0x00000000eab00000,0x00000000eb500000,0x00000000eb500000)
  from space 6144K, 0% used [0x00000000ebb00000,0x00000000ebb00000,0x00000000ec100000)
  to   space 6144K, 0% used [0x00000000eb500000,0x00000000eb500000,0x00000000ebb00000)
 ParOldGen       total 268288K, used 175787K [0x00000000c0000000, 0x00000000d0600000, 0x00000000eab00000)
  object space 268288K, 65% used [0x00000000c0000000,0x00000000cabaaed0,0x00000000d0600000)
 Metaspace       used 73073K, committed 74432K, reserved 1179648K
  class space    used 7808K, committed 8448K, reserved 1048576K
}
Event: 20.418 GC heap after
{Heap after GC invocations=122 (full 7):
 PSYoungGen      total 12800K, used 2386K [0x00000000eab00000, 0x00000000ebd00000, 0x0000000100000000)
  eden space 10240K, 0% used [0x00000000eab00000,0x00000000eab00000,0x00000000eb500000)
  from space 2560K, 93% used [0x00000000eb500000,0x00000000eb754808,0x00000000eb780000)
  to   space 3584K, 0% used [0x00000000eb980000,0x00000000eb980000,0x00000000ebd00000)
 ParOldGen       total 268288K, used 175787K [0x00000000c0000000, 0x00000000d0600000, 0x00000000eab00000)
  object space 268288K, 65% used [0x00000000c0000000,0x00000000cabaaed0,0x00000000d0600000)
 Metaspace       used 73073K, committed 74432K, reserved 1179648K
  class space    used 7808K, committed 8448K, reserved 1048576K
}
Event: 20.446 GC heap before
{Heap before GC invocations=123 (full 7):
 PSYoungGen      total 12800K, used 12626K [0x00000000eab00000, 0x00000000ebd00000, 0x0000000100000000)
  eden space 10240K, 100% used [0x00000000eab00000,0x00000000eb500000,0x00000000eb500000)
  from space 2560K, 93% used [0x00000000eb500000,0x00000000eb754808,0x00000000eb780000)
  to   space 3584K, 0% used [0x00000000eb980000,0x00000000eb980000,0x00000000ebd00000)
 ParOldGen       total 268288K, used 175787K [0x00000000c0000000, 0x00000000d0600000, 0x00000000eab00000)
  object space 268288K, 65% used [0x00000000c0000000,0x00000000cabaaed0,0x00000000d0600000)
 Metaspace       used 73073K, committed 74432K, reserved 1179648K
  class space    used 7808K, committed 8448K, reserved 1048576K
}
Event: 20.449 GC heap after
{Heap after GC invocations=123 (full 7):
 PSYoungGen      total 13312K, used 3552K [0x00000000eab00000, 0x00000000ec000000, 0x0000000100000000)
  eden space 9728K, 0% used [0x00000000eab00000,0x00000000eab00000,0x00000000eb480000)
  from space 3584K, 99% used [0x00000000eb980000,0x00000000ebcf8240,0x00000000ebd00000)
  to   space 5120K, 0% used [0x00000000eb480000,0x00000000eb480000,0x00000000eb980000)
 ParOldGen       total 268288K, used 176921K [0x00000000c0000000, 0x00000000d0600000, 0x00000000eab00000)
  object space 268288K, 65% used [0x00000000c0000000,0x00000000cacc6598,0x00000000d0600000)
 Metaspace       used 73073K, committed 74432K, reserved 1179648K
  class space    used 7808K, committed 8448K, reserved 1048576K
}
Event: 20.483 GC heap before
{Heap before GC invocations=124 (full 7):
 PSYoungGen      total 13312K, used 13280K [0x00000000eab00000, 0x00000000ec000000, 0x0000000100000000)
  eden space 9728K, 100% used [0x00000000eab00000,0x00000000eb480000,0x00000000eb480000)
  from space 3584K, 99% used [0x00000000eb980000,0x00000000ebcf8240,0x00000000ebd00000)
  to   space 5120K, 0% used [0x00000000eb480000,0x00000000eb480000,0x00000000eb980000)
 ParOldGen       total 268288K, used 176921K [0x00000000c0000000, 0x00000000d0600000, 0x00000000eab00000)
  object space 268288K, 65% used [0x00000000c0000000,0x00000000cacc6598,0x00000000d0600000)
 Metaspace       used 73073K, committed 74432K, reserved 1179648K
  class space    used 7808K, committed 8448K, reserved 1048576K
}
Event: 20.486 GC heap after
{Heap after GC invocations=124 (full 7):
 PSYoungGen      total 14848K, used 5103K [0x00000000eab00000, 0x00000000ec180000, 0x0000000100000000)
  eden space 9728K, 0% used [0x00000000eab00000,0x00000000eab00000,0x00000000eb480000)
  from space 5120K, 99% used [0x00000000eb480000,0x00000000eb97bc68,0x00000000eb980000)
  to   space 6144K, 0% used [0x00000000ebb80000,0x00000000ebb80000,0x00000000ec180000)
 ParOldGen       total 268288K, used 177491K [0x00000000c0000000, 0x00000000d0600000, 0x00000000eab00000)
  object space 268288K, 66% used [0x00000000c0000000,0x00000000cad54f28,0x00000000d0600000)
 Metaspace       used 73073K, committed 74432K, reserved 1179648K
  class space    used 7808K, committed 8448K, reserved 1048576K
}
Event: 20.515 GC heap before
{Heap before GC invocations=125 (full 7):
 PSYoungGen      total 14848K, used 14831K [0x00000000eab00000, 0x00000000ec180000, 0x0000000100000000)
  eden space 9728K, 100% used [0x00000000eab00000,0x00000000eb480000,0x00000000eb480000)
  from space 5120K, 99% used [0x00000000eb480000,0x00000000eb97bc68,0x00000000eb980000)
  to   space 6144K, 0% used [0x00000000ebb80000,0x00000000ebb80000,0x00000000ec180000)
 ParOldGen       total 268288K, used 177491K [0x00000000c0000000, 0x00000000d0600000, 0x00000000eab00000)
  object space 268288K, 66% used [0x00000000c0000000,0x00000000cad54f28,0x00000000d0600000)
 Metaspace       used 73073K, committed 74432K, reserved 1179648K
  class space    used 7808K, committed 8448K, reserved 1048576K
}
Event: 20.520 GC heap after
{Heap after GC invocations=125 (full 7):
 PSYoungGen      total 15360K, used 4156K [0x00000000eab00000, 0x00000000ec000000, 0x0000000100000000)
  eden space 10752K, 0% used [0x00000000eab00000,0x00000000eab00000,0x00000000eb580000)
  from space 4608K, 90% used [0x00000000ebb80000,0x00000000ebf8f0e8,0x00000000ec000000)
  to   space 5120K, 0% used [0x00000000eb600000,0x00000000eb600000,0x00000000ebb00000)
 ParOldGen       total 268288K, used 180555K [0x00000000c0000000, 0x00000000d0600000, 0x00000000eab00000)
  object space 268288K, 67% used [0x00000000c0000000,0x00000000cb052c40,0x00000000d0600000)
 Metaspace       used 73073K, committed 74432K, reserved 1179648K
  class space    used 7808K, committed 8448K, reserved 1048576K
}
Event: 20.550 GC heap before
{Heap before GC invocations=126 (full 7):
 PSYoungGen      total 15360K, used 14908K [0x00000000eab00000, 0x00000000ec000000, 0x0000000100000000)
  eden space 10752K, 100% used [0x00000000eab00000,0x00000000eb580000,0x00000000eb580000)
  from space 4608K, 90% used [0x00000000ebb80000,0x00000000ebf8f0e8,0x00000000ec000000)
  to   space 5120K, 0% used [0x00000000eb600000,0x00000000eb600000,0x00000000ebb00000)
 ParOldGen       total 268288K, used 180555K [0x00000000c0000000, 0x00000000d0600000, 0x00000000eab00000)
  object space 268288K, 67% used [0x00000000c0000000,0x00000000cb052c40,0x00000000d0600000)
 Metaspace       used 73073K, committed 74432K, reserved 1179648K
  class space    used 7808K, committed 8448K, reserved 1048576K
}
Event: 20.554 GC heap after
{Heap after GC invocations=126 (full 7):
 PSYoungGen      total 16384K, used 5098K [0x00000000eab00000, 0x00000000ec580000, 0x0000000100000000)
  eden space 11264K, 0% used [0x00000000eab00000,0x00000000eab00000,0x00000000eb600000)
  from space 5120K, 99% used [0x00000000eb600000,0x00000000ebafa930,0x00000000ebb00000)
  to   space 7680K, 0% used [0x00000000ebe00000,0x00000000ebe00000,0x00000000ec580000)
 ParOldGen       total 268288K, used 182223K [0x00000000c0000000, 0x00000000d0600000, 0x00000000eab00000)
  object space 268288K, 67% used [0x00000000c0000000,0x00000000cb1f3f80,0x00000000d0600000)
 Metaspace       used 73073K, committed 74432K, reserved 1179648K
  class space    used 7808K, committed 8448K, reserved 1048576K
}
Event: 20.589 GC heap before
{Heap before GC invocations=127 (full 7):
 PSYoungGen      total 16384K, used 16362K [0x00000000eab00000, 0x00000000ec580000, 0x0000000100000000)
  eden space 11264K, 100% used [0x00000000eab00000,0x00000000eb600000,0x00000000eb600000)
  from space 5120K, 99% used [0x00000000eb600000,0x00000000ebafa930,0x00000000ebb00000)
  to   space 7680K, 0% used [0x00000000ebe00000,0x00000000ebe00000,0x00000000ec580000)
 ParOldGen       total 268288K, used 182223K [0x00000000c0000000, 0x00000000d0600000, 0x00000000eab00000)
  object space 268288K, 67% used [0x00000000c0000000,0x00000000cb1f3f80,0x00000000d0600000)
 Metaspace       used 73073K, committed 74432K, reserved 1179648K
  class space    used 7808K, committed 8448K, reserved 1048576K
}
Event: 20.594 GC heap after
{Heap after GC invocations=127 (full 7):
 PSYoungGen      total 17408K, used 4746K [0x00000000eab00000, 0x00000000ec300000, 0x0000000100000000)
  eden space 12288K, 0% used [0x00000000eab00000,0x00000000eab00000,0x00000000eb700000)
  from space 5120K, 92% used [0x00000000ebe00000,0x00000000ec2a2868,0x00000000ec300000)
  to   space 5632K, 0% used [0x00000000eb800000,0x00000000eb800000,0x00000000ebd80000)
 ParOldGen       total 268288K, used 185192K [0x00000000c0000000, 0x00000000d0600000, 0x00000000eab00000)
  object space 268288K, 69% used [0x00000000c0000000,0x00000000cb4da3c0,0x00000000d0600000)
 Metaspace       used 73073K, committed 74432K, reserved 1179648K
  class space    used 7808K, committed 8448K, reserved 1048576K
}
Event: 20.637 GC heap before
{Heap before GC invocations=128 (full 7):
 PSYoungGen      total 17408K, used 17034K [0x00000000eab00000, 0x00000000ec300000, 0x0000000100000000)
  eden space 12288K, 100% used [0x00000000eab00000,0x00000000eb700000,0x00000000eb700000)
  from space 5120K, 92% used [0x00000000ebe00000,0x00000000ec2a2868,0x00000000ec300000)
  to   space 5632K, 0% used [0x00000000eb800000,0x00000000eb800000,0x00000000ebd80000)
 ParOldGen       total 268288K, used 185192K [0x00000000c0000000, 0x00000000d0600000, 0x00000000eab00000)
  object space 268288K, 69% used [0x00000000c0000000,0x00000000cb4da3c0,0x00000000d0600000)
 Metaspace       used 73074K, committed 74432K, reserved 1179648K
  class space    used 7808K, committed 8448K, reserved 1048576K
}
Event: 20.641 GC heap after
{Heap after GC invocations=128 (full 7):
 PSYoungGen      total 18944K, used 5619K [0x00000000eab00000, 0x00000000ec700000, 0x0000000100000000)
  eden space 13312K, 0% used [0x00000000eab00000,0x00000000eab00000,0x00000000eb800000)
  from space 5632K, 99% used [0x00000000eb800000,0x00000000ebd7cd08,0x00000000ebd80000)
  to   space 7680K, 0% used [0x00000000ebf80000,0x00000000ebf80000,0x00000000ec700000)
 ParOldGen       total 268288K, used 186801K [0x00000000c0000000, 0x00000000d0600000, 0x00000000eab00000)
  object space 268288K, 69% used [0x00000000c0000000,0x00000000cb66c508,0x00000000d0600000)
 Metaspace       used 73074K, committed 74432K, reserved 1179648K
  class space    used 7808K, committed 8448K, reserved 1048576K
}
Event: 20.686 GC heap before
{Heap before GC invocations=129 (full 7):
 PSYoungGen      total 18944K, used 18931K [0x00000000eab00000, 0x00000000ec700000, 0x0000000100000000)
  eden space 13312K, 100% used [0x00000000eab00000,0x00000000eb800000,0x00000000eb800000)
  from space 5632K, 99% used [0x00000000eb800000,0x00000000ebd7cd08,0x00000000ebd80000)
  to   space 7680K, 0% used [0x00000000ebf80000,0x00000000ebf80000,0x00000000ec700000)
 ParOldGen       total 268288K, used 186801K [0x00000000c0000000, 0x00000000d0600000, 0x00000000eab00000)
  object space 268288K, 69% used [0x00000000c0000000,0x00000000cb66c508,0x00000000d0600000)
 Metaspace       used 73074K, committed 74432K, reserved 1179648K
  class space    used 7808K, committed 8448K, reserved 1048576K
}
Event: 20.692 GC heap after
{Heap after GC invocations=129 (full 7):
 PSYoungGen      total 20992K, used 5231K [0x00000000eab00000, 0x00000000ec580000, 0x0000000100000000)
  eden space 14848K, 0% used [0x00000000eab00000,0x00000000eab00000,0x00000000eb980000)
  from space 6144K, 85% used [0x00000000ebf80000,0x00000000ec49bdc8,0x00000000ec580000)
  to   space 6144K, 0% used [0x00000000eb980000,0x00000000eb980000,0x00000000ebf80000)
 ParOldGen       total 268288K, used 190225K [0x00000000c0000000, 0x00000000d0600000, 0x00000000eab00000)
  object space 268288K, 70% used [0x00000000c0000000,0x00000000cb9c46b0,0x00000000d0600000)
 Metaspace       used 73074K, committed 74432K, reserved 1179648K
  class space    used 7808K, committed 8448K, reserved 1048576K
}
Event: 20.837 GC heap before
{Heap before GC invocations=130 (full 7):
 PSYoungGen      total 20992K, used 20079K [0x00000000eab00000, 0x00000000ec580000, 0x0000000100000000)
  eden space 14848K, 100% used [0x00000000eab00000,0x00000000eb980000,0x00000000eb980000)
  from space 6144K, 85% used [0x00000000ebf80000,0x00000000ec49bdc8,0x00000000ec580000)
  to   space 6144K, 0% used [0x00000000eb980000,0x00000000eb980000,0x00000000ebf80000)
 ParOldGen       total 268288K, used 190225K [0x00000000c0000000, 0x00000000d0600000, 0x00000000eab00000)
  object space 268288K, 70% used [0x00000000c0000000,0x00000000cb9c46b0,0x00000000d0600000)
 Metaspace       used 73074K, committed 74432K, reserved 1179648K
  class space    used 7808K, committed 8448K, reserved 1048576K
}
Event: 20.843 GC heap after
{Heap after GC invocations=130 (full 7):
 PSYoungGen      total 20992K, used 6127K [0x00000000eab00000, 0x00000000ecc80000, 0x0000000100000000)
  eden space 14848K, 0% used [0x00000000eab00000,0x00000000eab00000,0x00000000eb980000)
  from space 6144K, 99% used [0x00000000eb980000,0x00000000ebf7beb0,0x00000000ebf80000)
  to   space 9216K, 0% used [0x00000000ec380000,0x00000000ec380000,0x00000000ecc80000)
 ParOldGen       total 268288K, used 192532K [0x00000000c0000000, 0x00000000d0600000, 0x00000000eab00000)
  object space 268288K, 71% used [0x00000000c0000000,0x00000000cbc05080,0x00000000d0600000)
 Metaspace       used 73074K, committed 74432K, reserved 1179648K
  class space    used 7808K, committed 8448K, reserved 1048576K
}
Event: 20.956 GC heap before
{Heap before GC invocations=131 (full 7):
 PSYoungGen      total 20992K, used 20975K [0x00000000eab00000, 0x00000000ecc80000, 0x0000000100000000)
  eden space 14848K, 100% used [0x00000000eab00000,0x00000000eb980000,0x00000000eb980000)
  from space 6144K, 99% used [0x00000000eb980000,0x00000000ebf7beb0,0x00000000ebf80000)
  to   space 9216K, 0% used [0x00000000ec380000,0x00000000ec380000,0x00000000ecc80000)
 ParOldGen       total 268288K, used 192532K [0x00000000c0000000, 0x00000000d0600000, 0x00000000eab00000)
  object space 268288K, 71% used [0x00000000c0000000,0x00000000cbc05080,0x00000000d0600000)
 Metaspace       used 73074K, committed 74432K, reserved 1179648K
  class space    used 7808K, committed 8448K, reserved 1048576K
}
Event: 20.964 GC heap after
{Heap after GC invocations=131 (full 7):
 PSYoungGen      total 22016K, used 6097K [0x00000000eab00000, 0x00000000ec980000, 0x0000000100000000)
  eden space 15872K, 0% used [0x00000000eab00000,0x00000000eab00000,0x00000000eba80000)
  from space 6144K, 99% used [0x00000000ec380000,0x00000000ec974688,0x00000000ec980000)
  to   space 7168K, 0% used [0x00000000ebb80000,0x00000000ebb80000,0x00000000ec280000)
 ParOldGen       total 268288K, used 196203K [0x00000000c0000000, 0x00000000d0600000, 0x00000000eab00000)
  object space 268288K, 73% used [0x00000000c0000000,0x00000000cbf9aca8,0x00000000d0600000)
 Metaspace       used 73074K, committed 74432K, reserved 1179648K
  class space    used 7808K, committed 8448K, reserved 1048576K
}

